<?xml version="1.0" encoding="UTF-8"?>
<testng-results skipped="0" failed="190" total="223" passed="33">
  <reporter-output>
  </reporter-output>
  <suite name="Ad-show-test" duration-ms="258745" started-at="2017-05-24T18:37:59Z" finished-at="2017-05-24T18:42:18Z">
    <groups>
    </groups>
    <test name="TestMethods" duration-ms="258745" started-at="2017-05-24T18:37:59Z" finished-at="2017-05-24T18:42:18Z">
      <class name="com.letv.ads.util.AutoTest">
        <test-method status="PASS" signature="beforeSuite()[pri:0, instance:com.letv.ads.util.AutoTest@74294adb]" name="beforeSuite" is-config="true" duration-ms="24" started-at="2017-05-24T18:37:59Z" finished-at="2017-05-24T18:37:59Z">
        </test-method> <!-- beforeSuite -->
        <test-method status="FAIL" signature="test()[pri:0, instance:com.letv.ads.util.AutoTest@103f852]" name="test" duration-ms="1963" started-at="2017-05-24T18:37:59Z" description="测试用例" finished-at="2017-05-24T18:38:01Z">
          <exception class="java.lang.AssertionError">
            <message>
              <![CDATA[[[public-pbgg-011]屏保广告011]测试未通过，部分字段未通过验证！ expected:<ok> but was:<测试用例：[[public-pbgg-011]屏保广告011]字段校验失败！-----[/VAST/Ad[1]/@order_item_id]的期望值是----2  实际值是---->]]>
            </message>
            <full-stacktrace>
              <![CDATA[java.lang.AssertionError: [[public-pbgg-011]屏保广告011]测试未通过，部分字段未通过验证！ expected:<ok> but was:<测试用例：[[public-pbgg-011]屏保广告011]字段校验失败！-----[/VAST/Ad[1]/@order_item_id]的期望值是----2  实际值是---->
	at org.testng.Assert.fail(Assert.java:89)
	at org.testng.Assert.failNotEquals(Assert.java:489)
	at org.testng.Assert.assertEquals(Assert.java:118)
	at org.testng.Assert.assertEquals(Assert.java:171)
	at com.letv.ads.util.AutoTest.test(Unknown Source)
	at sun.reflect.NativeMethodAccessorImpl.invoke0(Native Method)
	at sun.reflect.NativeMethodAccessorImpl.invoke(Unknown Source)
	at sun.reflect.DelegatingMethodAccessorImpl.invoke(Unknown Source)
	at java.lang.reflect.Method.invoke(Unknown Source)
	at org.testng.internal.MethodInvocationHelper.invokeMethod(MethodInvocationHelper.java:80)
	at org.testng.internal.Invoker.invokeMethod(Invoker.java:702)
	at org.testng.internal.Invoker.invokeTestMethod(Invoker.java:894)
	at org.testng.internal.Invoker.invokeTestMethods(Invoker.java:1219)
	at org.testng.internal.TestMethodWorker.invokeTestMethods(TestMethodWorker.java:127)
	at org.testng.internal.TestMethodWorker.run(TestMethodWorker.java:111)
	at org.testng.TestRunner.privateRun(TestRunner.java:768)
	at org.testng.TestRunner.run(TestRunner.java:617)
	at org.testng.SuiteRunner.runTest(SuiteRunner.java:334)
	at org.testng.SuiteRunner.runSequentially(SuiteRunner.java:329)
	at org.testng.SuiteRunner.privateRun(SuiteRunner.java:291)
	at org.testng.SuiteRunner.run(SuiteRunner.java:240)
	at org.testng.SuiteRunnerWorker.runSuite(SuiteRunnerWorker.java:53)
	at org.testng.SuiteRunnerWorker.run(SuiteRunnerWorker.java:87)
	at org.testng.TestNG.runSuitesSequentially(TestNG.java:1188)
	at org.testng.TestNG.runSuitesLocally(TestNG.java:1113)
	at org.testng.TestNG.run(TestNG.java:1025)
	at org.testng.TestNG.privateMain(TestNG.java:1328)
	at org.testng.TestNG.main(TestNG.java:1297)
]]>
            </full-stacktrace>
          </exception> <!-- java.lang.AssertionError -->
        </test-method> <!-- test -->
        <test-method status="FAIL" signature="test()[pri:0, instance:com.letv.ads.util.AutoTest@1060b431]" name="test" duration-ms="1056" started-at="2017-05-24T18:38:01Z" description="测试用例" finished-at="2017-05-24T18:38:02Z">
          <exception class="java.lang.AssertionError">
            <message>
              <![CDATA[[[public-dtsc-016]短视频广告时长动态配置016]测试未通过，部分字段未通过验证！ expected:<ok> but was:<测试用例：[[public-dtsc-016]短视频广告时长动态配置016]字段校验失败！-----[/VAST/Ad[1]/@order_item_id]的期望值是----1  实际值是------[/VAST/Policy/CuePoint[1]/@duration]的期望值是----15  实际值是----1>]]>
            </message>
            <full-stacktrace>
              <![CDATA[java.lang.AssertionError: [[public-dtsc-016]短视频广告时长动态配置016]测试未通过，部分字段未通过验证！ expected:<ok> but was:<测试用例：[[public-dtsc-016]短视频广告时长动态配置016]字段校验失败！-----[/VAST/Ad[1]/@order_item_id]的期望值是----1  实际值是------[/VAST/Policy/CuePoint[1]/@duration]的期望值是----15  实际值是----1>
	at org.testng.Assert.fail(Assert.java:89)
	at org.testng.Assert.failNotEquals(Assert.java:489)
	at org.testng.Assert.assertEquals(Assert.java:118)
	at org.testng.Assert.assertEquals(Assert.java:171)
	at com.letv.ads.util.AutoTest.test(Unknown Source)
	at sun.reflect.NativeMethodAccessorImpl.invoke0(Native Method)
	at sun.reflect.NativeMethodAccessorImpl.invoke(Unknown Source)
	at sun.reflect.DelegatingMethodAccessorImpl.invoke(Unknown Source)
	at java.lang.reflect.Method.invoke(Unknown Source)
	at org.testng.internal.MethodInvocationHelper.invokeMethod(MethodInvocationHelper.java:80)
	at org.testng.internal.Invoker.invokeMethod(Invoker.java:702)
	at org.testng.internal.Invoker.invokeTestMethod(Invoker.java:894)
	at org.testng.internal.Invoker.invokeTestMethods(Invoker.java:1219)
	at org.testng.internal.TestMethodWorker.invokeTestMethods(TestMethodWorker.java:127)
	at org.testng.internal.TestMethodWorker.run(TestMethodWorker.java:111)
	at org.testng.TestRunner.privateRun(TestRunner.java:768)
	at org.testng.TestRunner.run(TestRunner.java:617)
	at org.testng.SuiteRunner.runTest(SuiteRunner.java:334)
	at org.testng.SuiteRunner.runSequentially(SuiteRunner.java:329)
	at org.testng.SuiteRunner.privateRun(SuiteRunner.java:291)
	at org.testng.SuiteRunner.run(SuiteRunner.java:240)
	at org.testng.SuiteRunnerWorker.runSuite(SuiteRunnerWorker.java:53)
	at org.testng.SuiteRunnerWorker.run(SuiteRunnerWorker.java:87)
	at org.testng.TestNG.runSuitesSequentially(TestNG.java:1188)
	at org.testng.TestNG.runSuitesLocally(TestNG.java:1113)
	at org.testng.TestNG.run(TestNG.java:1025)
	at org.testng.TestNG.privateMain(TestNG.java:1328)
	at org.testng.TestNG.main(TestNG.java:1297)
]]>
            </full-stacktrace>
          </exception> <!-- java.lang.AssertionError -->
        </test-method> <!-- test -->
        <test-method status="FAIL" signature="test()[pri:0, instance:com.letv.ads.util.AutoTest@1068e947]" name="test" duration-ms="1918" started-at="2017-05-24T18:38:03Z" description="测试用例" finished-at="2017-05-24T18:38:04Z">
          <exception class="java.lang.AssertionError">
            <message>
              <![CDATA[[public-qzzt-008]测试未通过，部分字段未通过验证！ expected:<ok> but was:<测试用例：[public-qzzt-008]字段校验失败！-----[/VAST/Ad[1]/@id]的期望值是----1  实际值是------[/VAST/Ad[@id='1']/@order_item_id]的期望值是----1  实际值是------[VAST/Ad[1]/@ord]的期望值是----1  实际值是------[/VAST/Policy/CuePoint/@id]的期望值是----1  实际值是----4368--[/VAST/Ad[2]/@id]的期望值是----2  实际值是------[/VAST/Ad[@id='2']/@order_item_id]的期望值是----2  实际值是------[VAST/Ad[2]/@ord]的期望值是----3  实际值是---->]]>
            </message>
            <full-stacktrace>
              <![CDATA[java.lang.AssertionError: [public-qzzt-008]测试未通过，部分字段未通过验证！ expected:<ok> but was:<测试用例：[public-qzzt-008]字段校验失败！-----[/VAST/Ad[1]/@id]的期望值是----1  实际值是------[/VAST/Ad[@id='1']/@order_item_id]的期望值是----1  实际值是------[VAST/Ad[1]/@ord]的期望值是----1  实际值是------[/VAST/Policy/CuePoint/@id]的期望值是----1  实际值是----4368--[/VAST/Ad[2]/@id]的期望值是----2  实际值是------[/VAST/Ad[@id='2']/@order_item_id]的期望值是----2  实际值是------[VAST/Ad[2]/@ord]的期望值是----3  实际值是---->
	at org.testng.Assert.fail(Assert.java:89)
	at org.testng.Assert.failNotEquals(Assert.java:489)
	at org.testng.Assert.assertEquals(Assert.java:118)
	at org.testng.Assert.assertEquals(Assert.java:171)
	at com.letv.ads.util.AutoTest.test(Unknown Source)
	at sun.reflect.NativeMethodAccessorImpl.invoke0(Native Method)
	at sun.reflect.NativeMethodAccessorImpl.invoke(Unknown Source)
	at sun.reflect.DelegatingMethodAccessorImpl.invoke(Unknown Source)
	at java.lang.reflect.Method.invoke(Unknown Source)
	at org.testng.internal.MethodInvocationHelper.invokeMethod(MethodInvocationHelper.java:80)
	at org.testng.internal.Invoker.invokeMethod(Invoker.java:702)
	at org.testng.internal.Invoker.invokeTestMethod(Invoker.java:894)
	at org.testng.internal.Invoker.invokeTestMethods(Invoker.java:1219)
	at org.testng.internal.TestMethodWorker.invokeTestMethods(TestMethodWorker.java:127)
	at org.testng.internal.TestMethodWorker.run(TestMethodWorker.java:111)
	at org.testng.TestRunner.privateRun(TestRunner.java:768)
	at org.testng.TestRunner.run(TestRunner.java:617)
	at org.testng.SuiteRunner.runTest(SuiteRunner.java:334)
	at org.testng.SuiteRunner.runSequentially(SuiteRunner.java:329)
	at org.testng.SuiteRunner.privateRun(SuiteRunner.java:291)
	at org.testng.SuiteRunner.run(SuiteRunner.java:240)
	at org.testng.SuiteRunnerWorker.runSuite(SuiteRunnerWorker.java:53)
	at org.testng.SuiteRunnerWorker.run(SuiteRunnerWorker.java:87)
	at org.testng.TestNG.runSuitesSequentially(TestNG.java:1188)
	at org.testng.TestNG.runSuitesLocally(TestNG.java:1113)
	at org.testng.TestNG.run(TestNG.java:1025)
	at org.testng.TestNG.privateMain(TestNG.java:1328)
	at org.testng.TestNG.main(TestNG.java:1297)
]]>
            </full-stacktrace>
          </exception> <!-- java.lang.AssertionError -->
        </test-method> <!-- test -->
        <test-method status="FAIL" signature="test()[pri:0, instance:com.letv.ads.util.AutoTest@10a035a0]" name="test" duration-ms="2094" started-at="2017-05-24T18:38:04Z" description="测试用例" finished-at="2017-05-24T18:38:07Z">
          <exception class="java.lang.AssertionError">
            <message>
              <![CDATA[测试用例[[public-jzdx-004]精准定向004]在memcached中set key=5c3767f8b8ce4040bac9b23dff63c6e7.label,value=[1]时发生错误]]>
            </message>
            <full-stacktrace>
              <![CDATA[java.lang.AssertionError: 测试用例[[public-jzdx-004]精准定向004]在memcached中set key=5c3767f8b8ce4040bac9b23dff63c6e7.label,value=[1]时发生错误
	at org.testng.Assert.fail(Assert.java:89)
	at com.letv.ads.util.BaseCase.operateMemcached(Unknown Source)
	at com.letv.ads.util.AutoTest.test(Unknown Source)
	at sun.reflect.NativeMethodAccessorImpl.invoke0(Native Method)
	at sun.reflect.NativeMethodAccessorImpl.invoke(Unknown Source)
	at sun.reflect.DelegatingMethodAccessorImpl.invoke(Unknown Source)
	at java.lang.reflect.Method.invoke(Unknown Source)
	at org.testng.internal.MethodInvocationHelper.invokeMethod(MethodInvocationHelper.java:80)
	at org.testng.internal.Invoker.invokeMethod(Invoker.java:702)
	at org.testng.internal.Invoker.invokeTestMethod(Invoker.java:894)
	at org.testng.internal.Invoker.invokeTestMethods(Invoker.java:1219)
	at org.testng.internal.TestMethodWorker.invokeTestMethods(TestMethodWorker.java:127)
	at org.testng.internal.TestMethodWorker.run(TestMethodWorker.java:111)
	at org.testng.TestRunner.privateRun(TestRunner.java:768)
	at org.testng.TestRunner.run(TestRunner.java:617)
	at org.testng.SuiteRunner.runTest(SuiteRunner.java:334)
	at org.testng.SuiteRunner.runSequentially(SuiteRunner.java:329)
	at org.testng.SuiteRunner.privateRun(SuiteRunner.java:291)
	at org.testng.SuiteRunner.run(SuiteRunner.java:240)
	at org.testng.SuiteRunnerWorker.runSuite(SuiteRunnerWorker.java:53)
	at org.testng.SuiteRunnerWorker.run(SuiteRunnerWorker.java:87)
	at org.testng.TestNG.runSuitesSequentially(TestNG.java:1188)
	at org.testng.TestNG.runSuitesLocally(TestNG.java:1113)
	at org.testng.TestNG.run(TestNG.java:1025)
	at org.testng.TestNG.privateMain(TestNG.java:1328)
	at org.testng.TestNG.main(TestNG.java:1297)
]]>
            </full-stacktrace>
          </exception> <!-- java.lang.AssertionError -->
        </test-method> <!-- test -->
        <test-method status="PASS" signature="test()[pri:0, instance:com.letv.ads.util.AutoTest@10d59286]" name="test" duration-ms="1052" started-at="2017-05-24T18:38:07Z" description="测试用例" finished-at="2017-05-24T18:38:08Z">
        </test-method> <!-- test -->
        <test-method status="FAIL" signature="test()[pri:0, instance:com.letv.ads.util.AutoTest@10dba097]" name="test" duration-ms="1101" started-at="2017-05-24T18:38:08Z" description="测试用例" finished-at="2017-05-24T18:38:09Z">
          <exception class="java.lang.AssertionError">
            <message>
              <![CDATA[[public-gjgg-004]测试未通过，部分字段未通过验证！ expected:<ok> but was:<测试用例：[public-gjgg-004]字段校验失败！-----[/VAST/Ad[1]/@order_item_id]的期望值是----1  实际值是---->]]>
            </message>
            <full-stacktrace>
              <![CDATA[java.lang.AssertionError: [public-gjgg-004]测试未通过，部分字段未通过验证！ expected:<ok> but was:<测试用例：[public-gjgg-004]字段校验失败！-----[/VAST/Ad[1]/@order_item_id]的期望值是----1  实际值是---->
	at org.testng.Assert.fail(Assert.java:89)
	at org.testng.Assert.failNotEquals(Assert.java:489)
	at org.testng.Assert.assertEquals(Assert.java:118)
	at org.testng.Assert.assertEquals(Assert.java:171)
	at com.letv.ads.util.AutoTest.test(Unknown Source)
	at sun.reflect.NativeMethodAccessorImpl.invoke0(Native Method)
	at sun.reflect.NativeMethodAccessorImpl.invoke(Unknown Source)
	at sun.reflect.DelegatingMethodAccessorImpl.invoke(Unknown Source)
	at java.lang.reflect.Method.invoke(Unknown Source)
	at org.testng.internal.MethodInvocationHelper.invokeMethod(MethodInvocationHelper.java:80)
	at org.testng.internal.Invoker.invokeMethod(Invoker.java:702)
	at org.testng.internal.Invoker.invokeTestMethod(Invoker.java:894)
	at org.testng.internal.Invoker.invokeTestMethods(Invoker.java:1219)
	at org.testng.internal.TestMethodWorker.invokeTestMethods(TestMethodWorker.java:127)
	at org.testng.internal.TestMethodWorker.run(TestMethodWorker.java:111)
	at org.testng.TestRunner.privateRun(TestRunner.java:768)
	at org.testng.TestRunner.run(TestRunner.java:617)
	at org.testng.SuiteRunner.runTest(SuiteRunner.java:334)
	at org.testng.SuiteRunner.runSequentially(SuiteRunner.java:329)
	at org.testng.SuiteRunner.privateRun(SuiteRunner.java:291)
	at org.testng.SuiteRunner.run(SuiteRunner.java:240)
	at org.testng.SuiteRunnerWorker.runSuite(SuiteRunnerWorker.java:53)
	at org.testng.SuiteRunnerWorker.run(SuiteRunnerWorker.java:87)
	at org.testng.TestNG.runSuitesSequentially(TestNG.java:1188)
	at org.testng.TestNG.runSuitesLocally(TestNG.java:1113)
	at org.testng.TestNG.run(TestNG.java:1025)
	at org.testng.TestNG.privateMain(TestNG.java:1328)
	at org.testng.TestNG.main(TestNG.java:1297)
]]>
            </full-stacktrace>
          </exception> <!-- java.lang.AssertionError -->
        </test-method> <!-- test -->
        <test-method status="FAIL" signature="test()[pri:0, instance:com.letv.ads.util.AutoTest@11758f2a]" name="test" duration-ms="1068" started-at="2017-05-24T18:38:09Z" description="测试用例" finished-at="2017-05-24T18:38:10Z">
          <exception class="java.lang.AssertionError">
            <message>
              <![CDATA[[[public-dtsc-018]短视频广告时长动态配置018]测试未通过，部分字段未通过验证！ expected:<ok> but was:<测试用例：[[public-dtsc-018]短视频广告时长动态配置018]字段校验失败！-----[/VAST/Ad[1]/@order_item_id]的期望值是----1  实际值是------[/VAST/Policy/CuePoint[1]/@duration]的期望值是----25  实际值是----1>]]>
            </message>
            <full-stacktrace>
              <![CDATA[java.lang.AssertionError: [[public-dtsc-018]短视频广告时长动态配置018]测试未通过，部分字段未通过验证！ expected:<ok> but was:<测试用例：[[public-dtsc-018]短视频广告时长动态配置018]字段校验失败！-----[/VAST/Ad[1]/@order_item_id]的期望值是----1  实际值是------[/VAST/Policy/CuePoint[1]/@duration]的期望值是----25  实际值是----1>
	at org.testng.Assert.fail(Assert.java:89)
	at org.testng.Assert.failNotEquals(Assert.java:489)
	at org.testng.Assert.assertEquals(Assert.java:118)
	at org.testng.Assert.assertEquals(Assert.java:171)
	at com.letv.ads.util.AutoTest.test(Unknown Source)
	at sun.reflect.NativeMethodAccessorImpl.invoke0(Native Method)
	at sun.reflect.NativeMethodAccessorImpl.invoke(Unknown Source)
	at sun.reflect.DelegatingMethodAccessorImpl.invoke(Unknown Source)
	at java.lang.reflect.Method.invoke(Unknown Source)
	at org.testng.internal.MethodInvocationHelper.invokeMethod(MethodInvocationHelper.java:80)
	at org.testng.internal.Invoker.invokeMethod(Invoker.java:702)
	at org.testng.internal.Invoker.invokeTestMethod(Invoker.java:894)
	at org.testng.internal.Invoker.invokeTestMethods(Invoker.java:1219)
	at org.testng.internal.TestMethodWorker.invokeTestMethods(TestMethodWorker.java:127)
	at org.testng.internal.TestMethodWorker.run(TestMethodWorker.java:111)
	at org.testng.TestRunner.privateRun(TestRunner.java:768)
	at org.testng.TestRunner.run(TestRunner.java:617)
	at org.testng.SuiteRunner.runTest(SuiteRunner.java:334)
	at org.testng.SuiteRunner.runSequentially(SuiteRunner.java:329)
	at org.testng.SuiteRunner.privateRun(SuiteRunner.java:291)
	at org.testng.SuiteRunner.run(SuiteRunner.java:240)
	at org.testng.SuiteRunnerWorker.runSuite(SuiteRunnerWorker.java:53)
	at org.testng.SuiteRunnerWorker.run(SuiteRunnerWorker.java:87)
	at org.testng.TestNG.runSuitesSequentially(TestNG.java:1188)
	at org.testng.TestNG.runSuitesLocally(TestNG.java:1113)
	at org.testng.TestNG.run(TestNG.java:1025)
	at org.testng.TestNG.privateMain(TestNG.java:1328)
	at org.testng.TestNG.main(TestNG.java:1297)
]]>
            </full-stacktrace>
          </exception> <!-- java.lang.AssertionError -->
        </test-method> <!-- test -->
        <test-method status="FAIL" signature="test()[pri:0, instance:com.letv.ads.util.AutoTest@12c8a2c0]" name="test" duration-ms="1071" started-at="2017-05-24T18:38:10Z" description="测试用例" finished-at="2017-05-24T18:38:11Z">
          <exception class="java.lang.AssertionError">
            <message>
              <![CDATA[[[public-dtsc-072]短视频广告时长动态配置072]测试未通过，部分字段未通过验证！ expected:<ok> but was:<测试用例：[[public-dtsc-072]短视频广告时长动态配置072]字段校验失败！-----[/VAST/Ad[1]/@order_item_id]的期望值是----1  实际值是------[/VAST/Policy/CuePoint[1]/@duration]的期望值是----45  实际值是----1>]]>
            </message>
            <full-stacktrace>
              <![CDATA[java.lang.AssertionError: [[public-dtsc-072]短视频广告时长动态配置072]测试未通过，部分字段未通过验证！ expected:<ok> but was:<测试用例：[[public-dtsc-072]短视频广告时长动态配置072]字段校验失败！-----[/VAST/Ad[1]/@order_item_id]的期望值是----1  实际值是------[/VAST/Policy/CuePoint[1]/@duration]的期望值是----45  实际值是----1>
	at org.testng.Assert.fail(Assert.java:89)
	at org.testng.Assert.failNotEquals(Assert.java:489)
	at org.testng.Assert.assertEquals(Assert.java:118)
	at org.testng.Assert.assertEquals(Assert.java:171)
	at com.letv.ads.util.AutoTest.test(Unknown Source)
	at sun.reflect.NativeMethodAccessorImpl.invoke0(Native Method)
	at sun.reflect.NativeMethodAccessorImpl.invoke(Unknown Source)
	at sun.reflect.DelegatingMethodAccessorImpl.invoke(Unknown Source)
	at java.lang.reflect.Method.invoke(Unknown Source)
	at org.testng.internal.MethodInvocationHelper.invokeMethod(MethodInvocationHelper.java:80)
	at org.testng.internal.Invoker.invokeMethod(Invoker.java:702)
	at org.testng.internal.Invoker.invokeTestMethod(Invoker.java:894)
	at org.testng.internal.Invoker.invokeTestMethods(Invoker.java:1219)
	at org.testng.internal.TestMethodWorker.invokeTestMethods(TestMethodWorker.java:127)
	at org.testng.internal.TestMethodWorker.run(TestMethodWorker.java:111)
	at org.testng.TestRunner.privateRun(TestRunner.java:768)
	at org.testng.TestRunner.run(TestRunner.java:617)
	at org.testng.SuiteRunner.runTest(SuiteRunner.java:334)
	at org.testng.SuiteRunner.runSequentially(SuiteRunner.java:329)
	at org.testng.SuiteRunner.privateRun(SuiteRunner.java:291)
	at org.testng.SuiteRunner.run(SuiteRunner.java:240)
	at org.testng.SuiteRunnerWorker.runSuite(SuiteRunnerWorker.java:53)
	at org.testng.SuiteRunnerWorker.run(SuiteRunnerWorker.java:87)
	at org.testng.TestNG.runSuitesSequentially(TestNG.java:1188)
	at org.testng.TestNG.runSuitesLocally(TestNG.java:1113)
	at org.testng.TestNG.run(TestNG.java:1025)
	at org.testng.TestNG.privateMain(TestNG.java:1328)
	at org.testng.TestNG.main(TestNG.java:1297)
]]>
            </full-stacktrace>
          </exception> <!-- java.lang.AssertionError -->
        </test-method> <!-- test -->
        <test-method status="FAIL" signature="test()[pri:0, instance:com.letv.ads.util.AutoTest@133e16fd]" name="test" duration-ms="1093" started-at="2017-05-24T18:38:11Z" description="测试用例" finished-at="2017-05-24T18:38:12Z">
          <exception class="java.lang.AssertionError">
            <message>
              <![CDATA[[[public-tcl-013]TCL-欢网广告接入方舟013]轮播测试中，广告order_item_id[]重复出现，测试失败！]]>
            </message>
            <full-stacktrace>
              <![CDATA[java.lang.AssertionError: [[public-tcl-013]TCL-欢网广告接入方舟013]轮播测试中，广告order_item_id[]重复出现，测试失败！
	at org.testng.Assert.fail(Assert.java:89)
	at com.letv.ads.util.AutoTest.test(Unknown Source)
	at sun.reflect.NativeMethodAccessorImpl.invoke0(Native Method)
	at sun.reflect.NativeMethodAccessorImpl.invoke(Unknown Source)
	at sun.reflect.DelegatingMethodAccessorImpl.invoke(Unknown Source)
	at java.lang.reflect.Method.invoke(Unknown Source)
	at org.testng.internal.MethodInvocationHelper.invokeMethod(MethodInvocationHelper.java:80)
	at org.testng.internal.Invoker.invokeMethod(Invoker.java:702)
	at org.testng.internal.Invoker.invokeTestMethod(Invoker.java:894)
	at org.testng.internal.Invoker.invokeTestMethods(Invoker.java:1219)
	at org.testng.internal.TestMethodWorker.invokeTestMethods(TestMethodWorker.java:127)
	at org.testng.internal.TestMethodWorker.run(TestMethodWorker.java:111)
	at org.testng.TestRunner.privateRun(TestRunner.java:768)
	at org.testng.TestRunner.run(TestRunner.java:617)
	at org.testng.SuiteRunner.runTest(SuiteRunner.java:334)
	at org.testng.SuiteRunner.runSequentially(SuiteRunner.java:329)
	at org.testng.SuiteRunner.privateRun(SuiteRunner.java:291)
	at org.testng.SuiteRunner.run(SuiteRunner.java:240)
	at org.testng.SuiteRunnerWorker.runSuite(SuiteRunnerWorker.java:53)
	at org.testng.SuiteRunnerWorker.run(SuiteRunnerWorker.java:87)
	at org.testng.TestNG.runSuitesSequentially(TestNG.java:1188)
	at org.testng.TestNG.runSuitesLocally(TestNG.java:1113)
	at org.testng.TestNG.run(TestNG.java:1025)
	at org.testng.TestNG.privateMain(TestNG.java:1328)
	at org.testng.TestNG.main(TestNG.java:1297)
]]>
            </full-stacktrace>
          </exception> <!-- java.lang.AssertionError -->
        </test-method> <!-- test -->
        <test-method status="FAIL" signature="test()[pri:0, instance:com.letv.ads.util.AutoTest@134593bf]" name="test" duration-ms="1156" started-at="2017-05-24T18:38:12Z" description="测试用例" finished-at="2017-05-24T18:38:13Z">
          <exception class="java.lang.AssertionError">
            <message>
              <![CDATA[[public-qzzt-004]测试未通过，部分字段未通过验证！ expected:<ok> but was:<测试用例：[public-qzzt-004]字段校验失败！-----[/VAST/Ad[1]/@id]的期望值是----1  实际值是------[/VAST/Ad[@id='1']/@order_item_id]的期望值是----1  实际值是------[VAST/Ad[1]/@ord]的期望值是----1  实际值是------[/VAST/Policy/CuePoint/@id]的期望值是----1  实际值是----4368--[/VAST/Ad[2]/@id]的期望值是----2  实际值是------[/VAST/Ad[@id='2']/@order_item_id]的期望值是----2  实际值是------[VAST/Ad[2]/@ord]的期望值是----3  实际值是---->]]>
            </message>
            <full-stacktrace>
              <![CDATA[java.lang.AssertionError: [public-qzzt-004]测试未通过，部分字段未通过验证！ expected:<ok> but was:<测试用例：[public-qzzt-004]字段校验失败！-----[/VAST/Ad[1]/@id]的期望值是----1  实际值是------[/VAST/Ad[@id='1']/@order_item_id]的期望值是----1  实际值是------[VAST/Ad[1]/@ord]的期望值是----1  实际值是------[/VAST/Policy/CuePoint/@id]的期望值是----1  实际值是----4368--[/VAST/Ad[2]/@id]的期望值是----2  实际值是------[/VAST/Ad[@id='2']/@order_item_id]的期望值是----2  实际值是------[VAST/Ad[2]/@ord]的期望值是----3  实际值是---->
	at org.testng.Assert.fail(Assert.java:89)
	at org.testng.Assert.failNotEquals(Assert.java:489)
	at org.testng.Assert.assertEquals(Assert.java:118)
	at org.testng.Assert.assertEquals(Assert.java:171)
	at com.letv.ads.util.AutoTest.test(Unknown Source)
	at sun.reflect.NativeMethodAccessorImpl.invoke0(Native Method)
	at sun.reflect.NativeMethodAccessorImpl.invoke(Unknown Source)
	at sun.reflect.DelegatingMethodAccessorImpl.invoke(Unknown Source)
	at java.lang.reflect.Method.invoke(Unknown Source)
	at org.testng.internal.MethodInvocationHelper.invokeMethod(MethodInvocationHelper.java:80)
	at org.testng.internal.Invoker.invokeMethod(Invoker.java:702)
	at org.testng.internal.Invoker.invokeTestMethod(Invoker.java:894)
	at org.testng.internal.Invoker.invokeTestMethods(Invoker.java:1219)
	at org.testng.internal.TestMethodWorker.invokeTestMethods(TestMethodWorker.java:127)
	at org.testng.internal.TestMethodWorker.run(TestMethodWorker.java:111)
	at org.testng.TestRunner.privateRun(TestRunner.java:768)
	at org.testng.TestRunner.run(TestRunner.java:617)
	at org.testng.SuiteRunner.runTest(SuiteRunner.java:334)
	at org.testng.SuiteRunner.runSequentially(SuiteRunner.java:329)
	at org.testng.SuiteRunner.privateRun(SuiteRunner.java:291)
	at org.testng.SuiteRunner.run(SuiteRunner.java:240)
	at org.testng.SuiteRunnerWorker.runSuite(SuiteRunnerWorker.java:53)
	at org.testng.SuiteRunnerWorker.run(SuiteRunnerWorker.java:87)
	at org.testng.TestNG.runSuitesSequentially(TestNG.java:1188)
	at org.testng.TestNG.runSuitesLocally(TestNG.java:1113)
	at org.testng.TestNG.run(TestNG.java:1025)
	at org.testng.TestNG.privateMain(TestNG.java:1328)
	at org.testng.TestNG.main(TestNG.java:1297)
]]>
            </full-stacktrace>
          </exception> <!-- java.lang.AssertionError -->
        </test-method> <!-- test -->
        <test-method status="FAIL" signature="test()[pri:0, instance:com.letv.ads.util.AutoTest@13eb8acf]" name="test" duration-ms="1051" started-at="2017-05-24T18:38:13Z" description="测试用例" finished-at="2017-05-24T18:38:14Z">
          <exception class="java.lang.AssertionError">
            <message>
              <![CDATA[[[public-dtsc-056]短视频广告时长动态配置056]测试未通过，部分字段未通过验证！ expected:<ok> but was:<测试用例：[[public-dtsc-056]短视频广告时长动态配置056]字段校验失败！-----[/VAST/Ad[1]/@order_item_id]的期望值是----1  实际值是------[/VAST/Policy/CuePoint[1]/@duration]的期望值是----25  实际值是----1>]]>
            </message>
            <full-stacktrace>
              <![CDATA[java.lang.AssertionError: [[public-dtsc-056]短视频广告时长动态配置056]测试未通过，部分字段未通过验证！ expected:<ok> but was:<测试用例：[[public-dtsc-056]短视频广告时长动态配置056]字段校验失败！-----[/VAST/Ad[1]/@order_item_id]的期望值是----1  实际值是------[/VAST/Policy/CuePoint[1]/@duration]的期望值是----25  实际值是----1>
	at org.testng.Assert.fail(Assert.java:89)
	at org.testng.Assert.failNotEquals(Assert.java:489)
	at org.testng.Assert.assertEquals(Assert.java:118)
	at org.testng.Assert.assertEquals(Assert.java:171)
	at com.letv.ads.util.AutoTest.test(Unknown Source)
	at sun.reflect.NativeMethodAccessorImpl.invoke0(Native Method)
	at sun.reflect.NativeMethodAccessorImpl.invoke(Unknown Source)
	at sun.reflect.DelegatingMethodAccessorImpl.invoke(Unknown Source)
	at java.lang.reflect.Method.invoke(Unknown Source)
	at org.testng.internal.MethodInvocationHelper.invokeMethod(MethodInvocationHelper.java:80)
	at org.testng.internal.Invoker.invokeMethod(Invoker.java:702)
	at org.testng.internal.Invoker.invokeTestMethod(Invoker.java:894)
	at org.testng.internal.Invoker.invokeTestMethods(Invoker.java:1219)
	at org.testng.internal.TestMethodWorker.invokeTestMethods(TestMethodWorker.java:127)
	at org.testng.internal.TestMethodWorker.run(TestMethodWorker.java:111)
	at org.testng.TestRunner.privateRun(TestRunner.java:768)
	at org.testng.TestRunner.run(TestRunner.java:617)
	at org.testng.SuiteRunner.runTest(SuiteRunner.java:334)
	at org.testng.SuiteRunner.runSequentially(SuiteRunner.java:329)
	at org.testng.SuiteRunner.privateRun(SuiteRunner.java:291)
	at org.testng.SuiteRunner.run(SuiteRunner.java:240)
	at org.testng.SuiteRunnerWorker.runSuite(SuiteRunnerWorker.java:53)
	at org.testng.SuiteRunnerWorker.run(SuiteRunnerWorker.java:87)
	at org.testng.TestNG.runSuitesSequentially(TestNG.java:1188)
	at org.testng.TestNG.runSuitesLocally(TestNG.java:1113)
	at org.testng.TestNG.run(TestNG.java:1025)
	at org.testng.TestNG.privateMain(TestNG.java:1328)
	at org.testng.TestNG.main(TestNG.java:1297)
]]>
            </full-stacktrace>
          </exception> <!-- java.lang.AssertionError -->
        </test-method> <!-- test -->
        <test-method status="FAIL" signature="test()[pri:0, instance:com.letv.ads.util.AutoTest@140e5a13]" name="test" duration-ms="27" started-at="2017-05-24T18:38:14Z" description="测试用例" finished-at="2017-05-24T18:38:14Z">
          <exception class="java.lang.AssertionError">
            <message>
              <![CDATA[[[public-tcl-022]TCL-欢网广告接入方舟022]测试未通过，tracking返回值[error 100004]与期望值[ok]不相等！ expected:<ok> but was:<error 100004>]]>
            </message>
            <full-stacktrace>
              <![CDATA[java.lang.AssertionError: [[public-tcl-022]TCL-欢网广告接入方舟022]测试未通过，tracking返回值[error 100004]与期望值[ok]不相等！ expected:<ok> but was:<error 100004>
	at org.testng.Assert.fail(Assert.java:89)
	at org.testng.Assert.failNotEquals(Assert.java:489)
	at org.testng.Assert.assertEquals(Assert.java:118)
	at org.testng.Assert.assertEquals(Assert.java:171)
	at com.letv.ads.util.AutoTest.test(Unknown Source)
	at sun.reflect.NativeMethodAccessorImpl.invoke0(Native Method)
	at sun.reflect.NativeMethodAccessorImpl.invoke(Unknown Source)
	at sun.reflect.DelegatingMethodAccessorImpl.invoke(Unknown Source)
	at java.lang.reflect.Method.invoke(Unknown Source)
	at org.testng.internal.MethodInvocationHelper.invokeMethod(MethodInvocationHelper.java:80)
	at org.testng.internal.Invoker.invokeMethod(Invoker.java:702)
	at org.testng.internal.Invoker.invokeTestMethod(Invoker.java:894)
	at org.testng.internal.Invoker.invokeTestMethods(Invoker.java:1219)
	at org.testng.internal.TestMethodWorker.invokeTestMethods(TestMethodWorker.java:127)
	at org.testng.internal.TestMethodWorker.run(TestMethodWorker.java:111)
	at org.testng.TestRunner.privateRun(TestRunner.java:768)
	at org.testng.TestRunner.run(TestRunner.java:617)
	at org.testng.SuiteRunner.runTest(SuiteRunner.java:334)
	at org.testng.SuiteRunner.runSequentially(SuiteRunner.java:329)
	at org.testng.SuiteRunner.privateRun(SuiteRunner.java:291)
	at org.testng.SuiteRunner.run(SuiteRunner.java:240)
	at org.testng.SuiteRunnerWorker.runSuite(SuiteRunnerWorker.java:53)
	at org.testng.SuiteRunnerWorker.run(SuiteRunnerWorker.java:87)
	at org.testng.TestNG.runSuitesSequentially(TestNG.java:1188)
	at org.testng.TestNG.runSuitesLocally(TestNG.java:1113)
	at org.testng.TestNG.run(TestNG.java:1025)
	at org.testng.TestNG.privateMain(TestNG.java:1328)
	at org.testng.TestNG.main(TestNG.java:1297)
]]>
            </full-stacktrace>
          </exception> <!-- java.lang.AssertionError -->
        </test-method> <!-- test -->
        <test-method status="FAIL" signature="test()[pri:0, instance:com.letv.ads.util.AutoTest@149494d8]" name="test" duration-ms="1081" started-at="2017-05-24T18:38:14Z" description="测试用例" finished-at="2017-05-24T18:38:15Z">
          <exception class="java.lang.AssertionError">
            <message>
              <![CDATA[[[public-jzdx-010]精准定向010]测试未通过，部分字段未通过验证！ expected:<ok> but was:<测试用例：[[public-jzdx-010]精准定向010]字段校验失败！-----[/VAST/Ad[1]/@order_item_id]的期望值是----1  实际值是------[/VAST/Ad[2]/@order_item_id]的期望值是----3  实际值是---->]]>
            </message>
            <full-stacktrace>
              <![CDATA[java.lang.AssertionError: [[public-jzdx-010]精准定向010]测试未通过，部分字段未通过验证！ expected:<ok> but was:<测试用例：[[public-jzdx-010]精准定向010]字段校验失败！-----[/VAST/Ad[1]/@order_item_id]的期望值是----1  实际值是------[/VAST/Ad[2]/@order_item_id]的期望值是----3  实际值是---->
	at org.testng.Assert.fail(Assert.java:89)
	at org.testng.Assert.failNotEquals(Assert.java:489)
	at org.testng.Assert.assertEquals(Assert.java:118)
	at org.testng.Assert.assertEquals(Assert.java:171)
	at com.letv.ads.util.AutoTest.test(Unknown Source)
	at sun.reflect.NativeMethodAccessorImpl.invoke0(Native Method)
	at sun.reflect.NativeMethodAccessorImpl.invoke(Unknown Source)
	at sun.reflect.DelegatingMethodAccessorImpl.invoke(Unknown Source)
	at java.lang.reflect.Method.invoke(Unknown Source)
	at org.testng.internal.MethodInvocationHelper.invokeMethod(MethodInvocationHelper.java:80)
	at org.testng.internal.Invoker.invokeMethod(Invoker.java:702)
	at org.testng.internal.Invoker.invokeTestMethod(Invoker.java:894)
	at org.testng.internal.Invoker.invokeTestMethods(Invoker.java:1219)
	at org.testng.internal.TestMethodWorker.invokeTestMethods(TestMethodWorker.java:127)
	at org.testng.internal.TestMethodWorker.run(TestMethodWorker.java:111)
	at org.testng.TestRunner.privateRun(TestRunner.java:768)
	at org.testng.TestRunner.run(TestRunner.java:617)
	at org.testng.SuiteRunner.runTest(SuiteRunner.java:334)
	at org.testng.SuiteRunner.runSequentially(SuiteRunner.java:329)
	at org.testng.SuiteRunner.privateRun(SuiteRunner.java:291)
	at org.testng.SuiteRunner.run(SuiteRunner.java:240)
	at org.testng.SuiteRunnerWorker.runSuite(SuiteRunnerWorker.java:53)
	at org.testng.SuiteRunnerWorker.run(SuiteRunnerWorker.java:87)
	at org.testng.TestNG.runSuitesSequentially(TestNG.java:1188)
	at org.testng.TestNG.runSuitesLocally(TestNG.java:1113)
	at org.testng.TestNG.run(TestNG.java:1025)
	at org.testng.TestNG.privateMain(TestNG.java:1328)
	at org.testng.TestNG.main(TestNG.java:1297)
]]>
            </full-stacktrace>
          </exception> <!-- java.lang.AssertionError -->
        </test-method> <!-- test -->
        <test-method status="FAIL" signature="test()[pri:0, instance:com.letv.ads.util.AutoTest@150c158]" name="test" duration-ms="1052" started-at="2017-05-24T18:38:15Z" description="测试用例" finished-at="2017-05-24T18:38:16Z">
          <exception class="java.lang.AssertionError">
            <message>
              <![CDATA[[public-gjgg-001]测试未通过，部分字段未通过验证！ expected:<ok> but was:<测试用例：[public-gjgg-001]字段校验失败！-----[/VAST/Ad[@id='1']/@order_item_id]的期望值是----1  实际值是------[/VAST/Policy/CuePoint/@id]的期望值是----1  实际值是----4368>]]>
            </message>
            <full-stacktrace>
              <![CDATA[java.lang.AssertionError: [public-gjgg-001]测试未通过，部分字段未通过验证！ expected:<ok> but was:<测试用例：[public-gjgg-001]字段校验失败！-----[/VAST/Ad[@id='1']/@order_item_id]的期望值是----1  实际值是------[/VAST/Policy/CuePoint/@id]的期望值是----1  实际值是----4368>
	at org.testng.Assert.fail(Assert.java:89)
	at org.testng.Assert.failNotEquals(Assert.java:489)
	at org.testng.Assert.assertEquals(Assert.java:118)
	at org.testng.Assert.assertEquals(Assert.java:171)
	at com.letv.ads.util.AutoTest.test(Unknown Source)
	at sun.reflect.NativeMethodAccessorImpl.invoke0(Native Method)
	at sun.reflect.NativeMethodAccessorImpl.invoke(Unknown Source)
	at sun.reflect.DelegatingMethodAccessorImpl.invoke(Unknown Source)
	at java.lang.reflect.Method.invoke(Unknown Source)
	at org.testng.internal.MethodInvocationHelper.invokeMethod(MethodInvocationHelper.java:80)
	at org.testng.internal.Invoker.invokeMethod(Invoker.java:702)
	at org.testng.internal.Invoker.invokeTestMethod(Invoker.java:894)
	at org.testng.internal.Invoker.invokeTestMethods(Invoker.java:1219)
	at org.testng.internal.TestMethodWorker.invokeTestMethods(TestMethodWorker.java:127)
	at org.testng.internal.TestMethodWorker.run(TestMethodWorker.java:111)
	at org.testng.TestRunner.privateRun(TestRunner.java:768)
	at org.testng.TestRunner.run(TestRunner.java:617)
	at org.testng.SuiteRunner.runTest(SuiteRunner.java:334)
	at org.testng.SuiteRunner.runSequentially(SuiteRunner.java:329)
	at org.testng.SuiteRunner.privateRun(SuiteRunner.java:291)
	at org.testng.SuiteRunner.run(SuiteRunner.java:240)
	at org.testng.SuiteRunnerWorker.runSuite(SuiteRunnerWorker.java:53)
	at org.testng.SuiteRunnerWorker.run(SuiteRunnerWorker.java:87)
	at org.testng.TestNG.runSuitesSequentially(TestNG.java:1188)
	at org.testng.TestNG.runSuitesLocally(TestNG.java:1113)
	at org.testng.TestNG.run(TestNG.java:1025)
	at org.testng.TestNG.privateMain(TestNG.java:1328)
	at org.testng.TestNG.main(TestNG.java:1297)
]]>
            </full-stacktrace>
          </exception> <!-- java.lang.AssertionError -->
        </test-method> <!-- test -->
        <test-method status="FAIL" signature="test()[pri:0, instance:com.letv.ads.util.AutoTest@15b3e5b]" name="test" duration-ms="1204" started-at="2017-05-24T18:38:16Z" description="测试用例" finished-at="2017-05-24T18:38:18Z">
          <exception class="java.lang.AssertionError">
            <message>
              <![CDATA[[public-qzzt-001]测试未通过，部分字段未通过验证！ expected:<ok> but was:<测试用例：[public-qzzt-001]字段校验失败！-----[/VAST/Ad[1]/@id]的期望值是----1  实际值是------[/VAST/Ad[@id='1']/@order_item_id]的期望值是----1  实际值是------[VAST/Ad[1]/@ord]的期望值是----1  实际值是------[/VAST/Policy/CuePoint/@id]的期望值是----1  实际值是----4368>]]>
            </message>
            <full-stacktrace>
              <![CDATA[java.lang.AssertionError: [public-qzzt-001]测试未通过，部分字段未通过验证！ expected:<ok> but was:<测试用例：[public-qzzt-001]字段校验失败！-----[/VAST/Ad[1]/@id]的期望值是----1  实际值是------[/VAST/Ad[@id='1']/@order_item_id]的期望值是----1  实际值是------[VAST/Ad[1]/@ord]的期望值是----1  实际值是------[/VAST/Policy/CuePoint/@id]的期望值是----1  实际值是----4368>
	at org.testng.Assert.fail(Assert.java:89)
	at org.testng.Assert.failNotEquals(Assert.java:489)
	at org.testng.Assert.assertEquals(Assert.java:118)
	at org.testng.Assert.assertEquals(Assert.java:171)
	at com.letv.ads.util.AutoTest.test(Unknown Source)
	at sun.reflect.NativeMethodAccessorImpl.invoke0(Native Method)
	at sun.reflect.NativeMethodAccessorImpl.invoke(Unknown Source)
	at sun.reflect.DelegatingMethodAccessorImpl.invoke(Unknown Source)
	at java.lang.reflect.Method.invoke(Unknown Source)
	at org.testng.internal.MethodInvocationHelper.invokeMethod(MethodInvocationHelper.java:80)
	at org.testng.internal.Invoker.invokeMethod(Invoker.java:702)
	at org.testng.internal.Invoker.invokeTestMethod(Invoker.java:894)
	at org.testng.internal.Invoker.invokeTestMethods(Invoker.java:1219)
	at org.testng.internal.TestMethodWorker.invokeTestMethods(TestMethodWorker.java:127)
	at org.testng.internal.TestMethodWorker.run(TestMethodWorker.java:111)
	at org.testng.TestRunner.privateRun(TestRunner.java:768)
	at org.testng.TestRunner.run(TestRunner.java:617)
	at org.testng.SuiteRunner.runTest(SuiteRunner.java:334)
	at org.testng.SuiteRunner.runSequentially(SuiteRunner.java:329)
	at org.testng.SuiteRunner.privateRun(SuiteRunner.java:291)
	at org.testng.SuiteRunner.run(SuiteRunner.java:240)
	at org.testng.SuiteRunnerWorker.runSuite(SuiteRunnerWorker.java:53)
	at org.testng.SuiteRunnerWorker.run(SuiteRunnerWorker.java:87)
	at org.testng.TestNG.runSuitesSequentially(TestNG.java:1188)
	at org.testng.TestNG.runSuitesLocally(TestNG.java:1113)
	at org.testng.TestNG.run(TestNG.java:1025)
	at org.testng.TestNG.privateMain(TestNG.java:1328)
	at org.testng.TestNG.main(TestNG.java:1297)
]]>
            </full-stacktrace>
          </exception> <!-- java.lang.AssertionError -->
        </test-method> <!-- test -->
        <test-method status="FAIL" signature="test()[pri:0, instance:com.letv.ads.util.AutoTest@15bfd87]" name="test" duration-ms="1050" started-at="2017-05-24T18:38:18Z" description="测试用例" finished-at="2017-05-24T18:38:19Z">
          <exception class="java.lang.AssertionError">
            <message>
              <![CDATA[[public-sbdx-002]测试未通过，部分字段未通过验证！ expected:<ok> but was:<测试用例：[public-sbdx-002]字段校验失败！-----[/VAST/Ad[@id='1']/@order_item_id]的期望值是----1  实际值是---->]]>
            </message>
            <full-stacktrace>
              <![CDATA[java.lang.AssertionError: [public-sbdx-002]测试未通过，部分字段未通过验证！ expected:<ok> but was:<测试用例：[public-sbdx-002]字段校验失败！-----[/VAST/Ad[@id='1']/@order_item_id]的期望值是----1  实际值是---->
	at org.testng.Assert.fail(Assert.java:89)
	at org.testng.Assert.failNotEquals(Assert.java:489)
	at org.testng.Assert.assertEquals(Assert.java:118)
	at org.testng.Assert.assertEquals(Assert.java:171)
	at com.letv.ads.util.AutoTest.test(Unknown Source)
	at sun.reflect.NativeMethodAccessorImpl.invoke0(Native Method)
	at sun.reflect.NativeMethodAccessorImpl.invoke(Unknown Source)
	at sun.reflect.DelegatingMethodAccessorImpl.invoke(Unknown Source)
	at java.lang.reflect.Method.invoke(Unknown Source)
	at org.testng.internal.MethodInvocationHelper.invokeMethod(MethodInvocationHelper.java:80)
	at org.testng.internal.Invoker.invokeMethod(Invoker.java:702)
	at org.testng.internal.Invoker.invokeTestMethod(Invoker.java:894)
	at org.testng.internal.Invoker.invokeTestMethods(Invoker.java:1219)
	at org.testng.internal.TestMethodWorker.invokeTestMethods(TestMethodWorker.java:127)
	at org.testng.internal.TestMethodWorker.run(TestMethodWorker.java:111)
	at org.testng.TestRunner.privateRun(TestRunner.java:768)
	at org.testng.TestRunner.run(TestRunner.java:617)
	at org.testng.SuiteRunner.runTest(SuiteRunner.java:334)
	at org.testng.SuiteRunner.runSequentially(SuiteRunner.java:329)
	at org.testng.SuiteRunner.privateRun(SuiteRunner.java:291)
	at org.testng.SuiteRunner.run(SuiteRunner.java:240)
	at org.testng.SuiteRunnerWorker.runSuite(SuiteRunnerWorker.java:53)
	at org.testng.SuiteRunnerWorker.run(SuiteRunnerWorker.java:87)
	at org.testng.TestNG.runSuitesSequentially(TestNG.java:1188)
	at org.testng.TestNG.runSuitesLocally(TestNG.java:1113)
	at org.testng.TestNG.run(TestNG.java:1025)
	at org.testng.TestNG.privateMain(TestNG.java:1328)
	at org.testng.TestNG.main(TestNG.java:1297)
]]>
            </full-stacktrace>
          </exception> <!-- java.lang.AssertionError -->
        </test-method> <!-- test -->
        <test-method status="FAIL" signature="test()[pri:0, instance:com.letv.ads.util.AutoTest@16022d9d]" name="test" duration-ms="1056" started-at="2017-05-24T18:38:19Z" description="测试用例" finished-at="2017-05-24T18:38:20Z">
          <exception class="java.lang.AssertionError">
            <message>
              <![CDATA[[[public-pbgg-018]屏保广告018]测试未通过，部分字段未通过验证！ expected:<ok> but was:<测试用例：[[public-pbgg-018]屏保广告018]字段校验失败！-----[/VAST/Ad[1]/@order_item_id]的期望值是----1  实际值是---->]]>
            </message>
            <full-stacktrace>
              <![CDATA[java.lang.AssertionError: [[public-pbgg-018]屏保广告018]测试未通过，部分字段未通过验证！ expected:<ok> but was:<测试用例：[[public-pbgg-018]屏保广告018]字段校验失败！-----[/VAST/Ad[1]/@order_item_id]的期望值是----1  实际值是---->
	at org.testng.Assert.fail(Assert.java:89)
	at org.testng.Assert.failNotEquals(Assert.java:489)
	at org.testng.Assert.assertEquals(Assert.java:118)
	at org.testng.Assert.assertEquals(Assert.java:171)
	at com.letv.ads.util.AutoTest.test(Unknown Source)
	at sun.reflect.GeneratedMethodAccessor3.invoke(Unknown Source)
	at sun.reflect.DelegatingMethodAccessorImpl.invoke(Unknown Source)
	at java.lang.reflect.Method.invoke(Unknown Source)
	at org.testng.internal.MethodInvocationHelper.invokeMethod(MethodInvocationHelper.java:80)
	at org.testng.internal.Invoker.invokeMethod(Invoker.java:702)
	at org.testng.internal.Invoker.invokeTestMethod(Invoker.java:894)
	at org.testng.internal.Invoker.invokeTestMethods(Invoker.java:1219)
	at org.testng.internal.TestMethodWorker.invokeTestMethods(TestMethodWorker.java:127)
	at org.testng.internal.TestMethodWorker.run(TestMethodWorker.java:111)
	at org.testng.TestRunner.privateRun(TestRunner.java:768)
	at org.testng.TestRunner.run(TestRunner.java:617)
	at org.testng.SuiteRunner.runTest(SuiteRunner.java:334)
	at org.testng.SuiteRunner.runSequentially(SuiteRunner.java:329)
	at org.testng.SuiteRunner.privateRun(SuiteRunner.java:291)
	at org.testng.SuiteRunner.run(SuiteRunner.java:240)
	at org.testng.SuiteRunnerWorker.runSuite(SuiteRunnerWorker.java:53)
	at org.testng.SuiteRunnerWorker.run(SuiteRunnerWorker.java:87)
	at org.testng.TestNG.runSuitesSequentially(TestNG.java:1188)
	at org.testng.TestNG.runSuitesLocally(TestNG.java:1113)
	at org.testng.TestNG.run(TestNG.java:1025)
	at org.testng.TestNG.privateMain(TestNG.java:1328)
	at org.testng.TestNG.main(TestNG.java:1297)
]]>
            </full-stacktrace>
          </exception> <!-- java.lang.AssertionError -->
        </test-method> <!-- test -->
        <test-method status="FAIL" signature="test()[pri:0, instance:com.letv.ads.util.AutoTest@16f7c8c1]" name="test" duration-ms="2051" started-at="2017-05-24T18:38:20Z" description="测试用例" finished-at="2017-05-24T18:38:22Z">
          <exception class="java.lang.AssertionError">
            <message>
              <![CDATA[测试用例[[public-kjgg-012]开机广告012]在memcached中set key=d053ae95fe3fecfd15ed1c2dbe521055.label,value=[1]时发生错误]]>
            </message>
            <full-stacktrace>
              <![CDATA[java.lang.AssertionError: 测试用例[[public-kjgg-012]开机广告012]在memcached中set key=d053ae95fe3fecfd15ed1c2dbe521055.label,value=[1]时发生错误
	at org.testng.Assert.fail(Assert.java:89)
	at com.letv.ads.util.BaseCase.operateMemcached(Unknown Source)
	at com.letv.ads.util.AutoTest.test(Unknown Source)
	at sun.reflect.GeneratedMethodAccessor3.invoke(Unknown Source)
	at sun.reflect.DelegatingMethodAccessorImpl.invoke(Unknown Source)
	at java.lang.reflect.Method.invoke(Unknown Source)
	at org.testng.internal.MethodInvocationHelper.invokeMethod(MethodInvocationHelper.java:80)
	at org.testng.internal.Invoker.invokeMethod(Invoker.java:702)
	at org.testng.internal.Invoker.invokeTestMethod(Invoker.java:894)
	at org.testng.internal.Invoker.invokeTestMethods(Invoker.java:1219)
	at org.testng.internal.TestMethodWorker.invokeTestMethods(TestMethodWorker.java:127)
	at org.testng.internal.TestMethodWorker.run(TestMethodWorker.java:111)
	at org.testng.TestRunner.privateRun(TestRunner.java:768)
	at org.testng.TestRunner.run(TestRunner.java:617)
	at org.testng.SuiteRunner.runTest(SuiteRunner.java:334)
	at org.testng.SuiteRunner.runSequentially(SuiteRunner.java:329)
	at org.testng.SuiteRunner.privateRun(SuiteRunner.java:291)
	at org.testng.SuiteRunner.run(SuiteRunner.java:240)
	at org.testng.SuiteRunnerWorker.runSuite(SuiteRunnerWorker.java:53)
	at org.testng.SuiteRunnerWorker.run(SuiteRunnerWorker.java:87)
	at org.testng.TestNG.runSuitesSequentially(TestNG.java:1188)
	at org.testng.TestNG.runSuitesLocally(TestNG.java:1113)
	at org.testng.TestNG.run(TestNG.java:1025)
	at org.testng.TestNG.privateMain(TestNG.java:1328)
	at org.testng.TestNG.main(TestNG.java:1297)
]]>
            </full-stacktrace>
          </exception> <!-- java.lang.AssertionError -->
        </test-method> <!-- test -->
        <test-method status="FAIL" signature="test()[pri:0, instance:com.letv.ads.util.AutoTest@17211155]" name="test" duration-ms="6605" started-at="2017-05-24T18:38:22Z" description="测试用例" finished-at="2017-05-24T18:38:28Z">
          <exception class="java.lang.AssertionError">
            <message>
              <![CDATA[[public-model-012]测试未通过，部分字段未通过验证！ expected:<ok> but was:<测试用例：[public-model-012]字段校验失败！-----[/VAST/Ad[1]/@order_item_id]的期望值是----1  实际值是------[/VAST/Ad[2]/@order_item_id]的期望值是----2  实际值是------[/VAST/Ad[3]/@order_item_id]的期望值是----3  实际值是---->]]>
            </message>
            <full-stacktrace>
              <![CDATA[java.lang.AssertionError: [public-model-012]测试未通过，部分字段未通过验证！ expected:<ok> but was:<测试用例：[public-model-012]字段校验失败！-----[/VAST/Ad[1]/@order_item_id]的期望值是----1  实际值是------[/VAST/Ad[2]/@order_item_id]的期望值是----2  实际值是------[/VAST/Ad[3]/@order_item_id]的期望值是----3  实际值是---->
	at org.testng.Assert.fail(Assert.java:89)
	at org.testng.Assert.failNotEquals(Assert.java:489)
	at org.testng.Assert.assertEquals(Assert.java:118)
	at org.testng.Assert.assertEquals(Assert.java:171)
	at com.letv.ads.util.AutoTest.test(Unknown Source)
	at sun.reflect.GeneratedMethodAccessor3.invoke(Unknown Source)
	at sun.reflect.DelegatingMethodAccessorImpl.invoke(Unknown Source)
	at java.lang.reflect.Method.invoke(Unknown Source)
	at org.testng.internal.MethodInvocationHelper.invokeMethod(MethodInvocationHelper.java:80)
	at org.testng.internal.Invoker.invokeMethod(Invoker.java:702)
	at org.testng.internal.Invoker.invokeTestMethod(Invoker.java:894)
	at org.testng.internal.Invoker.invokeTestMethods(Invoker.java:1219)
	at org.testng.internal.TestMethodWorker.invokeTestMethods(TestMethodWorker.java:127)
	at org.testng.internal.TestMethodWorker.run(TestMethodWorker.java:111)
	at org.testng.TestRunner.privateRun(TestRunner.java:768)
	at org.testng.TestRunner.run(TestRunner.java:617)
	at org.testng.SuiteRunner.runTest(SuiteRunner.java:334)
	at org.testng.SuiteRunner.runSequentially(SuiteRunner.java:329)
	at org.testng.SuiteRunner.privateRun(SuiteRunner.java:291)
	at org.testng.SuiteRunner.run(SuiteRunner.java:240)
	at org.testng.SuiteRunnerWorker.runSuite(SuiteRunnerWorker.java:53)
	at org.testng.SuiteRunnerWorker.run(SuiteRunnerWorker.java:87)
	at org.testng.TestNG.runSuitesSequentially(TestNG.java:1188)
	at org.testng.TestNG.runSuitesLocally(TestNG.java:1113)
	at org.testng.TestNG.run(TestNG.java:1025)
	at org.testng.TestNG.privateMain(TestNG.java:1328)
	at org.testng.TestNG.main(TestNG.java:1297)
]]>
            </full-stacktrace>
          </exception> <!-- java.lang.AssertionError -->
        </test-method> <!-- test -->
        <test-method status="PASS" signature="test()[pri:0, instance:com.letv.ads.util.AutoTest@17695df3]" name="test" duration-ms="20" started-at="2017-05-24T18:38:28Z" description="测试用例" finished-at="2017-05-24T18:38:28Z">
        </test-method> <!-- test -->
        <test-method status="FAIL" signature="test()[pri:0, instance:com.letv.ads.util.AutoTest@1786f9d5]" name="test" duration-ms="1092" started-at="2017-05-24T18:38:28Z" description="测试用例" finished-at="2017-05-24T18:38:29Z">
          <exception class="java.lang.AssertionError">
            <message>
              <![CDATA[[public-gjgg-005]轮播测试中，广告order_item_id[]重复出现，测试失败！]]>
            </message>
            <full-stacktrace>
              <![CDATA[java.lang.AssertionError: [public-gjgg-005]轮播测试中，广告order_item_id[]重复出现，测试失败！
	at org.testng.Assert.fail(Assert.java:89)
	at com.letv.ads.util.AutoTest.test(Unknown Source)
	at sun.reflect.GeneratedMethodAccessor3.invoke(Unknown Source)
	at sun.reflect.DelegatingMethodAccessorImpl.invoke(Unknown Source)
	at java.lang.reflect.Method.invoke(Unknown Source)
	at org.testng.internal.MethodInvocationHelper.invokeMethod(MethodInvocationHelper.java:80)
	at org.testng.internal.Invoker.invokeMethod(Invoker.java:702)
	at org.testng.internal.Invoker.invokeTestMethod(Invoker.java:894)
	at org.testng.internal.Invoker.invokeTestMethods(Invoker.java:1219)
	at org.testng.internal.TestMethodWorker.invokeTestMethods(TestMethodWorker.java:127)
	at org.testng.internal.TestMethodWorker.run(TestMethodWorker.java:111)
	at org.testng.TestRunner.privateRun(TestRunner.java:768)
	at org.testng.TestRunner.run(TestRunner.java:617)
	at org.testng.SuiteRunner.runTest(SuiteRunner.java:334)
	at org.testng.SuiteRunner.runSequentially(SuiteRunner.java:329)
	at org.testng.SuiteRunner.privateRun(SuiteRunner.java:291)
	at org.testng.SuiteRunner.run(SuiteRunner.java:240)
	at org.testng.SuiteRunnerWorker.runSuite(SuiteRunnerWorker.java:53)
	at org.testng.SuiteRunnerWorker.run(SuiteRunnerWorker.java:87)
	at org.testng.TestNG.runSuitesSequentially(TestNG.java:1188)
	at org.testng.TestNG.runSuitesLocally(TestNG.java:1113)
	at org.testng.TestNG.run(TestNG.java:1025)
	at org.testng.TestNG.privateMain(TestNG.java:1328)
	at org.testng.TestNG.main(TestNG.java:1297)
]]>
            </full-stacktrace>
          </exception> <!-- java.lang.AssertionError -->
        </test-method> <!-- test -->
        <test-method status="FAIL" signature="test()[pri:0, instance:com.letv.ads.util.AutoTest@17baae6e]" name="test" duration-ms="1068" started-at="2017-05-24T18:38:29Z" description="测试用例" finished-at="2017-05-24T18:38:31Z">
          <exception class="java.lang.AssertionError">
            <message>
              <![CDATA[[[public-tcl-003]TCL-欢网广告接入方舟003]测试未通过，部分字段未通过验证！ expected:<ok> but was:<测试用例：[[public-tcl-003]TCL-欢网广告接入方舟003]字段校验失败！-----[/VAST/Ad[1]/@order_item_id]的期望值是----1  实际值是---->]]>
            </message>
            <full-stacktrace>
              <![CDATA[java.lang.AssertionError: [[public-tcl-003]TCL-欢网广告接入方舟003]测试未通过，部分字段未通过验证！ expected:<ok> but was:<测试用例：[[public-tcl-003]TCL-欢网广告接入方舟003]字段校验失败！-----[/VAST/Ad[1]/@order_item_id]的期望值是----1  实际值是---->
	at org.testng.Assert.fail(Assert.java:89)
	at org.testng.Assert.failNotEquals(Assert.java:489)
	at org.testng.Assert.assertEquals(Assert.java:118)
	at org.testng.Assert.assertEquals(Assert.java:171)
	at com.letv.ads.util.AutoTest.test(Unknown Source)
	at sun.reflect.GeneratedMethodAccessor3.invoke(Unknown Source)
	at sun.reflect.DelegatingMethodAccessorImpl.invoke(Unknown Source)
	at java.lang.reflect.Method.invoke(Unknown Source)
	at org.testng.internal.MethodInvocationHelper.invokeMethod(MethodInvocationHelper.java:80)
	at org.testng.internal.Invoker.invokeMethod(Invoker.java:702)
	at org.testng.internal.Invoker.invokeTestMethod(Invoker.java:894)
	at org.testng.internal.Invoker.invokeTestMethods(Invoker.java:1219)
	at org.testng.internal.TestMethodWorker.invokeTestMethods(TestMethodWorker.java:127)
	at org.testng.internal.TestMethodWorker.run(TestMethodWorker.java:111)
	at org.testng.TestRunner.privateRun(TestRunner.java:768)
	at org.testng.TestRunner.run(TestRunner.java:617)
	at org.testng.SuiteRunner.runTest(SuiteRunner.java:334)
	at org.testng.SuiteRunner.runSequentially(SuiteRunner.java:329)
	at org.testng.SuiteRunner.privateRun(SuiteRunner.java:291)
	at org.testng.SuiteRunner.run(SuiteRunner.java:240)
	at org.testng.SuiteRunnerWorker.runSuite(SuiteRunnerWorker.java:53)
	at org.testng.SuiteRunnerWorker.run(SuiteRunnerWorker.java:87)
	at org.testng.TestNG.runSuitesSequentially(TestNG.java:1188)
	at org.testng.TestNG.runSuitesLocally(TestNG.java:1113)
	at org.testng.TestNG.run(TestNG.java:1025)
	at org.testng.TestNG.privateMain(TestNG.java:1328)
	at org.testng.TestNG.main(TestNG.java:1297)
]]>
            </full-stacktrace>
          </exception> <!-- java.lang.AssertionError -->
        </test-method> <!-- test -->
        <test-method status="FAIL" signature="test()[pri:0, instance:com.letv.ads.util.AutoTest@17d0685f]" name="test" duration-ms="1094" started-at="2017-05-24T18:38:31Z" description="测试用例" finished-at="2017-05-24T18:38:32Z">
          <exception class="java.lang.AssertionError">
            <message>
              <![CDATA[[[public-dtsc-066]短视频广告时长动态配置066]测试未通过，部分字段未通过验证！ expected:<ok> but was:<测试用例：[[public-dtsc-066]短视频广告时长动态配置066]字段校验失败！-----[/VAST/Ad[1]/@order_item_id]的期望值是----1  实际值是------[/VAST/Policy/CuePoint[1]/@duration]的期望值是----25  实际值是----1>]]>
            </message>
            <full-stacktrace>
              <![CDATA[java.lang.AssertionError: [[public-dtsc-066]短视频广告时长动态配置066]测试未通过，部分字段未通过验证！ expected:<ok> but was:<测试用例：[[public-dtsc-066]短视频广告时长动态配置066]字段校验失败！-----[/VAST/Ad[1]/@order_item_id]的期望值是----1  实际值是------[/VAST/Policy/CuePoint[1]/@duration]的期望值是----25  实际值是----1>
	at org.testng.Assert.fail(Assert.java:89)
	at org.testng.Assert.failNotEquals(Assert.java:489)
	at org.testng.Assert.assertEquals(Assert.java:118)
	at org.testng.Assert.assertEquals(Assert.java:171)
	at com.letv.ads.util.AutoTest.test(Unknown Source)
	at sun.reflect.GeneratedMethodAccessor3.invoke(Unknown Source)
	at sun.reflect.DelegatingMethodAccessorImpl.invoke(Unknown Source)
	at java.lang.reflect.Method.invoke(Unknown Source)
	at org.testng.internal.MethodInvocationHelper.invokeMethod(MethodInvocationHelper.java:80)
	at org.testng.internal.Invoker.invokeMethod(Invoker.java:702)
	at org.testng.internal.Invoker.invokeTestMethod(Invoker.java:894)
	at org.testng.internal.Invoker.invokeTestMethods(Invoker.java:1219)
	at org.testng.internal.TestMethodWorker.invokeTestMethods(TestMethodWorker.java:127)
	at org.testng.internal.TestMethodWorker.run(TestMethodWorker.java:111)
	at org.testng.TestRunner.privateRun(TestRunner.java:768)
	at org.testng.TestRunner.run(TestRunner.java:617)
	at org.testng.SuiteRunner.runTest(SuiteRunner.java:334)
	at org.testng.SuiteRunner.runSequentially(SuiteRunner.java:329)
	at org.testng.SuiteRunner.privateRun(SuiteRunner.java:291)
	at org.testng.SuiteRunner.run(SuiteRunner.java:240)
	at org.testng.SuiteRunnerWorker.runSuite(SuiteRunnerWorker.java:53)
	at org.testng.SuiteRunnerWorker.run(SuiteRunnerWorker.java:87)
	at org.testng.TestNG.runSuitesSequentially(TestNG.java:1188)
	at org.testng.TestNG.runSuitesLocally(TestNG.java:1113)
	at org.testng.TestNG.run(TestNG.java:1025)
	at org.testng.TestNG.privateMain(TestNG.java:1328)
	at org.testng.TestNG.main(TestNG.java:1297)
]]>
            </full-stacktrace>
          </exception> <!-- java.lang.AssertionError -->
        </test-method> <!-- test -->
        <test-method status="FAIL" signature="test()[pri:0, instance:com.letv.ads.util.AutoTest@18bf3d14]" name="test" duration-ms="1090" started-at="2017-05-24T18:38:32Z" description="测试用例" finished-at="2017-05-24T18:38:33Z">
          <exception class="java.lang.AssertionError">
            <message>
              <![CDATA[[[public-dtsc-075]短视频广告时长动态配置075]测试未通过，部分字段未通过验证！ expected:<ok> but was:<测试用例：[[public-dtsc-075]短视频广告时长动态配置075]字段校验失败！-----[/VAST/Ad[1]/@order_item_id]的期望值是----1  实际值是------[/VAST/Policy/CuePoint[1]/@duration]的期望值是----15  实际值是----1>]]>
            </message>
            <full-stacktrace>
              <![CDATA[java.lang.AssertionError: [[public-dtsc-075]短视频广告时长动态配置075]测试未通过，部分字段未通过验证！ expected:<ok> but was:<测试用例：[[public-dtsc-075]短视频广告时长动态配置075]字段校验失败！-----[/VAST/Ad[1]/@order_item_id]的期望值是----1  实际值是------[/VAST/Policy/CuePoint[1]/@duration]的期望值是----15  实际值是----1>
	at org.testng.Assert.fail(Assert.java:89)
	at org.testng.Assert.failNotEquals(Assert.java:489)
	at org.testng.Assert.assertEquals(Assert.java:118)
	at org.testng.Assert.assertEquals(Assert.java:171)
	at com.letv.ads.util.AutoTest.test(Unknown Source)
	at sun.reflect.GeneratedMethodAccessor3.invoke(Unknown Source)
	at sun.reflect.DelegatingMethodAccessorImpl.invoke(Unknown Source)
	at java.lang.reflect.Method.invoke(Unknown Source)
	at org.testng.internal.MethodInvocationHelper.invokeMethod(MethodInvocationHelper.java:80)
	at org.testng.internal.Invoker.invokeMethod(Invoker.java:702)
	at org.testng.internal.Invoker.invokeTestMethod(Invoker.java:894)
	at org.testng.internal.Invoker.invokeTestMethods(Invoker.java:1219)
	at org.testng.internal.TestMethodWorker.invokeTestMethods(TestMethodWorker.java:127)
	at org.testng.internal.TestMethodWorker.run(TestMethodWorker.java:111)
	at org.testng.TestRunner.privateRun(TestRunner.java:768)
	at org.testng.TestRunner.run(TestRunner.java:617)
	at org.testng.SuiteRunner.runTest(SuiteRunner.java:334)
	at org.testng.SuiteRunner.runSequentially(SuiteRunner.java:329)
	at org.testng.SuiteRunner.privateRun(SuiteRunner.java:291)
	at org.testng.SuiteRunner.run(SuiteRunner.java:240)
	at org.testng.SuiteRunnerWorker.runSuite(SuiteRunnerWorker.java:53)
	at org.testng.SuiteRunnerWorker.run(SuiteRunnerWorker.java:87)
	at org.testng.TestNG.runSuitesSequentially(TestNG.java:1188)
	at org.testng.TestNG.runSuitesLocally(TestNG.java:1113)
	at org.testng.TestNG.run(TestNG.java:1025)
	at org.testng.TestNG.privateMain(TestNG.java:1328)
	at org.testng.TestNG.main(TestNG.java:1297)
]]>
            </full-stacktrace>
          </exception> <!-- java.lang.AssertionError -->
        </test-method> <!-- test -->
        <test-method status="PASS" signature="test()[pri:0, instance:com.letv.ads.util.AutoTest@192d3247]" name="test" duration-ms="1061" started-at="2017-05-24T18:38:33Z" description="测试用例" finished-at="2017-05-24T18:38:34Z">
        </test-method> <!-- test -->
        <test-method status="FAIL" signature="test()[pri:0, instance:com.letv.ads.util.AutoTest@1990a65e]" name="test" duration-ms="1080" started-at="2017-05-24T18:38:34Z" description="测试用例" finished-at="2017-05-24T18:38:35Z">
          <exception class="java.lang.AssertionError">
            <message>
              <![CDATA[[[public-dtsc-079]短视频广告时长动态配置079]测试未通过，部分字段未通过验证！ expected:<ok> but was:<测试用例：[[public-dtsc-079]短视频广告时长动态配置079]字段校验失败！-----[/VAST/Ad[1]/@order_item_id]的期望值是----1  实际值是------[/VAST/Policy/CuePoint[1]/@duration]的期望值是----15  实际值是----1>]]>
            </message>
            <full-stacktrace>
              <![CDATA[java.lang.AssertionError: [[public-dtsc-079]短视频广告时长动态配置079]测试未通过，部分字段未通过验证！ expected:<ok> but was:<测试用例：[[public-dtsc-079]短视频广告时长动态配置079]字段校验失败！-----[/VAST/Ad[1]/@order_item_id]的期望值是----1  实际值是------[/VAST/Policy/CuePoint[1]/@duration]的期望值是----15  实际值是----1>
	at org.testng.Assert.fail(Assert.java:89)
	at org.testng.Assert.failNotEquals(Assert.java:489)
	at org.testng.Assert.assertEquals(Assert.java:118)
	at org.testng.Assert.assertEquals(Assert.java:171)
	at com.letv.ads.util.AutoTest.test(Unknown Source)
	at sun.reflect.GeneratedMethodAccessor3.invoke(Unknown Source)
	at sun.reflect.DelegatingMethodAccessorImpl.invoke(Unknown Source)
	at java.lang.reflect.Method.invoke(Unknown Source)
	at org.testng.internal.MethodInvocationHelper.invokeMethod(MethodInvocationHelper.java:80)
	at org.testng.internal.Invoker.invokeMethod(Invoker.java:702)
	at org.testng.internal.Invoker.invokeTestMethod(Invoker.java:894)
	at org.testng.internal.Invoker.invokeTestMethods(Invoker.java:1219)
	at org.testng.internal.TestMethodWorker.invokeTestMethods(TestMethodWorker.java:127)
	at org.testng.internal.TestMethodWorker.run(TestMethodWorker.java:111)
	at org.testng.TestRunner.privateRun(TestRunner.java:768)
	at org.testng.TestRunner.run(TestRunner.java:617)
	at org.testng.SuiteRunner.runTest(SuiteRunner.java:334)
	at org.testng.SuiteRunner.runSequentially(SuiteRunner.java:329)
	at org.testng.SuiteRunner.privateRun(SuiteRunner.java:291)
	at org.testng.SuiteRunner.run(SuiteRunner.java:240)
	at org.testng.SuiteRunnerWorker.runSuite(SuiteRunnerWorker.java:53)
	at org.testng.SuiteRunnerWorker.run(SuiteRunnerWorker.java:87)
	at org.testng.TestNG.runSuitesSequentially(TestNG.java:1188)
	at org.testng.TestNG.runSuitesLocally(TestNG.java:1113)
	at org.testng.TestNG.run(TestNG.java:1025)
	at org.testng.TestNG.privateMain(TestNG.java:1328)
	at org.testng.TestNG.main(TestNG.java:1297)
]]>
            </full-stacktrace>
          </exception> <!-- java.lang.AssertionError -->
        </test-method> <!-- test -->
        <test-method status="PASS" signature="test()[pri:0, instance:com.letv.ads.util.AutoTest@1a3869f4]" name="test" duration-ms="1100" started-at="2017-05-24T18:38:35Z" description="测试用例" finished-at="2017-05-24T18:38:36Z">
        </test-method> <!-- test -->
        <test-method status="FAIL" signature="test()[pri:0, instance:com.letv.ads.util.AutoTest@1ad282e0]" name="test" duration-ms="1290" started-at="2017-05-24T18:38:36Z" description="测试用例" finished-at="2017-05-24T18:38:37Z">
          <exception class="java.lang.AssertionError">
            <message>
              <![CDATA[[[public-tcl-015]TCL-欢网广告接入方舟015]测试未通过，部分字段未通过验证！ expected:<ok> but was:<测试用例：[[public-tcl-015]TCL-欢网广告接入方舟015]字段校验失败！-----[/VAST/Ad[1]/@order_item_id]的期望值是----1  实际值是------[/VAST/Ad[1]/@order_item_id]的期望值是----2  实际值是---->]]>
            </message>
            <full-stacktrace>
              <![CDATA[java.lang.AssertionError: [[public-tcl-015]TCL-欢网广告接入方舟015]测试未通过，部分字段未通过验证！ expected:<ok> but was:<测试用例：[[public-tcl-015]TCL-欢网广告接入方舟015]字段校验失败！-----[/VAST/Ad[1]/@order_item_id]的期望值是----1  实际值是------[/VAST/Ad[1]/@order_item_id]的期望值是----2  实际值是---->
	at org.testng.Assert.fail(Assert.java:89)
	at org.testng.Assert.failNotEquals(Assert.java:489)
	at org.testng.Assert.assertEquals(Assert.java:118)
	at org.testng.Assert.assertEquals(Assert.java:171)
	at com.letv.ads.util.AutoTest.test(Unknown Source)
	at sun.reflect.GeneratedMethodAccessor3.invoke(Unknown Source)
	at sun.reflect.DelegatingMethodAccessorImpl.invoke(Unknown Source)
	at java.lang.reflect.Method.invoke(Unknown Source)
	at org.testng.internal.MethodInvocationHelper.invokeMethod(MethodInvocationHelper.java:80)
	at org.testng.internal.Invoker.invokeMethod(Invoker.java:702)
	at org.testng.internal.Invoker.invokeTestMethod(Invoker.java:894)
	at org.testng.internal.Invoker.invokeTestMethods(Invoker.java:1219)
	at org.testng.internal.TestMethodWorker.invokeTestMethods(TestMethodWorker.java:127)
	at org.testng.internal.TestMethodWorker.run(TestMethodWorker.java:111)
	at org.testng.TestRunner.privateRun(TestRunner.java:768)
	at org.testng.TestRunner.run(TestRunner.java:617)
	at org.testng.SuiteRunner.runTest(SuiteRunner.java:334)
	at org.testng.SuiteRunner.runSequentially(SuiteRunner.java:329)
	at org.testng.SuiteRunner.privateRun(SuiteRunner.java:291)
	at org.testng.SuiteRunner.run(SuiteRunner.java:240)
	at org.testng.SuiteRunnerWorker.runSuite(SuiteRunnerWorker.java:53)
	at org.testng.SuiteRunnerWorker.run(SuiteRunnerWorker.java:87)
	at org.testng.TestNG.runSuitesSequentially(TestNG.java:1188)
	at org.testng.TestNG.runSuitesLocally(TestNG.java:1113)
	at org.testng.TestNG.run(TestNG.java:1025)
	at org.testng.TestNG.privateMain(TestNG.java:1328)
	at org.testng.TestNG.main(TestNG.java:1297)
]]>
            </full-stacktrace>
          </exception> <!-- java.lang.AssertionError -->
        </test-method> <!-- test -->
        <test-method status="PASS" signature="test()[pri:0, instance:com.letv.ads.util.AutoTest@1b26f7b2]" name="test" duration-ms="1040" started-at="2017-05-24T18:38:37Z" description="测试用例" finished-at="2017-05-24T18:38:38Z">
        </test-method> <!-- test -->
        <test-method status="FAIL" signature="test()[pri:0, instance:com.letv.ads.util.AutoTest@1cab0bfb]" name="test" duration-ms="1140" started-at="2017-05-24T18:38:38Z" description="测试用例" finished-at="2017-05-24T18:38:39Z">
          <exception class="java.lang.AssertionError">
            <message>
              <![CDATA[[[public-tcl-017]TCL-欢网广告接入方舟017]测试未通过，部分字段未通过验证！ expected:<ok> but was:<测试用例：[[public-tcl-017]TCL-欢网广告接入方舟017]字段校验失败！-----[/VAST/Ad[1]/@order_item_id]的期望值是----1  实际值是------[/VAST/Ad[1]/@order_item_id]的期望值是----1  实际值是---->]]>
            </message>
            <full-stacktrace>
              <![CDATA[java.lang.AssertionError: [[public-tcl-017]TCL-欢网广告接入方舟017]测试未通过，部分字段未通过验证！ expected:<ok> but was:<测试用例：[[public-tcl-017]TCL-欢网广告接入方舟017]字段校验失败！-----[/VAST/Ad[1]/@order_item_id]的期望值是----1  实际值是------[/VAST/Ad[1]/@order_item_id]的期望值是----1  实际值是---->
	at org.testng.Assert.fail(Assert.java:89)
	at org.testng.Assert.failNotEquals(Assert.java:489)
	at org.testng.Assert.assertEquals(Assert.java:118)
	at org.testng.Assert.assertEquals(Assert.java:171)
	at com.letv.ads.util.AutoTest.test(Unknown Source)
	at sun.reflect.GeneratedMethodAccessor3.invoke(Unknown Source)
	at sun.reflect.DelegatingMethodAccessorImpl.invoke(Unknown Source)
	at java.lang.reflect.Method.invoke(Unknown Source)
	at org.testng.internal.MethodInvocationHelper.invokeMethod(MethodInvocationHelper.java:80)
	at org.testng.internal.Invoker.invokeMethod(Invoker.java:702)
	at org.testng.internal.Invoker.invokeTestMethod(Invoker.java:894)
	at org.testng.internal.Invoker.invokeTestMethods(Invoker.java:1219)
	at org.testng.internal.TestMethodWorker.invokeTestMethods(TestMethodWorker.java:127)
	at org.testng.internal.TestMethodWorker.run(TestMethodWorker.java:111)
	at org.testng.TestRunner.privateRun(TestRunner.java:768)
	at org.testng.TestRunner.run(TestRunner.java:617)
	at org.testng.SuiteRunner.runTest(SuiteRunner.java:334)
	at org.testng.SuiteRunner.runSequentially(SuiteRunner.java:329)
	at org.testng.SuiteRunner.privateRun(SuiteRunner.java:291)
	at org.testng.SuiteRunner.run(SuiteRunner.java:240)
	at org.testng.SuiteRunnerWorker.runSuite(SuiteRunnerWorker.java:53)
	at org.testng.SuiteRunnerWorker.run(SuiteRunnerWorker.java:87)
	at org.testng.TestNG.runSuitesSequentially(TestNG.java:1188)
	at org.testng.TestNG.runSuitesLocally(TestNG.java:1113)
	at org.testng.TestNG.run(TestNG.java:1025)
	at org.testng.TestNG.privateMain(TestNG.java:1328)
	at org.testng.TestNG.main(TestNG.java:1297)
]]>
            </full-stacktrace>
          </exception> <!-- java.lang.AssertionError -->
        </test-method> <!-- test -->
        <test-method status="FAIL" signature="test()[pri:0, instance:com.letv.ads.util.AutoTest@1d371b2d]" name="test" duration-ms="1092" started-at="2017-05-24T18:38:39Z" description="测试用例" finished-at="2017-05-24T18:38:40Z">
          <exception class="java.lang.AssertionError">
            <message>
              <![CDATA[[[public-dtsc-054]短视频广告时长动态配置054]测试未通过，部分字段未通过验证！ expected:<ok> but was:<测试用例：[[public-dtsc-054]短视频广告时长动态配置054]字段校验失败！-----[/VAST/Ad[1]/@order_item_id]的期望值是----1  实际值是------[/VAST/Policy/CuePoint[1]/@duration]的期望值是----45  实际值是----1>]]>
            </message>
            <full-stacktrace>
              <![CDATA[java.lang.AssertionError: [[public-dtsc-054]短视频广告时长动态配置054]测试未通过，部分字段未通过验证！ expected:<ok> but was:<测试用例：[[public-dtsc-054]短视频广告时长动态配置054]字段校验失败！-----[/VAST/Ad[1]/@order_item_id]的期望值是----1  实际值是------[/VAST/Policy/CuePoint[1]/@duration]的期望值是----45  实际值是----1>
	at org.testng.Assert.fail(Assert.java:89)
	at org.testng.Assert.failNotEquals(Assert.java:489)
	at org.testng.Assert.assertEquals(Assert.java:118)
	at org.testng.Assert.assertEquals(Assert.java:171)
	at com.letv.ads.util.AutoTest.test(Unknown Source)
	at sun.reflect.GeneratedMethodAccessor3.invoke(Unknown Source)
	at sun.reflect.DelegatingMethodAccessorImpl.invoke(Unknown Source)
	at java.lang.reflect.Method.invoke(Unknown Source)
	at org.testng.internal.MethodInvocationHelper.invokeMethod(MethodInvocationHelper.java:80)
	at org.testng.internal.Invoker.invokeMethod(Invoker.java:702)
	at org.testng.internal.Invoker.invokeTestMethod(Invoker.java:894)
	at org.testng.internal.Invoker.invokeTestMethods(Invoker.java:1219)
	at org.testng.internal.TestMethodWorker.invokeTestMethods(TestMethodWorker.java:127)
	at org.testng.internal.TestMethodWorker.run(TestMethodWorker.java:111)
	at org.testng.TestRunner.privateRun(TestRunner.java:768)
	at org.testng.TestRunner.run(TestRunner.java:617)
	at org.testng.SuiteRunner.runTest(SuiteRunner.java:334)
	at org.testng.SuiteRunner.runSequentially(SuiteRunner.java:329)
	at org.testng.SuiteRunner.privateRun(SuiteRunner.java:291)
	at org.testng.SuiteRunner.run(SuiteRunner.java:240)
	at org.testng.SuiteRunnerWorker.runSuite(SuiteRunnerWorker.java:53)
	at org.testng.SuiteRunnerWorker.run(SuiteRunnerWorker.java:87)
	at org.testng.TestNG.runSuitesSequentially(TestNG.java:1188)
	at org.testng.TestNG.runSuitesLocally(TestNG.java:1113)
	at org.testng.TestNG.run(TestNG.java:1025)
	at org.testng.TestNG.privateMain(TestNG.java:1328)
	at org.testng.TestNG.main(TestNG.java:1297)
]]>
            </full-stacktrace>
          </exception> <!-- java.lang.AssertionError -->
        </test-method> <!-- test -->
        <test-method status="PASS" signature="test()[pri:0, instance:com.letv.ads.util.AutoTest@1d7acb34]" name="test" duration-ms="1098" started-at="2017-05-24T18:38:40Z" description="测试用例" finished-at="2017-05-24T18:38:42Z">
        </test-method> <!-- test -->
        <test-method status="FAIL" signature="test()[pri:0, instance:com.letv.ads.util.AutoTest@1da51a35]" name="test" duration-ms="1051" started-at="2017-05-24T18:38:42Z" description="测试用例" finished-at="2017-05-24T18:38:43Z">
          <exception class="java.lang.AssertionError">
            <message>
              <![CDATA[[[public-pbgg-017]屏保广告017]测试未通过，部分字段未通过验证！ expected:<ok> but was:<测试用例：[[public-pbgg-017]屏保广告017]字段校验失败！-----[/VAST/Ad[1]/@order_item_id]的期望值是----1  实际值是------[/VAST/Ad[2]/@order_item_id]的期望值是----2  实际值是---->]]>
            </message>
            <full-stacktrace>
              <![CDATA[java.lang.AssertionError: [[public-pbgg-017]屏保广告017]测试未通过，部分字段未通过验证！ expected:<ok> but was:<测试用例：[[public-pbgg-017]屏保广告017]字段校验失败！-----[/VAST/Ad[1]/@order_item_id]的期望值是----1  实际值是------[/VAST/Ad[2]/@order_item_id]的期望值是----2  实际值是---->
	at org.testng.Assert.fail(Assert.java:89)
	at org.testng.Assert.failNotEquals(Assert.java:489)
	at org.testng.Assert.assertEquals(Assert.java:118)
	at org.testng.Assert.assertEquals(Assert.java:171)
	at com.letv.ads.util.AutoTest.test(Unknown Source)
	at sun.reflect.GeneratedMethodAccessor3.invoke(Unknown Source)
	at sun.reflect.DelegatingMethodAccessorImpl.invoke(Unknown Source)
	at java.lang.reflect.Method.invoke(Unknown Source)
	at org.testng.internal.MethodInvocationHelper.invokeMethod(MethodInvocationHelper.java:80)
	at org.testng.internal.Invoker.invokeMethod(Invoker.java:702)
	at org.testng.internal.Invoker.invokeTestMethod(Invoker.java:894)
	at org.testng.internal.Invoker.invokeTestMethods(Invoker.java:1219)
	at org.testng.internal.TestMethodWorker.invokeTestMethods(TestMethodWorker.java:127)
	at org.testng.internal.TestMethodWorker.run(TestMethodWorker.java:111)
	at org.testng.TestRunner.privateRun(TestRunner.java:768)
	at org.testng.TestRunner.run(TestRunner.java:617)
	at org.testng.SuiteRunner.runTest(SuiteRunner.java:334)
	at org.testng.SuiteRunner.runSequentially(SuiteRunner.java:329)
	at org.testng.SuiteRunner.privateRun(SuiteRunner.java:291)
	at org.testng.SuiteRunner.run(SuiteRunner.java:240)
	at org.testng.SuiteRunnerWorker.runSuite(SuiteRunnerWorker.java:53)
	at org.testng.SuiteRunnerWorker.run(SuiteRunnerWorker.java:87)
	at org.testng.TestNG.runSuitesSequentially(TestNG.java:1188)
	at org.testng.TestNG.runSuitesLocally(TestNG.java:1113)
	at org.testng.TestNG.run(TestNG.java:1025)
	at org.testng.TestNG.privateMain(TestNG.java:1328)
	at org.testng.TestNG.main(TestNG.java:1297)
]]>
            </full-stacktrace>
          </exception> <!-- java.lang.AssertionError -->
        </test-method> <!-- test -->
        <test-method status="FAIL" signature="test()[pri:0, instance:com.letv.ads.util.AutoTest@1e4a7dd4]" name="test" duration-ms="1171" started-at="2017-05-24T18:38:43Z" description="测试用例" finished-at="2017-05-24T18:38:44Z">
          <exception class="java.lang.AssertionError">
            <message>
              <![CDATA[[[public-tcl-009]TCL-欢网广告接入方舟009]测试未通过，部分字段未通过验证！ expected:<ok> but was:<测试用例：[[public-tcl-009]TCL-欢网广告接入方舟009]字段校验失败！-----[/VAST/Ad[1]/@order_item_id]的期望值是----1  实际值是---->]]>
            </message>
            <full-stacktrace>
              <![CDATA[java.lang.AssertionError: [[public-tcl-009]TCL-欢网广告接入方舟009]测试未通过，部分字段未通过验证！ expected:<ok> but was:<测试用例：[[public-tcl-009]TCL-欢网广告接入方舟009]字段校验失败！-----[/VAST/Ad[1]/@order_item_id]的期望值是----1  实际值是---->
	at org.testng.Assert.fail(Assert.java:89)
	at org.testng.Assert.failNotEquals(Assert.java:489)
	at org.testng.Assert.assertEquals(Assert.java:118)
	at org.testng.Assert.assertEquals(Assert.java:171)
	at com.letv.ads.util.AutoTest.test(Unknown Source)
	at sun.reflect.GeneratedMethodAccessor3.invoke(Unknown Source)
	at sun.reflect.DelegatingMethodAccessorImpl.invoke(Unknown Source)
	at java.lang.reflect.Method.invoke(Unknown Source)
	at org.testng.internal.MethodInvocationHelper.invokeMethod(MethodInvocationHelper.java:80)
	at org.testng.internal.Invoker.invokeMethod(Invoker.java:702)
	at org.testng.internal.Invoker.invokeTestMethod(Invoker.java:894)
	at org.testng.internal.Invoker.invokeTestMethods(Invoker.java:1219)
	at org.testng.internal.TestMethodWorker.invokeTestMethods(TestMethodWorker.java:127)
	at org.testng.internal.TestMethodWorker.run(TestMethodWorker.java:111)
	at org.testng.TestRunner.privateRun(TestRunner.java:768)
	at org.testng.TestRunner.run(TestRunner.java:617)
	at org.testng.SuiteRunner.runTest(SuiteRunner.java:334)
	at org.testng.SuiteRunner.runSequentially(SuiteRunner.java:329)
	at org.testng.SuiteRunner.privateRun(SuiteRunner.java:291)
	at org.testng.SuiteRunner.run(SuiteRunner.java:240)
	at org.testng.SuiteRunnerWorker.runSuite(SuiteRunnerWorker.java:53)
	at org.testng.SuiteRunnerWorker.run(SuiteRunnerWorker.java:87)
	at org.testng.TestNG.runSuitesSequentially(TestNG.java:1188)
	at org.testng.TestNG.runSuitesLocally(TestNG.java:1113)
	at org.testng.TestNG.run(TestNG.java:1025)
	at org.testng.TestNG.privateMain(TestNG.java:1328)
	at org.testng.TestNG.main(TestNG.java:1297)
]]>
            </full-stacktrace>
          </exception> <!-- java.lang.AssertionError -->
        </test-method> <!-- test -->
        <test-method status="PASS" signature="test()[pri:0, instance:com.letv.ads.util.AutoTest@1e7c7811]" name="test" duration-ms="1077" started-at="2017-05-24T18:38:44Z" description="测试用例" finished-at="2017-05-24T18:38:45Z">
        </test-method> <!-- test -->
        <test-method status="FAIL" signature="test()[pri:0, instance:com.letv.ads.util.AutoTest@1f021e6c]" name="test" duration-ms="1076" started-at="2017-05-24T18:38:45Z" description="测试用例" finished-at="2017-05-24T18:38:46Z">
          <exception class="java.lang.AssertionError">
            <message>
              <![CDATA[[[public-pbgg-010]屏保广告010]测试未通过，部分字段未通过验证！ expected:<ok> but was:<测试用例：[[public-pbgg-010]屏保广告010]字段校验失败！-----[/VAST/Ad[1]/@order_item_id]的期望值是----1  实际值是------[/VAST/Ad[2]/@order_item_id]的期望值是----2  实际值是---->]]>
            </message>
            <full-stacktrace>
              <![CDATA[java.lang.AssertionError: [[public-pbgg-010]屏保广告010]测试未通过，部分字段未通过验证！ expected:<ok> but was:<测试用例：[[public-pbgg-010]屏保广告010]字段校验失败！-----[/VAST/Ad[1]/@order_item_id]的期望值是----1  实际值是------[/VAST/Ad[2]/@order_item_id]的期望值是----2  实际值是---->
	at org.testng.Assert.fail(Assert.java:89)
	at org.testng.Assert.failNotEquals(Assert.java:489)
	at org.testng.Assert.assertEquals(Assert.java:118)
	at org.testng.Assert.assertEquals(Assert.java:171)
	at com.letv.ads.util.AutoTest.test(Unknown Source)
	at sun.reflect.GeneratedMethodAccessor3.invoke(Unknown Source)
	at sun.reflect.DelegatingMethodAccessorImpl.invoke(Unknown Source)
	at java.lang.reflect.Method.invoke(Unknown Source)
	at org.testng.internal.MethodInvocationHelper.invokeMethod(MethodInvocationHelper.java:80)
	at org.testng.internal.Invoker.invokeMethod(Invoker.java:702)
	at org.testng.internal.Invoker.invokeTestMethod(Invoker.java:894)
	at org.testng.internal.Invoker.invokeTestMethods(Invoker.java:1219)
	at org.testng.internal.TestMethodWorker.invokeTestMethods(TestMethodWorker.java:127)
	at org.testng.internal.TestMethodWorker.run(TestMethodWorker.java:111)
	at org.testng.TestRunner.privateRun(TestRunner.java:768)
	at org.testng.TestRunner.run(TestRunner.java:617)
	at org.testng.SuiteRunner.runTest(SuiteRunner.java:334)
	at org.testng.SuiteRunner.runSequentially(SuiteRunner.java:329)
	at org.testng.SuiteRunner.privateRun(SuiteRunner.java:291)
	at org.testng.SuiteRunner.run(SuiteRunner.java:240)
	at org.testng.SuiteRunnerWorker.runSuite(SuiteRunnerWorker.java:53)
	at org.testng.SuiteRunnerWorker.run(SuiteRunnerWorker.java:87)
	at org.testng.TestNG.runSuitesSequentially(TestNG.java:1188)
	at org.testng.TestNG.runSuitesLocally(TestNG.java:1113)
	at org.testng.TestNG.run(TestNG.java:1025)
	at org.testng.TestNG.privateMain(TestNG.java:1328)
	at org.testng.TestNG.main(TestNG.java:1297)
]]>
            </full-stacktrace>
          </exception> <!-- java.lang.AssertionError -->
        </test-method> <!-- test -->
        <test-method status="FAIL" signature="test()[pri:0, instance:com.letv.ads.util.AutoTest@1fc2b765]" name="test" duration-ms="1076" started-at="2017-05-24T18:38:46Z" description="测试用例" finished-at="2017-05-24T18:38:47Z">
          <exception class="java.lang.AssertionError">
            <message>
              <![CDATA[[[public-dtsc-061]短视频广告时长动态配置061]测试未通过，部分字段未通过验证！ expected:<ok> but was:<测试用例：[[public-dtsc-061]短视频广告时长动态配置061]字段校验失败！-----[/VAST/Ad[1]/@order_item_id]的期望值是----1  实际值是------[/VAST/Policy/CuePoint[1]/@duration]的期望值是----25  实际值是----1>]]>
            </message>
            <full-stacktrace>
[...]
	at java.lang.reflect.Method.invoke(Unknown Source)
	at org.testng.internal.MethodInvocationHelper.invokeMethod(MethodInvocationHelper.java:80)
	at org.testng.internal.Invoker.invokeMethod(Invoker.java:702)
	at org.testng.internal.Invoker.invokeTestMethod(Invoker.java:894)
	at org.testng.internal.Invoker.invokeTestMethods(Invoker.java:1219)
	at org.testng.internal.TestMethodWorker.invokeTestMethods(TestMethodWorker.java:127)
	at org.testng.internal.TestMethodWorker.run(TestMethodWorker.java:111)
	at org.testng.TestRunner.privateRun(TestRunner.java:768)
	at org.testng.TestRunner.run(TestRunner.java:617)
	at org.testng.SuiteRunner.runTest(SuiteRunner.java:334)
	at org.testng.SuiteRunner.runSequentially(SuiteRunner.java:329)
	at org.testng.SuiteRunner.privateRun(SuiteRunner.java:291)
	at org.testng.SuiteRunner.run(SuiteRunner.java:240)
	at org.testng.SuiteRunnerWorker.runSuite(SuiteRunnerWorker.java:53)
	at org.testng.SuiteRunnerWorker.run(SuiteRunnerWorker.java:87)
	at org.testng.TestNG.runSuitesSequentially(TestNG.java:1188)
	at org.testng.TestNG.runSuitesLocally(TestNG.java:1113)
	at org.testng.TestNG.run(TestNG.java:1025)
	at org.testng.TestNG.privateMain(TestNG.java:1328)
	at org.testng.TestNG.main(TestNG.java:1297)
]]>
            </full-stacktrace>
          </exception> <!-- java.lang.AssertionError -->
        </test-method> <!-- test -->
        <test-method status="FAIL" signature="test()[pri:0, instance:com.letv.ads.util.AutoTest@de3a06f]" name="test" duration-ms="1029" started-at="2017-05-24T18:42:08Z" description="测试用例" finished-at="2017-05-24T18:42:09Z">
          <exception class="java.lang.AssertionError">
            <message>
              <![CDATA[[[public-ydddl-001]-移动端导流001]测试未通过，部分字段未通过验证！ expected:<ok> but was:<测试用例：[[public-ydddl-001]-移动端导流001]字段校验失败！-----[/VAST/@code]的期望值是----  实际值是----110005;--[/VAST/Ad[1]/@order_item_id]的期望值是----1  实际值是---->]]>
            </message>
            <full-stacktrace>
              <![CDATA[java.lang.AssertionError: [[public-ydddl-001]-移动端导流001]测试未通过，部分字段未通过验证！ expected:<ok> but was:<测试用例：[[public-ydddl-001]-移动端导流001]字段校验失败！-----[/VAST/@code]的期望值是----  实际值是----110005;--[/VAST/Ad[1]/@order_item_id]的期望值是----1  实际值是---->
	at org.testng.Assert.fail(Assert.java:89)
	at org.testng.Assert.failNotEquals(Assert.java:489)
	at org.testng.Assert.assertEquals(Assert.java:118)
	at org.testng.Assert.assertEquals(Assert.java:171)
	at com.letv.ads.util.AutoTest.test(Unknown Source)
	at sun.reflect.GeneratedMethodAccessor3.invoke(Unknown Source)
	at sun.reflect.DelegatingMethodAccessorImpl.invoke(Unknown Source)
	at java.lang.reflect.Method.invoke(Unknown Source)
	at org.testng.internal.MethodInvocationHelper.invokeMethod(MethodInvocationHelper.java:80)
	at org.testng.internal.Invoker.invokeMethod(Invoker.java:702)
	at org.testng.internal.Invoker.invokeTestMethod(Invoker.java:894)
	at org.testng.internal.Invoker.invokeTestMethods(Invoker.java:1219)
	at org.testng.internal.TestMethodWorker.invokeTestMethods(TestMethodWorker.java:127)
	at org.testng.internal.TestMethodWorker.run(TestMethodWorker.java:111)
	at org.testng.TestRunner.privateRun(TestRunner.java:768)
	at org.testng.TestRunner.run(TestRunner.java:617)
	at org.testng.SuiteRunner.runTest(SuiteRunner.java:334)
	at org.testng.SuiteRunner.runSequentially(SuiteRunner.java:329)
	at org.testng.SuiteRunner.privateRun(SuiteRunner.java:291)
	at org.testng.SuiteRunner.run(SuiteRunner.java:240)
	at org.testng.SuiteRunnerWorker.runSuite(SuiteRunnerWorker.java:53)
	at org.testng.SuiteRunnerWorker.run(SuiteRunnerWorker.java:87)
	at org.testng.TestNG.runSuitesSequentially(TestNG.java:1188)
	at org.testng.TestNG.runSuitesLocally(TestNG.java:1113)
	at org.testng.TestNG.run(TestNG.java:1025)
	at org.testng.TestNG.privateMain(TestNG.java:1328)
	at org.testng.TestNG.main(TestNG.java:1297)
]]>
            </full-stacktrace>
          </exception> <!-- java.lang.AssertionError -->
        </test-method> <!-- test -->
        <test-method status="FAIL" signature="test()[pri:0, instance:com.letv.ads.util.AutoTest@df27fae]" name="test" duration-ms="1061" started-at="2017-05-24T18:42:09Z" description="测试用例" finished-at="2017-05-24T18:42:10Z">
          <exception class="java.lang.AssertionError">
            <message>
              <![CDATA[[[public-kjgg-010]开机广告010]轮播测试中，广告order_item_id[]重复出现，测试失败！]]>
            </message>
            <full-stacktrace>
              <![CDATA[java.lang.AssertionError: [[public-kjgg-010]开机广告010]轮播测试中，广告order_item_id[]重复出现，测试失败！
	at org.testng.Assert.fail(Assert.java:89)
	at com.letv.ads.util.AutoTest.test(Unknown Source)
	at sun.reflect.GeneratedMethodAccessor3.invoke(Unknown Source)
	at sun.reflect.DelegatingMethodAccessorImpl.invoke(Unknown Source)
	at java.lang.reflect.Method.invoke(Unknown Source)
	at org.testng.internal.MethodInvocationHelper.invokeMethod(MethodInvocationHelper.java:80)
	at org.testng.internal.Invoker.invokeMethod(Invoker.java:702)
	at org.testng.internal.Invoker.invokeTestMethod(Invoker.java:894)
	at org.testng.internal.Invoker.invokeTestMethods(Invoker.java:1219)
	at org.testng.internal.TestMethodWorker.invokeTestMethods(TestMethodWorker.java:127)
	at org.testng.internal.TestMethodWorker.run(TestMethodWorker.java:111)
	at org.testng.TestRunner.privateRun(TestRunner.java:768)
	at org.testng.TestRunner.run(TestRunner.java:617)
	at org.testng.SuiteRunner.runTest(SuiteRunner.java:334)
	at org.testng.SuiteRunner.runSequentially(SuiteRunner.java:329)
	at org.testng.SuiteRunner.privateRun(SuiteRunner.java:291)
	at org.testng.SuiteRunner.run(SuiteRunner.java:240)
	at org.testng.SuiteRunnerWorker.runSuite(SuiteRunnerWorker.java:53)
	at org.testng.SuiteRunnerWorker.run(SuiteRunnerWorker.java:87)
	at org.testng.TestNG.runSuitesSequentially(TestNG.java:1188)
	at org.testng.TestNG.runSuitesLocally(TestNG.java:1113)
	at org.testng.TestNG.run(TestNG.java:1025)
	at org.testng.TestNG.privateMain(TestNG.java:1328)
	at org.testng.TestNG.main(TestNG.java:1297)
]]>
            </full-stacktrace>
          </exception> <!-- java.lang.AssertionError -->
        </test-method> <!-- test -->
        <test-method status="PASS" signature="test()[pri:0, instance:com.letv.ads.util.AutoTest@e720b71]" name="test" duration-ms="1046" started-at="2017-05-24T18:42:10Z" description="测试用例" finished-at="2017-05-24T18:42:11Z">
        </test-method> <!-- test -->
        <test-method status="FAIL" signature="test()[pri:0, instance:com.letv.ads.util.AutoTest@eafc191]" name="test" duration-ms="1042" started-at="2017-05-24T18:42:11Z" description="测试用例" finished-at="2017-05-24T18:42:12Z">
          <exception class="java.lang.AssertionError">
            <message>
              <![CDATA[[[public-dtsc-014]短视频广告时长动态配置014]测试未通过，部分字段未通过验证！ expected:<ok> but was:<测试用例：[[public-dtsc-014]短视频广告时长动态配置014]字段校验失败！-----[/VAST/Ad[1]/@order_item_id]的期望值是----1  实际值是------[/VAST/Policy/CuePoint[1]/@duration]的期望值是----15  实际值是----1>]]>
            </message>
            <full-stacktrace>
              <![CDATA[java.lang.AssertionError: [[public-dtsc-014]短视频广告时长动态配置014]测试未通过，部分字段未通过验证！ expected:<ok> but was:<测试用例：[[public-dtsc-014]短视频广告时长动态配置014]字段校验失败！-----[/VAST/Ad[1]/@order_item_id]的期望值是----1  实际值是------[/VAST/Policy/CuePoint[1]/@duration]的期望值是----15  实际值是----1>
	at org.testng.Assert.fail(Assert.java:89)
	at org.testng.Assert.failNotEquals(Assert.java:489)
	at org.testng.Assert.assertEquals(Assert.java:118)
	at org.testng.Assert.assertEquals(Assert.java:171)
	at com.letv.ads.util.AutoTest.test(Unknown Source)
	at sun.reflect.GeneratedMethodAccessor3.invoke(Unknown Source)
	at sun.reflect.DelegatingMethodAccessorImpl.invoke(Unknown Source)
	at java.lang.reflect.Method.invoke(Unknown Source)
	at org.testng.internal.MethodInvocationHelper.invokeMethod(MethodInvocationHelper.java:80)
	at org.testng.internal.Invoker.invokeMethod(Invoker.java:702)
	at org.testng.internal.Invoker.invokeTestMethod(Invoker.java:894)
	at org.testng.internal.Invoker.invokeTestMethods(Invoker.java:1219)
	at org.testng.internal.TestMethodWorker.invokeTestMethods(TestMethodWorker.java:127)
	at org.testng.internal.TestMethodWorker.run(TestMethodWorker.java:111)
	at org.testng.TestRunner.privateRun(TestRunner.java:768)
	at org.testng.TestRunner.run(TestRunner.java:617)
	at org.testng.SuiteRunner.runTest(SuiteRunner.java:334)
	at org.testng.SuiteRunner.runSequentially(SuiteRunner.java:329)
	at org.testng.SuiteRunner.privateRun(SuiteRunner.java:291)
	at org.testng.SuiteRunner.run(SuiteRunner.java:240)
	at org.testng.SuiteRunnerWorker.runSuite(SuiteRunnerWorker.java:53)
	at org.testng.SuiteRunnerWorker.run(SuiteRunnerWorker.java:87)
	at org.testng.TestNG.runSuitesSequentially(TestNG.java:1188)
	at org.testng.TestNG.runSuitesLocally(TestNG.java:1113)
	at org.testng.TestNG.run(TestNG.java:1025)
	at org.testng.TestNG.privateMain(TestNG.java:1328)
	at org.testng.TestNG.main(TestNG.java:1297)
]]>
            </full-stacktrace>
          </exception> <!-- java.lang.AssertionError -->
        </test-method> <!-- test -->
        <test-method status="FAIL" signature="test()[pri:0, instance:com.letv.ads.util.AutoTest@eb21112]" name="test" duration-ms="1051" started-at="2017-05-24T18:42:12Z" description="测试用例" finished-at="2017-05-24T18:42:13Z">
          <exception class="java.lang.AssertionError">
            <message>
              <![CDATA[[public-gjgg-008]测试未通过，部分字段未通过验证！ expected:<ok> but was:<测试用例：[public-gjgg-008]字段校验失败！-----[/VAST/Ad[1]/@order_item_id]的期望值是----1  实际值是---->]]>
            </message>
            <full-stacktrace>
              <![CDATA[java.lang.AssertionError: [public-gjgg-008]测试未通过，部分字段未通过验证！ expected:<ok> but was:<测试用例：[public-gjgg-008]字段校验失败！-----[/VAST/Ad[1]/@order_item_id]的期望值是----1  实际值是---->
	at org.testng.Assert.fail(Assert.java:89)
	at org.testng.Assert.failNotEquals(Assert.java:489)
	at org.testng.Assert.assertEquals(Assert.java:118)
	at org.testng.Assert.assertEquals(Assert.java:171)
	at com.letv.ads.util.AutoTest.test(Unknown Source)
	at sun.reflect.GeneratedMethodAccessor3.invoke(Unknown Source)
	at sun.reflect.DelegatingMethodAccessorImpl.invoke(Unknown Source)
	at java.lang.reflect.Method.invoke(Unknown Source)
	at org.testng.internal.MethodInvocationHelper.invokeMethod(MethodInvocationHelper.java:80)
	at org.testng.internal.Invoker.invokeMethod(Invoker.java:702)
	at org.testng.internal.Invoker.invokeTestMethod(Invoker.java:894)
	at org.testng.internal.Invoker.invokeTestMethods(Invoker.java:1219)
	at org.testng.internal.TestMethodWorker.invokeTestMethods(TestMethodWorker.java:127)
	at org.testng.internal.TestMethodWorker.run(TestMethodWorker.java:111)
	at org.testng.TestRunner.privateRun(TestRunner.java:768)
	at org.testng.TestRunner.run(TestRunner.java:617)
	at org.testng.SuiteRunner.runTest(SuiteRunner.java:334)
	at org.testng.SuiteRunner.runSequentially(SuiteRunner.java:329)
	at org.testng.SuiteRunner.privateRun(SuiteRunner.java:291)
	at org.testng.SuiteRunner.run(SuiteRunner.java:240)
	at org.testng.SuiteRunnerWorker.runSuite(SuiteRunnerWorker.java:53)
	at org.testng.SuiteRunnerWorker.run(SuiteRunnerWorker.java:87)
	at org.testng.TestNG.runSuitesSequentially(TestNG.java:1188)
	at org.testng.TestNG.runSuitesLocally(TestNG.java:1113)
	at org.testng.TestNG.run(TestNG.java:1025)
	at org.testng.TestNG.privateMain(TestNG.java:1328)
	at org.testng.TestNG.main(TestNG.java:1297)
]]>
            </full-stacktrace>
          </exception> <!-- java.lang.AssertionError -->
        </test-method> <!-- test -->
        <test-method status="FAIL" signature="test()[pri:0, instance:com.letv.ads.util.AutoTest@ed9d034]" name="test" duration-ms="1030" started-at="2017-05-24T18:42:13Z" description="测试用例" finished-at="2017-05-24T18:42:14Z">
          <exception class="java.lang.AssertionError">
            <message>
              <![CDATA[[[public-dtsc-010]短视频广告时长动态配置010]测试未通过，部分字段未通过验证！ expected:<ok> but was:<测试用例：[[public-dtsc-010]短视频广告时长动态配置010]字段校验失败！-----[/VAST/Ad[1]/@order_item_id]的期望值是----1  实际值是------[/VAST/Policy/CuePoint[1]/@duration]的期望值是----15  实际值是----1>]]>
            </message>
            <full-stacktrace>
              <![CDATA[java.lang.AssertionError: [[public-dtsc-010]短视频广告时长动态配置010]测试未通过，部分字段未通过验证！ expected:<ok> but was:<测试用例：[[public-dtsc-010]短视频广告时长动态配置010]字段校验失败！-----[/VAST/Ad[1]/@order_item_id]的期望值是----1  实际值是------[/VAST/Policy/CuePoint[1]/@duration]的期望值是----15  实际值是----1>
	at org.testng.Assert.fail(Assert.java:89)
	at org.testng.Assert.failNotEquals(Assert.java:489)
	at org.testng.Assert.assertEquals(Assert.java:118)
	at org.testng.Assert.assertEquals(Assert.java:171)
	at com.letv.ads.util.AutoTest.test(Unknown Source)
	at sun.reflect.GeneratedMethodAccessor3.invoke(Unknown Source)
	at sun.reflect.DelegatingMethodAccessorImpl.invoke(Unknown Source)
	at java.lang.reflect.Method.invoke(Unknown Source)
	at org.testng.internal.MethodInvocationHelper.invokeMethod(MethodInvocationHelper.java:80)
	at org.testng.internal.Invoker.invokeMethod(Invoker.java:702)
	at org.testng.internal.Invoker.invokeTestMethod(Invoker.java:894)
	at org.testng.internal.Invoker.invokeTestMethods(Invoker.java:1219)
	at org.testng.internal.TestMethodWorker.invokeTestMethods(TestMethodWorker.java:127)
	at org.testng.internal.TestMethodWorker.run(TestMethodWorker.java:111)
	at org.testng.TestRunner.privateRun(TestRunner.java:768)
	at org.testng.TestRunner.run(TestRunner.java:617)
	at org.testng.SuiteRunner.runTest(SuiteRunner.java:334)
	at org.testng.SuiteRunner.runSequentially(SuiteRunner.java:329)
	at org.testng.SuiteRunner.privateRun(SuiteRunner.java:291)
	at org.testng.SuiteRunner.run(SuiteRunner.java:240)
	at org.testng.SuiteRunnerWorker.runSuite(SuiteRunnerWorker.java:53)
	at org.testng.SuiteRunnerWorker.run(SuiteRunnerWorker.java:87)
	at org.testng.TestNG.runSuitesSequentially(TestNG.java:1188)
	at org.testng.TestNG.runSuitesLocally(TestNG.java:1113)
	at org.testng.TestNG.run(TestNG.java:1025)
	at org.testng.TestNG.privateMain(TestNG.java:1328)
	at org.testng.TestNG.main(TestNG.java:1297)
]]>
            </full-stacktrace>
          </exception> <!-- java.lang.AssertionError -->
        </test-method> <!-- test -->
        <test-method status="FAIL" signature="test()[pri:0, instance:com.letv.ads.util.AutoTest@f4168b8]" name="test" duration-ms="2098" started-at="2017-05-24T18:42:14Z" description="测试用例" finished-at="2017-05-24T18:42:16Z">
          <exception class="java.lang.AssertionError">
            <message>
              <![CDATA[测试用例[[public-ydddl-008]-移动端导流008]在memcached中set key=3a4ab747cf1e86f88e4b3759d8027893.v,value=1450160090时发生错误]]>
            </message>
            <full-stacktrace>
              <![CDATA[java.lang.AssertionError: 测试用例[[public-ydddl-008]-移动端导流008]在memcached中set key=3a4ab747cf1e86f88e4b3759d8027893.v,value=1450160090时发生错误
	at org.testng.Assert.fail(Assert.java:89)
	at com.letv.ads.util.BaseCase.operateMemcached(Unknown Source)
	at com.letv.ads.util.AutoTest.test(Unknown Source)
	at sun.reflect.GeneratedMethodAccessor3.invoke(Unknown Source)
	at sun.reflect.DelegatingMethodAccessorImpl.invoke(Unknown Source)
	at java.lang.reflect.Method.invoke(Unknown Source)
	at org.testng.internal.MethodInvocationHelper.invokeMethod(MethodInvocationHelper.java:80)
	at org.testng.internal.Invoker.invokeMethod(Invoker.java:702)
	at org.testng.internal.Invoker.invokeTestMethod(Invoker.java:894)
	at org.testng.internal.Invoker.invokeTestMethods(Invoker.java:1219)
	at org.testng.internal.TestMethodWorker.invokeTestMethods(TestMethodWorker.java:127)
	at org.testng.internal.TestMethodWorker.run(TestMethodWorker.java:111)
	at org.testng.TestRunner.privateRun(TestRunner.java:768)
	at org.testng.TestRunner.run(TestRunner.java:617)
	at org.testng.SuiteRunner.runTest(SuiteRunner.java:334)
	at org.testng.SuiteRunner.runSequentially(SuiteRunner.java:329)
	at org.testng.SuiteRunner.privateRun(SuiteRunner.java:291)
	at org.testng.SuiteRunner.run(SuiteRunner.java:240)
	at org.testng.SuiteRunnerWorker.runSuite(SuiteRunnerWorker.java:53)
	at org.testng.SuiteRunnerWorker.run(SuiteRunnerWorker.java:87)
	at org.testng.TestNG.runSuitesSequentially(TestNG.java:1188)
	at org.testng.TestNG.runSuitesLocally(TestNG.java:1113)
	at org.testng.TestNG.run(TestNG.java:1025)
	at org.testng.TestNG.privateMain(TestNG.java:1328)
	at org.testng.TestNG.main(TestNG.java:1297)
]]>
            </full-stacktrace>
          </exception> <!-- java.lang.AssertionError -->
        </test-method> <!-- test -->
        <test-method status="PASS" signature="test()[pri:0, instance:com.letv.ads.util.AutoTest@fcd6521]" name="test" duration-ms="1043" started-at="2017-05-24T18:42:16Z" description="测试用例" finished-at="2017-05-24T18:42:17Z">
        </test-method> <!-- test -->
        <test-method status="FAIL" signature="test()[pri:0, instance:com.letv.ads.util.AutoTest@fe18270]" name="test" duration-ms="1075" started-at="2017-05-24T18:42:17Z" description="测试用例" finished-at="2017-05-24T18:42:18Z">
          <exception class="java.lang.AssertionError">
            <message>
              <![CDATA[[public-model-016]测试未通过，部分字段未通过验证！ expected:<ok> but was:<测试用例：[public-model-016]字段校验失败！-----[/VAST/Ad[1]/@order_item_id]的期望值是----1  实际值是------[/VAST/Ad[2]/@order_item_id]的期望值是----2  实际值是---->]]>
            </message>
            <full-stacktrace>
              <![CDATA[java.lang.AssertionError: [public-model-016]测试未通过，部分字段未通过验证！ expected:<ok> but was:<测试用例：[public-model-016]字段校验失败！-----[/VAST/Ad[1]/@order_item_id]的期望值是----1  实际值是------[/VAST/Ad[2]/@order_item_id]的期望值是----2  实际值是---->
	at org.testng.Assert.fail(Assert.java:89)
	at org.testng.Assert.failNotEquals(Assert.java:489)
	at org.testng.Assert.assertEquals(Assert.java:118)
	at org.testng.Assert.assertEquals(Assert.java:171)
	at com.letv.ads.util.AutoTest.test(Unknown Source)
	at sun.reflect.GeneratedMethodAccessor3.invoke(Unknown Source)
	at sun.reflect.DelegatingMethodAccessorImpl.invoke(Unknown Source)
	at java.lang.reflect.Method.invoke(Unknown Source)
	at org.testng.internal.MethodInvocationHelper.invokeMethod(MethodInvocationHelper.java:80)
	at org.testng.internal.Invoker.invokeMethod(Invoker.java:702)
	at org.testng.internal.Invoker.invokeTestMethod(Invoker.java:894)
	at org.testng.internal.Invoker.invokeTestMethods(Invoker.java:1219)
	at org.testng.internal.TestMethodWorker.invokeTestMethods(TestMethodWorker.java:127)
	at org.testng.internal.TestMethodWorker.run(TestMethodWorker.java:111)
	at org.testng.TestRunner.privateRun(TestRunner.java:768)
	at org.testng.TestRunner.run(TestRunner.java:617)
	at org.testng.SuiteRunner.runTest(SuiteRunner.java:334)
	at org.testng.SuiteRunner.runSequentially(SuiteRunner.java:329)
	at org.testng.SuiteRunner.privateRun(SuiteRunner.java:291)
	at org.testng.SuiteRunner.run(SuiteRunner.java:240)
	at org.testng.SuiteRunnerWorker.runSuite(SuiteRunnerWorker.java:53)
	at org.testng.SuiteRunnerWorker.run(SuiteRunnerWorker.java:87)
	at org.testng.TestNG.runSuitesSequentially(TestNG.java:1188)
	at org.testng.TestNG.runSuitesLocally(TestNG.java:1113)
	at org.testng.TestNG.run(TestNG.java:1025)
	at org.testng.TestNG.privateMain(TestNG.java:1328)
	at org.testng.TestNG.main(TestNG.java:1297)
]]>
            </full-stacktrace>
          </exception> <!-- java.lang.AssertionError -->
        </test-method> <!-- test -->
        <test-method status="PASS" signature="afterSuite()[pri:0, instance:com.letv.ads.util.AutoTest@74294adb]" name="afterSuite" is-config="true" duration-ms="0" started-at="2017-05-24T18:42:19Z" finished-at="2017-05-24T18:42:19Z">
        </test-method> <!-- afterSuite -->
      </class> <!-- com.letv.ads.util.AutoTest -->
    </test> <!-- TestMethods -->
  </suite> <!-- Ad-show-test -->
</testng-results>
