<?xml version="1.0" encoding="UTF-8"?>
<!-- Generated by org.testng.reporters.JUnitReportReporter -->
<testsuite hostname="5CD6102FYR" name="com.letv.ads.util.AutoTest" tests="223" failures="0" timestamp="24 May 2017 10:42:19 GMT" time="258.524" errors="190">
  <testcase name="test" time="1.076" classname="com.letv.ads.util.AutoTest">
    <error type="java.lang.AssertionError" message="[[public-dtsc-085]短视频广告时长动态配置085]测试未通过，部分字段未通过验证！ expected:&lt;ok&gt; but was:&lt;测试用例：[[public-dtsc-085]短视频广告时长动态配置085]字段校验失败！-----[/VAST/Ad[1]/@order_item_id]的期望值是----1  实际值是------[/VAST/Ad[2]/@order_item_id]的期望值是----2  实际值是------[/VAST/Policy/CuePoint[1]/@duration]的期望值是----30  实际值是----1--[/VAST/Policy/CuePoint[2]/@duration]的期望值是----15  实际值是----1&gt;">
      <![CDATA[java.lang.AssertionError: [[public-dtsc-085]短视频广告时长动态配置085]测试未通过，部分字段未通过验证！ expected:<ok> but was:<测试用例：[[public-dtsc-085]短视频广告时长动态配置085]字段校验失败！-----[/VAST/Ad[1]/@order_item_id]的期望值是----1  实际值是------[/VAST/Ad[2]/@order_item_id]的期望值是----2  实际值是------[/VAST/Policy/CuePoint[1]/@duration]的期望值是----30  实际值是----1--[/VAST/Policy/CuePoint[2]/@duration]的期望值是----15  实际值是----1>
	at org.testng.Assert.fail(Assert.java:89)
	at org.testng.Assert.failNotEquals(Assert.java:489)
	at org.testng.Assert.assertEquals(Assert.java:118)
	at org.testng.Assert.assertEquals(Assert.java:171)
	at com.letv.ads.util.AutoTest.test(Unknown Source)
	at sun.reflect.GeneratedMethodAccessor3.invoke(Unknown Source)
	at sun.reflect.DelegatingMethodAccessorImpl.invoke(Unknown Source)
	at java.lang.reflect.Method.invoke(Unknown Source)
	at org.testng.internal.MethodInvocationHelper.invokeMethod(MethodInvocationHelper.java:80)
	at org.testng.internal.Invoker.invokeMethod(Invoker.java:702)
	at org.testng.internal.Invoker.invokeTestMethod(Invoker.java:894)
	at org.testng.internal.Invoker.invokeTestMethods(Invoker.java:1219)
	at org.testng.internal.TestMethodWorker.invokeTestMethods(TestMethodWorker.java:127)
	at org.testng.internal.TestMethodWorker.run(TestMethodWorker.java:111)
	at org.testng.TestRunner.privateRun(TestRunner.java:768)
	at org.testng.TestRunner.run(TestRunner.java:617)
	at org.testng.SuiteRunner.runTest(SuiteRunner.java:334)
	at org.testng.SuiteRunner.runSequentially(SuiteRunner.java:329)
	at org.testng.SuiteRunner.privateRun(SuiteRunner.java:291)
	at org.testng.SuiteRunner.run(SuiteRunner.java:240)
	at org.testng.SuiteRunnerWorker.runSuite(SuiteRunnerWorker.java:53)
	at org.testng.SuiteRunnerWorker.run(SuiteRunnerWorker.java:87)
	at org.testng.TestNG.runSuitesSequentially(TestNG.java:1188)
	at org.testng.TestNG.runSuitesLocally(TestNG.java:1113)
	at org.testng.TestNG.run(TestNG.java:1025)
	at org.testng.TestNG.privateMain(TestNG.java:1328)
	at org.testng.TestNG.main(TestNG.java:1297)
]]>
    </error>
  </testcase> <!-- test -->
  <testcase name="test" time="1.155" classname="com.letv.ads.util.AutoTest">
    <error type="java.lang.AssertionError" message="[public-sbdx-008]测试未通过，部分字段未通过验证！ expected:&lt;ok&gt; but was:&lt;测试用例：[public-sbdx-008]字段校验失败！-----[/VAST/Ad[1]/@order_item_id]的期望值是----2  实际值是----&gt;">
      <![CDATA[java.lang.AssertionError: [public-sbdx-008]测试未通过，部分字段未通过验证！ expected:<ok> but was:<测试用例：[public-sbdx-008]字段校验失败！-----[/VAST/Ad[1]/@order_item_id]的期望值是----2  实际值是---->
	at org.testng.Assert.fail(Assert.java:89)
	at org.testng.Assert.failNotEquals(Assert.java:489)
	at org.testng.Assert.assertEquals(Assert.java:118)
	at org.testng.Assert.assertEquals(Assert.java:171)
	at com.letv.ads.util.AutoTest.test(Unknown Source)
	at sun.reflect.GeneratedMethodAccessor3.invoke(Unknown Source)
	at sun.reflect.DelegatingMethodAccessorImpl.invoke(Unknown Source)
	at java.lang.reflect.Method.invoke(Unknown Source)
	at org.testng.internal.MethodInvocationHelper.invokeMethod(MethodInvocationHelper.java:80)
	at org.testng.internal.Invoker.invokeMethod(Invoker.java:702)
	at org.testng.internal.Invoker.invokeTestMethod(Invoker.java:894)
	at org.testng.internal.Invoker.invokeTestMethods(Invoker.java:1219)
	at org.testng.internal.TestMethodWorker.invokeTestMethods(TestMethodWorker.java:127)
	at org.testng.internal.TestMethodWorker.run(TestMethodWorker.java:111)
	at org.testng.TestRunner.privateRun(TestRunner.java:768)
	at org.testng.TestRunner.run(TestRunner.java:617)
	at org.testng.SuiteRunner.runTest(SuiteRunner.java:334)
	at org.testng.SuiteRunner.runSequentially(SuiteRunner.java:329)
	at org.testng.SuiteRunner.privateRun(SuiteRunner.java:291)
	at org.testng.SuiteRunner.run(SuiteRunner.java:240)
	at org.testng.SuiteRunnerWorker.runSuite(SuiteRunnerWorker.java:53)
	at org.testng.SuiteRunnerWorker.run(SuiteRunnerWorker.java:87)
	at org.testng.TestNG.runSuitesSequentially(TestNG.java:1188)
	at org.testng.TestNG.runSuitesLocally(TestNG.java:1113)
	at org.testng.TestNG.run(TestNG.java:1025)
	at org.testng.TestNG.privateMain(TestNG.java:1328)
	at org.testng.TestNG.main(TestNG.java:1297)
]]>
    </error>
  </testcase> <!-- test -->
  <testcase name="test" time="1.092" classname="com.letv.ads.util.AutoTest">
    <error type="java.lang.AssertionError" message="[[public-dtsc-054]短视频广告时长动态配置054]测试未通过，部分字段未通过验证！ expected:&lt;ok&gt; but was:&lt;测试用例：[[public-dtsc-054]短视频广告时长动态配置054]字段校验失败！-----[/VAST/Ad[1]/@order_item_id]的期望值是----1  实际值是------[/VAST/Policy/CuePoint[1]/@duration]的期望值是----45  实际值是----1&gt;">
      <![CDATA[java.lang.AssertionError: [[public-dtsc-054]短视频广告时长动态配置054]测试未通过，部分字段未通过验证！ expected:<ok> but was:<测试用例：[[public-dtsc-054]短视频广告时长动态配置054]字段校验失败！-----[/VAST/Ad[1]/@order_item_id]的期望值是----1  实际值是------[/VAST/Policy/CuePoint[1]/@duration]的期望值是----45  实际值是----1>
	at org.testng.Assert.fail(Assert.java:89)
	at org.testng.Assert.failNotEquals(Assert.java:489)
	at org.testng.Assert.assertEquals(Assert.java:118)
	at org.testng.Assert.assertEquals(Assert.java:171)
	at com.letv.ads.util.AutoTest.test(Unknown Source)
	at sun.reflect.GeneratedMethodAccessor3.invoke(Unknown Source)
	at sun.reflect.DelegatingMethodAccessorImpl.invoke(Unknown Source)
	at java.lang.reflect.Method.invoke(Unknown Source)
	at org.testng.internal.MethodInvocationHelper.invokeMethod(MethodInvocationHelper.java:80)
	at org.testng.internal.Invoker.invokeMethod(Invoker.java:702)
	at org.testng.internal.Invoker.invokeTestMethod(Invoker.java:894)
	at org.testng.internal.Invoker.invokeTestMethods(Invoker.java:1219)
	at org.testng.internal.TestMethodWorker.invokeTestMethods(TestMethodWorker.java:127)
	at org.testng.internal.TestMethodWorker.run(TestMethodWorker.java:111)
	at org.testng.TestRunner.privateRun(TestRunner.java:768)
	at org.testng.TestRunner.run(TestRunner.java:617)
	at org.testng.SuiteRunner.runTest(SuiteRunner.java:334)
	at org.testng.SuiteRunner.runSequentially(SuiteRunner.java:329)
	at org.testng.SuiteRunner.privateRun(SuiteRunner.java:291)
	at org.testng.SuiteRunner.run(SuiteRunner.java:240)
	at org.testng.SuiteRunnerWorker.runSuite(SuiteRunnerWorker.java:53)
	at org.testng.SuiteRunnerWorker.run(SuiteRunnerWorker.java:87)
	at org.testng.TestNG.runSuitesSequentially(TestNG.java:1188)
	at org.testng.TestNG.runSuitesLocally(TestNG.java:1113)
	at org.testng.TestNG.run(TestNG.java:1025)
	at org.testng.TestNG.privateMain(TestNG.java:1328)
	at org.testng.TestNG.main(TestNG.java:1297)
]]>
    </error>
  </testcase> <!-- test -->
  <testcase name="test" time="1.061" classname="com.letv.ads.util.AutoTest">
    <error type="java.lang.AssertionError" message="[[public-dtsc-052]短视频广告时长动态配置052]测试未通过，部分字段未通过验证！ expected:&lt;ok&gt; but was:&lt;测试用例：[[public-dtsc-052]短视频广告时长动态配置052]字段校验失败！-----[/VAST/Ad[1]/@order_item_id]的期望值是----1  实际值是------[/VAST/Policy/CuePoint[1]/@duration]的期望值是----30  实际值是----1&gt;">
      <![CDATA[java.lang.AssertionError: [[public-dtsc-052]短视频广告时长动态配置052]测试未通过，部分字段未通过验证！ expected:<ok> but was:<测试用例：[[public-dtsc-052]短视频广告时长动态配置052]字段校验失败！-----[/VAST/Ad[1]/@order_item_id]的期望值是----1  实际值是------[/VAST/Policy/CuePoint[1]/@duration]的期望值是----30  实际值是----1>
	at org.testng.Assert.fail(Assert.java:89)
	at org.testng.Assert.failNotEquals(Assert.java:489)
	at org.testng.Assert.assertEquals(Assert.java:118)
	at org.testng.Assert.assertEquals(Assert.java:171)
	at com.letv.ads.util.AutoTest.test(Unknown Source)
	at sun.reflect.GeneratedMethodAccessor3.invoke(Unknown Source)
	at sun.reflect.DelegatingMethodAccessorImpl.invoke(Unknown Source)
	at java.lang.reflect.Method.invoke(Unknown Source)
	at org.testng.internal.MethodInvocationHelper.invokeMethod(MethodInvocationHelper.java:80)
	at org.testng.internal.Invoker.invokeMethod(Invoker.java:702)
	at org.testng.internal.Invoker.invokeTestMethod(Invoker.java:894)
	at org.testng.internal.Invoker.invokeTestMethods(Invoker.java:1219)
	at org.testng.internal.TestMethodWorker.invokeTestMethods(TestMethodWorker.java:127)
	at org.testng.internal.TestMethodWorker.run(TestMethodWorker.java:111)
	at org.testng.TestRunner.privateRun(TestRunner.java:768)
	at org.testng.TestRunner.run(TestRunner.java:617)
	at org.testng.SuiteRunner.runTest(SuiteRunner.java:334)
	at org.testng.SuiteRunner.runSequentially(SuiteRunner.java:329)
	at org.testng.SuiteRunner.privateRun(SuiteRunner.java:291)
	at org.testng.SuiteRunner.run(SuiteRunner.java:240)
	at org.testng.SuiteRunnerWorker.runSuite(SuiteRunnerWorker.java:53)
	at org.testng.SuiteRunnerWorker.run(SuiteRunnerWorker.java:87)
	at org.testng.TestNG.runSuitesSequentially(TestNG.java:1188)
	at org.testng.TestNG.runSuitesLocally(TestNG.java:1113)
	at org.testng.TestNG.run(TestNG.java:1025)
	at org.testng.TestNG.privateMain(TestNG.java:1328)
	at org.testng.TestNG.main(TestNG.java:1297)
]]>
    </error>
  </testcase> <!-- test -->
  <testcase name="test" time="1.039" classname="com.letv.ads.util.AutoTest"/>
  <testcase name="test" time="2.106" classname="com.letv.ads.util.AutoTest">
    <error type="java.lang.AssertionError" message="测试用例[[public-ydddl-007]-移动端导流007]在memcached中set key=3a4ab747cf1e86f88e4b3759d8027893.v,value=1450160090时发生错误">
      <![CDATA[java.lang.AssertionError: 测试用例[[public-ydddl-007]-移动端导流007]在memcached中set key=3a4ab747cf1e86f88e4b3759d8027893.v,value=1450160090时发生错误
	at org.testng.Assert.fail(Assert.java:89)
	at com.letv.ads.util.BaseCase.operateMemcached(Unknown Source)
	at com.letv.ads.util.AutoTest.test(Unknown Source)
	at sun.reflect.GeneratedMethodAccessor3.invoke(Unknown Source)
	at sun.reflect.DelegatingMethodAccessorImpl.invoke(Unknown Source)
	at java.lang.reflect.Method.invoke(Unknown Source)
	at org.testng.internal.MethodInvocationHelper.invokeMethod(MethodInvocationHelper.java:80)
	at org.testng.internal.Invoker.invokeMethod(Invoker.java:702)
	at org.testng.internal.Invoker.invokeTestMethod(Invoker.java:894)
	at org.testng.internal.Invoker.invokeTestMethods(Invoker.java:1219)
	at org.testng.internal.TestMethodWorker.invokeTestMethods(TestMethodWorker.java:127)
	at org.testng.internal.TestMethodWorker.run(TestMethodWorker.java:111)
	at org.testng.TestRunner.privateRun(TestRunner.java:768)
	at org.testng.TestRunner.run(TestRunner.java:617)
	at org.testng.SuiteRunner.runTest(SuiteRunner.java:334)
	at org.testng.SuiteRunner.runSequentially(SuiteRunner.java:329)
	at org.testng.SuiteRunner.privateRun(SuiteRunner.java:291)
	at org.testng.SuiteRunner.run(SuiteRunner.java:240)
	at org.testng.SuiteRunnerWorker.runSuite(SuiteRunnerWorker.java:53)
	at org.testng.SuiteRunnerWorker.run(SuiteRunnerWorker.java:87)
	at org.testng.TestNG.runSuitesSequentially(TestNG.java:1188)
	at org.testng.TestNG.runSuitesLocally(TestNG.java:1113)
	at org.testng.TestNG.run(TestNG.java:1025)
	at org.testng.TestNG.privateMain(TestNG.java:1328)
	at org.testng.TestNG.main(TestNG.java:1297)
]]>
    </error>
  </testcase> <!-- test -->
  <testcase name="test" time="1.060" classname="com.letv.ads.util.AutoTest">
    <error type="java.lang.AssertionError" message="[public-gjgg-003]测试未通过，部分字段未通过验证！ expected:&lt;ok&gt; but was:&lt;测试用例：[public-gjgg-003]字段校验失败！-----[/VAST/Ad[1]/@order_item_id]的期望值是----1  实际值是----&gt;">
      <![CDATA[java.lang.AssertionError: [public-gjgg-003]测试未通过，部分字段未通过验证！ expected:<ok> but was:<测试用例：[public-gjgg-003]字段校验失败！-----[/VAST/Ad[1]/@order_item_id]的期望值是----1  实际值是---->
	at org.testng.Assert.fail(Assert.java:89)
	at org.testng.Assert.failNotEquals(Assert.java:489)
	at org.testng.Assert.assertEquals(Assert.java:118)
	at org.testng.Assert.assertEquals(Assert.java:171)
	at com.letv.ads.util.AutoTest.test(Unknown Source)
	at sun.reflect.GeneratedMethodAccessor3.invoke(Unknown Source)
	at sun.reflect.DelegatingMethodAccessorImpl.invoke(Unknown Source)
	at java.lang.reflect.Method.invoke(Unknown Source)
	at org.testng.internal.MethodInvocationHelper.invokeMethod(MethodInvocationHelper.java:80)
	at org.testng.internal.Invoker.invokeMethod(Invoker.java:702)
	at org.testng.internal.Invoker.invokeTestMethod(Invoker.java:894)
	at org.testng.internal.Invoker.invokeTestMethods(Invoker.java:1219)
	at org.testng.internal.TestMethodWorker.invokeTestMethods(TestMethodWorker.java:127)
	at org.testng.internal.TestMethodWorker.run(TestMethodWorker.java:111)
	at org.testng.TestRunner.privateRun(TestRunner.java:768)
	at org.testng.TestRunner.run(TestRunner.java:617)
	at org.testng.SuiteRunner.runTest(SuiteRunner.java:334)
	at org.testng.SuiteRunner.runSequentially(SuiteRunner.java:329)
	at org.testng.SuiteRunner.privateRun(SuiteRunner.java:291)
	at org.testng.SuiteRunner.run(SuiteRunner.java:240)
	at org.testng.SuiteRunnerWorker.runSuite(SuiteRunnerWorker.java:53)
	at org.testng.SuiteRunnerWorker.run(SuiteRunnerWorker.java:87)
	at org.testng.TestNG.runSuitesSequentially(TestNG.java:1188)
	at org.testng.TestNG.runSuitesLocally(TestNG.java:1113)
	at org.testng.TestNG.run(TestNG.java:1025)
	at org.testng.TestNG.privateMain(TestNG.java:1328)
	at org.testng.TestNG.main(TestNG.java:1297)
]]>
    </error>
  </testcase> <!-- test -->
  <testcase name="test" time="2.074" classname="com.letv.ads.util.AutoTest">
    <error type="java.lang.AssertionError" message="测试用例[[public-jzdx-012]精准定向012]在memcached中set key=5c3767f8b8ce4040bac9b23dff63c6e7.label,value=[1,2]时发生错误">
      <![CDATA[java.lang.AssertionError: 测试用例[[public-jzdx-012]精准定向012]在memcached中set key=5c3767f8b8ce4040bac9b23dff63c6e7.label,value=[1,2]时发生错误
	at org.testng.Assert.fail(Assert.java:89)
	at com.letv.ads.util.BaseCase.operateMemcached(Unknown Source)
	at com.letv.ads.util.AutoTest.test(Unknown Source)
	at sun.reflect.GeneratedMethodAccessor3.invoke(Unknown Source)
	at sun.reflect.DelegatingMethodAccessorImpl.invoke(Unknown Source)
	at java.lang.reflect.Method.invoke(Unknown Source)
	at org.testng.internal.MethodInvocationHelper.invokeMethod(MethodInvocationHelper.java:80)
	at org.testng.internal.Invoker.invokeMethod(Invoker.java:702)
	at org.testng.internal.Invoker.invokeTestMethod(Invoker.java:894)
	at org.testng.internal.Invoker.invokeTestMethods(Invoker.java:1219)
	at org.testng.internal.TestMethodWorker.invokeTestMethods(TestMethodWorker.java:127)
	at org.testng.internal.TestMethodWorker.run(TestMethodWorker.java:111)
	at org.testng.TestRunner.privateRun(TestRunner.java:768)
	at org.testng.TestRunner.run(TestRunner.java:617)
	at org.testng.SuiteRunner.runTest(SuiteRunner.java:334)
	at org.testng.SuiteRunner.runSequentially(SuiteRunner.java:329)
	at org.testng.SuiteRunner.privateRun(SuiteRunner.java:291)
	at org.testng.SuiteRunner.run(SuiteRunner.java:240)
	at org.testng.SuiteRunnerWorker.runSuite(SuiteRunnerWorker.java:53)
	at org.testng.SuiteRunnerWorker.run(SuiteRunnerWorker.java:87)
	at org.testng.TestNG.runSuitesSequentially(TestNG.java:1188)
	at org.testng.TestNG.runSuitesLocally(TestNG.java:1113)
	at org.testng.TestNG.run(TestNG.java:1025)
	at org.testng.TestNG.privateMain(TestNG.java:1328)
	at org.testng.TestNG.main(TestNG.java:1297)
]]>
    </error>
  </testcase> <!-- test -->
  <testcase name="test" time="0.016" classname="com.letv.ads.util.AutoTest"/>
  <testcase name="test" time="1.036" classname="com.letv.ads.util.AutoTest">
    <error type="java.lang.AssertionError" message="[[public-dtsc-005]短视频广告时长动态配置005]测试未通过，部分字段未通过验证！ expected:&lt;ok&gt; but was:&lt;测试用例：[[public-dtsc-005]短视频广告时长动态配置005]字段校验失败！-----[/VAST/Ad[1]/@order_item_id]的期望值是----1  实际值是------[/VAST/Policy/CuePoint[1]/@duration]的期望值是----15  实际值是----1&gt;">
      <![CDATA[java.lang.AssertionError: [[public-dtsc-005]短视频广告时长动态配置005]测试未通过，部分字段未通过验证！ expected:<ok> but was:<测试用例：[[public-dtsc-005]短视频广告时长动态配置005]字段校验失败！-----[/VAST/Ad[1]/@order_item_id]的期望值是----1  实际值是------[/VAST/Policy/CuePoint[1]/@duration]的期望值是----15  实际值是----1>
	at org.testng.Assert.fail(Assert.java:89)
	at org.testng.Assert.failNotEquals(Assert.java:489)
	at org.testng.Assert.assertEquals(Assert.java:118)
	at org.testng.Assert.assertEquals(Assert.java:171)
	at com.letv.ads.util.AutoTest.test(Unknown Source)
	at sun.reflect.GeneratedMethodAccessor3.invoke(Unknown Source)
	at sun.reflect.DelegatingMethodAccessorImpl.invoke(Unknown Source)
	at java.lang.reflect.Method.invoke(Unknown Source)
	at org.testng.internal.MethodInvocationHelper.invokeMethod(MethodInvocationHelper.java:80)
	at org.testng.internal.Invoker.invokeMethod(Invoker.java:702)
	at org.testng.internal.Invoker.invokeTestMethod(Invoker.java:894)
	at org.testng.internal.Invoker.invokeTestMethods(Invoker.java:1219)
	at org.testng.internal.TestMethodWorker.invokeTestMethods(TestMethodWorker.java:127)
	at org.testng.internal.TestMethodWorker.run(TestMethodWorker.java:111)
	at org.testng.TestRunner.privateRun(TestRunner.java:768)
	at org.testng.TestRunner.run(TestRunner.java:617)
	at org.testng.SuiteRunner.runTest(SuiteRunner.java:334)
	at org.testng.SuiteRunner.runSequentially(SuiteRunner.java:329)
	at org.testng.SuiteRunner.privateRun(SuiteRunner.java:291)
	at org.testng.SuiteRunner.run(SuiteRunner.java:240)
	at org.testng.SuiteRunnerWorker.runSuite(SuiteRunnerWorker.java:53)
	at org.testng.SuiteRunnerWorker.run(SuiteRunnerWorker.java:87)
	at org.testng.TestNG.runSuitesSequentially(TestNG.java:1188)
	at org.testng.TestNG.runSuitesLocally(TestNG.java:1113)
	at org.testng.TestNG.run(TestNG.java:1025)
	at org.testng.TestNG.privateMain(TestNG.java:1328)
	at org.testng.TestNG.main(TestNG.java:1297)
]]>
    </error>
  </testcase> <!-- test -->
  <testcase name="test" time="1.076" classname="com.letv.ads.util.AutoTest">
    <error type="java.lang.AssertionError" message="[[public-jzdx-008]精准定向008]测试未通过，部分字段未通过验证！ expected:&lt;ok&gt; but was:&lt;测试用例：[[public-jzdx-008]精准定向008]字段校验失败！-----[/VAST/Ad[1]/@order_item_id]的期望值是----1  实际值是------[/VAST/Ad[2]/@order_item_id]的期望值是----2  实际值是------[/VAST/Ad[3]/@order_item_id]的期望值是----3  实际值是----&gt;">
      <![CDATA[java.lang.AssertionError: [[public-jzdx-008]精准定向008]测试未通过，部分字段未通过验证！ expected:<ok> but was:<测试用例：[[public-jzdx-008]精准定向008]字段校验失败！-----[/VAST/Ad[1]/@order_item_id]的期望值是----1  实际值是------[/VAST/Ad[2]/@order_item_id]的期望值是----2  实际值是------[/VAST/Ad[3]/@order_item_id]的期望值是----3  实际值是---->
	at org.testng.Assert.fail(Assert.java:89)
	at org.testng.Assert.failNotEquals(Assert.java:489)
	at org.testng.Assert.assertEquals(Assert.java:118)
	at org.testng.Assert.assertEquals(Assert.java:171)
	at com.letv.ads.util.AutoTest.test(Unknown Source)
	at sun.reflect.GeneratedMethodAccessor3.invoke(Unknown Source)
	at sun.reflect.DelegatingMethodAccessorImpl.invoke(Unknown Source)
	at java.lang.reflect.Method.invoke(Unknown Source)
	at org.testng.internal.MethodInvocationHelper.invokeMethod(MethodInvocationHelper.java:80)
	at org.testng.internal.Invoker.invokeMethod(Invoker.java:702)
	at org.testng.internal.Invoker.invokeTestMethod(Invoker.java:894)
	at org.testng.internal.Invoker.invokeTestMethods(Invoker.java:1219)
	at org.testng.internal.TestMethodWorker.invokeTestMethods(TestMethodWorker.java:127)
	at org.testng.internal.TestMethodWorker.run(TestMethodWorker.java:111)
	at org.testng.TestRunner.privateRun(TestRunner.java:768)
	at org.testng.TestRunner.run(TestRunner.java:617)
	at org.testng.SuiteRunner.runTest(SuiteRunner.java:334)
	at org.testng.SuiteRunner.runSequentially(SuiteRunner.java:329)
	at org.testng.SuiteRunner.privateRun(SuiteRunner.java:291)
	at org.testng.SuiteRunner.run(SuiteRunner.java:240)
	at org.testng.SuiteRunnerWorker.runSuite(SuiteRunnerWorker.java:53)
	at org.testng.SuiteRunnerWorker.run(SuiteRunnerWorker.java:87)
	at org.testng.TestNG.runSuitesSequentially(TestNG.java:1188)
	at org.testng.TestNG.runSuitesLocally(TestNG.java:1113)
	at org.testng.TestNG.run(TestNG.java:1025)
	at org.testng.TestNG.privateMain(TestNG.java:1328)
	at org.testng.TestNG.main(TestNG.java:1297)
]]>
    </error>
  </testcase> <!-- test -->
  <testcase name="test" time="1.108" classname="com.letv.ads.util.AutoTest">
    <error type="java.lang.AssertionError" message="[[public-dtsc-041]短视频广告时长动态配置041]测试未通过，部分字段未通过验证！ expected:&lt;ok&gt; but was:&lt;测试用例：[[public-dtsc-041]短视频广告时长动态配置041]字段校验失败！-----[/VAST/Ad[1]/@order_item_id]的期望值是----1  实际值是------[/VAST/Policy/CuePoint[1]/@duration]的期望值是----30  实际值是----1&gt;">
      <![CDATA[java.lang.AssertionError: [[public-dtsc-041]短视频广告时长动态配置041]测试未通过，部分字段未通过验证！ expected:<ok> but was:<测试用例：[[public-dtsc-041]短视频广告时长动态配置041]字段校验失败！-----[/VAST/Ad[1]/@order_item_id]的期望值是----1  实际值是------[/VAST/Policy/CuePoint[1]/@duration]的期望值是----30  实际值是----1>
	at org.testng.Assert.fail(Assert.java:89)
	at org.testng.Assert.failNotEquals(Assert.java:489)
	at org.testng.Assert.assertEquals(Assert.java:118)
	at org.testng.Assert.assertEquals(Assert.java:171)
	at com.letv.ads.util.AutoTest.test(Unknown Source)
	at sun.reflect.GeneratedMethodAccessor3.invoke(Unknown Source)
	at sun.reflect.DelegatingMethodAccessorImpl.invoke(Unknown Source)
	at java.lang.reflect.Method.invoke(Unknown Source)
	at org.testng.internal.MethodInvocationHelper.invokeMethod(MethodInvocationHelper.java:80)
	at org.testng.internal.Invoker.invokeMethod(Invoker.java:702)
	at org.testng.internal.Invoker.invokeTestMethod(Invoker.java:894)
	at org.testng.internal.Invoker.invokeTestMethods(Invoker.java:1219)
	at org.testng.internal.TestMethodWorker.invokeTestMethods(TestMethodWorker.java:127)
	at org.testng.internal.TestMethodWorker.run(TestMethodWorker.java:111)
	at org.testng.TestRunner.privateRun(TestRunner.java:768)
	at org.testng.TestRunner.run(TestRunner.java:617)
	at org.testng.SuiteRunner.runTest(SuiteRunner.java:334)
	at org.testng.SuiteRunner.runSequentially(SuiteRunner.java:329)
	at org.testng.SuiteRunner.privateRun(SuiteRunner.java:291)
	at org.testng.SuiteRunner.run(SuiteRunner.java:240)
	at org.testng.SuiteRunnerWorker.runSuite(SuiteRunnerWorker.java:53)
	at org.testng.SuiteRunnerWorker.run(SuiteRunnerWorker.java:87)
	at org.testng.TestNG.runSuitesSequentially(TestNG.java:1188)
	at org.testng.TestNG.runSuitesLocally(TestNG.java:1113)
	at org.testng.TestNG.run(TestNG.java:1025)
	at org.testng.TestNG.privateMain(TestNG.java:1328)
	at org.testng.TestNG.main(TestNG.java:1297)
]]>
    </error>
  </testcase> <!-- test -->
  <testcase name="test" time="1.061" classname="com.letv.ads.util.AutoTest">
    <error type="java.lang.AssertionError" message="[[public-tcl-004]TCL-欢网广告接入方舟004]测试未通过，部分字段未通过验证！ expected:&lt;ok&gt; but was:&lt;测试用例：[[public-tcl-004]TCL-欢网广告接入方舟004]字段校验失败！-----[/VAST/@ark]的期望值是----1  实际值是----3&gt;">
      <![CDATA[java.lang.AssertionError: [[public-tcl-004]TCL-欢网广告接入方舟004]测试未通过，部分字段未通过验证！ expected:<ok> but was:<测试用例：[[public-tcl-004]TCL-欢网广告接入方舟004]字段校验失败！-----[/VAST/@ark]的期望值是----1  实际值是----3>
	at org.testng.Assert.fail(Assert.java:89)
	at org.testng.Assert.failNotEquals(Assert.java:489)
	at org.testng.Assert.assertEquals(Assert.java:118)
	at org.testng.Assert.assertEquals(Assert.java:171)
	at com.letv.ads.util.AutoTest.test(Unknown Source)
	at sun.reflect.GeneratedMethodAccessor3.invoke(Unknown Source)
	at sun.reflect.DelegatingMethodAccessorImpl.invoke(Unknown Source)
	at java.lang.reflect.Method.invoke(Unknown Source)
	at org.testng.internal.MethodInvocationHelper.invokeMethod(MethodInvocationHelper.java:80)
	at org.testng.internal.Invoker.invokeMethod(Invoker.java:702)
	at org.testng.internal.Invoker.invokeTestMethod(Invoker.java:894)
	at org.testng.internal.Invoker.invokeTestMethods(Invoker.java:1219)
	at org.testng.internal.TestMethodWorker.invokeTestMethods(TestMethodWorker.java:127)
	at org.testng.internal.TestMethodWorker.run(TestMethodWorker.java:111)
	at org.testng.TestRunner.privateRun(TestRunner.java:768)
	at org.testng.TestRunner.run(TestRunner.java:617)
	at org.testng.SuiteRunner.runTest(SuiteRunner.java:334)
	at org.testng.SuiteRunner.runSequentially(SuiteRunner.java:329)
	at org.testng.SuiteRunner.privateRun(SuiteRunner.java:291)
	at org.testng.SuiteRunner.run(SuiteRunner.java:240)
	at org.testng.SuiteRunnerWorker.runSuite(SuiteRunnerWorker.java:53)
	at org.testng.SuiteRunnerWorker.run(SuiteRunnerWorker.java:87)
	at org.testng.TestNG.runSuitesSequentially(TestNG.java:1188)
	at org.testng.TestNG.runSuitesLocally(TestNG.java:1113)
	at org.testng.TestNG.run(TestNG.java:1025)
	at org.testng.TestNG.privateMain(TestNG.java:1328)
	at org.testng.TestNG.main(TestNG.java:1297)
]]>
    </error>
  </testcase> <!-- test -->
  <testcase name="test" time="1.123" classname="com.letv.ads.util.AutoTest">
    <error type="java.lang.AssertionError" message="[[public-pbgg-009]屏保广告009]测试未通过，部分字段未通过验证！ expected:&lt;ok&gt; but was:&lt;测试用例：[[public-pbgg-009]屏保广告009]字段校验失败！-----[/VAST/Ad[1]/@order_item_id]的期望值是----1  实际值是------[/VAST/Ad[2]/@order_item_id]的期望值是----2  实际值是----&gt;">
      <![CDATA[java.lang.AssertionError: [[public-pbgg-009]屏保广告009]测试未通过，部分字段未通过验证！ expected:<ok> but was:<测试用例：[[public-pbgg-009]屏保广告009]字段校验失败！-----[/VAST/Ad[1]/@order_item_id]的期望值是----1  实际值是------[/VAST/Ad[2]/@order_item_id]的期望值是----2  实际值是---->
	at org.testng.Assert.fail(Assert.java:89)
	at org.testng.Assert.failNotEquals(Assert.java:489)
	at org.testng.Assert.assertEquals(Assert.java:118)
	at org.testng.Assert.assertEquals(Assert.java:171)
	at com.letv.ads.util.AutoTest.test(Unknown Source)
	at sun.reflect.GeneratedMethodAccessor3.invoke(Unknown Source)
	at sun.reflect.DelegatingMethodAccessorImpl.invoke(Unknown Source)
	at java.lang.reflect.Method.invoke(Unknown Source)
	at org.testng.internal.MethodInvocationHelper.invokeMethod(MethodInvocationHelper.java:80)
	at org.testng.internal.Invoker.invokeMethod(Invoker.java:702)
	at org.testng.internal.Invoker.invokeTestMethod(Invoker.java:894)
	at org.testng.internal.Invoker.invokeTestMethods(Invoker.java:1219)
	at org.testng.internal.TestMethodWorker.invokeTestMethods(TestMethodWorker.java:127)
	at org.testng.internal.TestMethodWorker.run(TestMethodWorker.java:111)
	at org.testng.TestRunner.privateRun(TestRunner.java:768)
	at org.testng.TestRunner.run(TestRunner.java:617)
	at org.testng.SuiteRunner.runTest(SuiteRunner.java:334)
	at org.testng.SuiteRunner.runSequentially(SuiteRunner.java:329)
	at org.testng.SuiteRunner.privateRun(SuiteRunner.java:291)
	at org.testng.SuiteRunner.run(SuiteRunner.java:240)
	at org.testng.SuiteRunnerWorker.runSuite(SuiteRunnerWorker.java:53)
	at org.testng.SuiteRunnerWorker.run(SuiteRunnerWorker.java:87)
	at org.testng.TestNG.runSuitesSequentially(TestNG.java:1188)
	at org.testng.TestNG.runSuitesLocally(TestNG.java:1113)
	at org.testng.TestNG.run(TestNG.java:1025)
	at org.testng.TestNG.privateMain(TestNG.java:1328)
	at org.testng.TestNG.main(TestNG.java:1297)
]]>
    </error>
  </testcase> <!-- test -->
  <testcase name="test" time="1.122" classname="com.letv.ads.util.AutoTest">
    <error type="java.lang.AssertionError" message="[[public-dtsc-062]短视频广告时长动态配置062]测试未通过，部分字段未通过验证！ expected:&lt;ok&gt; but was:&lt;测试用例：[[public-dtsc-062]短视频广告时长动态配置062]字段校验失败！-----[/VAST/Ad[1]/@order_item_id]的期望值是----1  实际值是------[/VAST/Policy/CuePoint[1]/@duration]的期望值是----25  实际值是----1&gt;">
      <![CDATA[java.lang.AssertionError: [[public-dtsc-062]短视频广告时长动态配置062]测试未通过，部分字段未通过验证！ expected:<ok> but was:<测试用例：[[public-dtsc-062]短视频广告时长动态配置062]字段校验失败！-----[/VAST/Ad[1]/@order_item_id]的期望值是----1  实际值是------[/VAST/Policy/CuePoint[1]/@duration]的期望值是----25  实际值是----1>
	at org.testng.Assert.fail(Assert.java:89)
	at org.testng.Assert.failNotEquals(Assert.java:489)
	at org.testng.Assert.assertEquals(Assert.java:118)
	at org.testng.Assert.assertEquals(Assert.java:171)
	at com.letv.ads.util.AutoTest.test(Unknown Source)
	at sun.reflect.GeneratedMethodAccessor3.invoke(Unknown Source)
	at sun.reflect.DelegatingMethodAccessorImpl.invoke(Unknown Source)
	at java.lang.reflect.Method.invoke(Unknown Source)
	at org.testng.internal.MethodInvocationHelper.invokeMethod(MethodInvocationHelper.java:80)
	at org.testng.internal.Invoker.invokeMethod(Invoker.java:702)
	at org.testng.internal.Invoker.invokeTestMethod(Invoker.java:894)
	at org.testng.internal.Invoker.invokeTestMethods(Invoker.java:1219)
	at org.testng.internal.TestMethodWorker.invokeTestMethods(TestMethodWorker.java:127)
	at org.testng.internal.TestMethodWorker.run(TestMethodWorker.java:111)
	at org.testng.TestRunner.privateRun(TestRunner.java:768)
	at org.testng.TestRunner.run(TestRunner.java:617)
	at org.testng.SuiteRunner.runTest(SuiteRunner.java:334)
	at org.testng.SuiteRunner.runSequentially(SuiteRunner.java:329)
	at org.testng.SuiteRunner.privateRun(SuiteRunner.java:291)
	at org.testng.SuiteRunner.run(SuiteRunner.java:240)
	at org.testng.SuiteRunnerWorker.runSuite(SuiteRunnerWorker.java:53)
	at org.testng.SuiteRunnerWorker.run(SuiteRunnerWorker.java:87)
	at org.testng.TestNG.runSuitesSequentially(TestNG.java:1188)
	at org.testng.TestNG.runSuitesLocally(TestNG.java:1113)
	at org.testng.TestNG.run(TestNG.java:1025)
	at org.testng.TestNG.privateMain(TestNG.java:1328)
	at org.testng.TestNG.main(TestNG.java:1297)
]]>
    </error>
  </testcase> <!-- test -->
  <testcase name="test" time="1.092" classname="com.letv.ads.util.AutoTest">
    <error type="java.lang.AssertionError" message="[public-gjgg-005]轮播测试中，广告order_item_id[]重复出现，测试失败！">
      <![CDATA[java.lang.AssertionError: [public-gjgg-005]轮播测试中，广告order_item_id[]重复出现，测试失败！
	at org.testng.Assert.fail(Assert.java:89)
	at com.letv.ads.util.AutoTest.test(Unknown Source)
	at sun.reflect.GeneratedMethodAccessor3.invoke(Unknown Source)
	at sun.reflect.DelegatingMethodAccessorImpl.invoke(Unknown Source)
	at java.lang.reflect.Method.invoke(Unknown Source)
	at org.testng.internal.MethodInvocationHelper.invokeMethod(MethodInvocationHelper.java:80)
	at org.testng.internal.Invoker.invokeMethod(Invoker.java:702)
	at org.testng.internal.Invoker.invokeTestMethod(Invoker.java:894)
	at org.testng.internal.Invoker.invokeTestMethods(Invoker.java:1219)
	at org.testng.internal.TestMethodWorker.invokeTestMethods(TestMethodWorker.java:127)
	at org.testng.internal.TestMethodWorker.run(TestMethodWorker.java:111)
	at org.testng.TestRunner.privateRun(TestRunner.java:768)
	at org.testng.TestRunner.run(TestRunner.java:617)
	at org.testng.SuiteRunner.runTest(SuiteRunner.java:334)
	at org.testng.SuiteRunner.runSequentially(SuiteRunner.java:329)
	at org.testng.SuiteRunner.privateRun(SuiteRunner.java:291)
	at org.testng.SuiteRunner.run(SuiteRunner.java:240)
	at org.testng.SuiteRunnerWorker.runSuite(SuiteRunnerWorker.java:53)
	at org.testng.SuiteRunnerWorker.run(SuiteRunnerWorker.java:87)
	at org.testng.TestNG.runSuitesSequentially(TestNG.java:1188)
	at org.testng.TestNG.runSuitesLocally(TestNG.java:1113)
	at org.testng.TestNG.run(TestNG.java:1025)
	at org.testng.TestNG.privateMain(TestNG.java:1328)
	at org.testng.TestNG.main(TestNG.java:1297)
]]>
    </error>
  </testcase> <!-- test -->
  <testcase name="test" time="1.045" classname="com.letv.ads.util.AutoTest">
    <error type="java.lang.AssertionError" message="[[public-dtsc-033]短视频广告时长动态配置033]测试未通过，部分字段未通过验证！ expected:&lt;ok&gt; but was:&lt;测试用例：[[public-dtsc-033]短视频广告时长动态配置033]字段校验失败！-----[/VAST/Ad[1]/@order_item_id]的期望值是----1  实际值是------[/VAST/Policy/CuePoint[1]/@duration]的期望值是----15  实际值是----1&gt;">
      <![CDATA[java.lang.AssertionError: [[public-dtsc-033]短视频广告时长动态配置033]测试未通过，部分字段未通过验证！ expected:<ok> but was:<测试用例：[[public-dtsc-033]短视频广告时长动态配置033]字段校验失败！-----[/VAST/Ad[1]/@order_item_id]的期望值是----1  实际值是------[/VAST/Policy/CuePoint[1]/@duration]的期望值是----15  实际值是----1>
	at org.testng.Assert.fail(Assert.java:89)
	at org.testng.Assert.failNotEquals(Assert.java:489)
	at org.testng.Assert.assertEquals(Assert.java:118)
	at org.testng.Assert.assertEquals(Assert.java:171)
	at com.letv.ads.util.AutoTest.test(Unknown Source)
	at sun.reflect.GeneratedMethodAccessor3.invoke(Unknown Source)
	at sun.reflect.DelegatingMethodAccessorImpl.invoke(Unknown Source)
	at java.lang.reflect.Method.invoke(Unknown Source)
	at org.testng.internal.MethodInvocationHelper.invokeMethod(MethodInvocationHelper.java:80)
	at org.testng.internal.Invoker.invokeMethod(Invoker.java:702)
	at org.testng.internal.Invoker.invokeTestMethod(Invoker.java:894)
	at org.testng.internal.Invoker.invokeTestMethods(Invoker.java:1219)
	at org.testng.internal.TestMethodWorker.invokeTestMethods(TestMethodWorker.java:127)
	at org.testng.internal.TestMethodWorker.run(TestMethodWorker.java:111)
	at org.testng.TestRunner.privateRun(TestRunner.java:768)
	at org.testng.TestRunner.run(TestRunner.java:617)
	at org.testng.SuiteRunner.runTest(SuiteRunner.java:334)
	at org.testng.SuiteRunner.runSequentially(SuiteRunner.java:329)
	at org.testng.SuiteRunner.privateRun(SuiteRunner.java:291)
	at org.testng.SuiteRunner.run(SuiteRunner.java:240)
	at org.testng.SuiteRunnerWorker.runSuite(SuiteRunnerWorker.java:53)
	at org.testng.SuiteRunnerWorker.run(SuiteRunnerWorker.java:87)
	at org.testng.TestNG.runSuitesSequentially(TestNG.java:1188)
	at org.testng.TestNG.runSuitesLocally(TestNG.java:1113)
	at org.testng.TestNG.run(TestNG.java:1025)
	at org.testng.TestNG.privateMain(TestNG.java:1328)
	at org.testng.TestNG.main(TestNG.java:1297)
]]>
    </error>
  </testcase> <!-- test -->
  <testcase name="test" time="2.106" classname="com.letv.ads.util.AutoTest">
    <error type="java.lang.AssertionError" message="测试用例[[public-jzdx-013]精准定向013]在memcached中set key=5c3767f8b8ce4040bac9b23dff63c6e7.label,value=[2]时发生错误">
      <![CDATA[java.lang.AssertionError: 测试用例[[public-jzdx-013]精准定向013]在memcached中set key=5c3767f8b8ce4040bac9b23dff63c6e7.label,value=[2]时发生错误
	at org.testng.Assert.fail(Assert.java:89)
	at com.letv.ads.util.BaseCase.operateMemcached(Unknown Source)
	at com.letv.ads.util.AutoTest.test(Unknown Source)
	at sun.reflect.GeneratedMethodAccessor3.invoke(Unknown Source)
	at sun.reflect.DelegatingMethodAccessorImpl.invoke(Unknown Source)
	at java.lang.reflect.Method.invoke(Unknown Source)
	at org.testng.internal.MethodInvocationHelper.invokeMethod(MethodInvocationHelper.java:80)
	at org.testng.internal.Invoker.invokeMethod(Invoker.java:702)
	at org.testng.internal.Invoker.invokeTestMethod(Invoker.java:894)
	at org.testng.internal.Invoker.invokeTestMethods(Invoker.java:1219)
	at org.testng.internal.TestMethodWorker.invokeTestMethods(TestMethodWorker.java:127)
	at org.testng.internal.TestMethodWorker.run(TestMethodWorker.java:111)
	at org.testng.TestRunner.privateRun(TestRunner.java:768)
	at org.testng.TestRunner.run(TestRunner.java:617)
	at org.testng.SuiteRunner.runTest(SuiteRunner.java:334)
	at org.testng.SuiteRunner.runSequentially(SuiteRunner.java:329)
	at org.testng.SuiteRunner.privateRun(SuiteRunner.java:291)
	at org.testng.SuiteRunner.run(SuiteRunner.java:240)
	at org.testng.SuiteRunnerWorker.runSuite(SuiteRunnerWorker.java:53)
	at org.testng.SuiteRunnerWorker.run(SuiteRunnerWorker.java:87)
	at org.testng.TestNG.runSuitesSequentially(TestNG.java:1188)
	at org.testng.TestNG.runSuitesLocally(TestNG.java:1113)
	at org.testng.TestNG.run(TestNG.java:1025)
	at org.testng.TestNG.privateMain(TestNG.java:1328)
	at org.testng.TestNG.main(TestNG.java:1297)
]]>
    </error>
  </testcase> <!-- test -->
  <testcase name="test" time="2.075" classname="com.letv.ads.util.AutoTest">
    <error type="java.lang.AssertionError" message="测试用例[[public-ydddl-005]-移动端导流005]在memcached中set key=3a4ab747cf1e86f88e4b3759d8027893.v,value=1450160090时发生错误">
      <![CDATA[java.lang.AssertionError: 测试用例[[public-ydddl-005]-移动端导流005]在memcached中set key=3a4ab747cf1e86f88e4b3759d8027893.v,value=1450160090时发生错误
	at org.testng.Assert.fail(Assert.java:89)
	at com.letv.ads.util.BaseCase.operateMemcached(Unknown Source)
	at com.letv.ads.util.AutoTest.test(Unknown Source)
	at sun.reflect.GeneratedMethodAccessor3.invoke(Unknown Source)
	at sun.reflect.DelegatingMethodAccessorImpl.invoke(Unknown Source)
	at java.lang.reflect.Method.invoke(Unknown Source)
	at org.testng.internal.MethodInvocationHelper.invokeMethod(MethodInvocationHelper.java:80)
	at org.testng.internal.Invoker.invokeMethod(Invoker.java:702)
	at org.testng.internal.Invoker.invokeTestMethod(Invoker.java:894)
	at org.testng.internal.Invoker.invokeTestMethods(Invoker.java:1219)
	at org.testng.internal.TestMethodWorker.invokeTestMethods(TestMethodWorker.java:127)
	at org.testng.internal.TestMethodWorker.run(TestMethodWorker.java:111)
	at org.testng.TestRunner.privateRun(TestRunner.java:768)
	at org.testng.TestRunner.run(TestRunner.java:617)
	at org.testng.SuiteRunner.runTest(SuiteRunner.java:334)
	at org.testng.SuiteRunner.runSequentially(SuiteRunner.java:329)
	at org.testng.SuiteRunner.privateRun(SuiteRunner.java:291)
	at org.testng.SuiteRunner.run(SuiteRunner.java:240)
	at org.testng.SuiteRunnerWorker.runSuite(SuiteRunnerWorker.java:53)
	at org.testng.SuiteRunnerWorker.run(SuiteRunnerWorker.java:87)
	at org.testng.TestNG.runSuitesSequentially(TestNG.java:1188)
	at org.testng.TestNG.runSuitesLocally(TestNG.java:1113)
	at org.testng.TestNG.run(TestNG.java:1025)
	at org.testng.TestNG.privateMain(TestNG.java:1328)
	at org.testng.TestNG.main(TestNG.java:1297)
]]>
    </error>
  </testcase> <!-- test -->
  <testcase name="test" time="2.042" classname="com.letv.ads.util.AutoTest">
    <error type="java.lang.AssertionError" message="测试用例[[public-pbgg-019]屏保广告019]在memcached中set key=d053ae95fe3fecfd15ed1c2dbe521055.label,value=[1]时发生错误">
      <![CDATA[java.lang.AssertionError: 测试用例[[public-pbgg-019]屏保广告019]在memcached中set key=d053ae95fe3fecfd15ed1c2dbe521055.label,value=[1]时发生错误
	at org.testng.Assert.fail(Assert.java:89)
	at com.letv.ads.util.BaseCase.operateMemcached(Unknown Source)
	at com.letv.ads.util.AutoTest.test(Unknown Source)
	at sun.reflect.GeneratedMethodAccessor3.invoke(Unknown Source)
	at sun.reflect.DelegatingMethodAccessorImpl.invoke(Unknown Source)
	at java.lang.reflect.Method.invoke(Unknown Source)
	at org.testng.internal.MethodInvocationHelper.invokeMethod(MethodInvocationHelper.java:80)
	at org.testng.internal.Invoker.invokeMethod(Invoker.java:702)
	at org.testng.internal.Invoker.invokeTestMethod(Invoker.java:894)
	at org.testng.internal.Invoker.invokeTestMethods(Invoker.java:1219)
	at org.testng.internal.TestMethodWorker.invokeTestMethods(TestMethodWorker.java:127)
	at org.testng.internal.TestMethodWorker.run(TestMethodWorker.java:111)
	at org.testng.TestRunner.privateRun(TestRunner.java:768)
	at org.testng.TestRunner.run(TestRunner.java:617)
	at org.testng.SuiteRunner.runTest(SuiteRunner.java:334)
	at org.testng.SuiteRunner.runSequentially(SuiteRunner.java:329)
	at org.testng.SuiteRunner.privateRun(SuiteRunner.java:291)
	at org.testng.SuiteRunner.run(SuiteRunner.java:240)
	at org.testng.SuiteRunnerWorker.runSuite(SuiteRunnerWorker.java:53)
	at org.testng.SuiteRunnerWorker.run(SuiteRunnerWorker.java:87)
	at org.testng.TestNG.runSuitesSequentially(TestNG.java:1188)
	at org.testng.TestNG.runSuitesLocally(TestNG.java:1113)
	at org.testng.TestNG.run(TestNG.java:1025)
	at org.testng.TestNG.privateMain(TestNG.java:1328)
	at org.testng.TestNG.main(TestNG.java:1297)
]]>
    </error>
  </testcase> <!-- test -->
  <testcase name="test" time="1.081" classname="com.letv.ads.util.AutoTest">
    <error type="java.lang.AssertionError" message="[[public-jzdx-010]精准定向010]测试未通过，部分字段未通过验证！ expected:&lt;ok&gt; but was:&lt;测试用例：[[public-jzdx-010]精准定向010]字段校验失败！-----[/VAST/Ad[1]/@order_item_id]的期望值是----1  实际值是------[/VAST/Ad[2]/@order_item_id]的期望值是----3  实际值是----&gt;">
      <![CDATA[java.lang.AssertionError: [[public-jzdx-010]精准定向010]测试未通过，部分字段未通过验证！ expected:<ok> but was:<测试用例：[[public-jzdx-010]精准定向010]字段校验失败！-----[/VAST/Ad[1]/@order_item_id]的期望值是----1  实际值是------[/VAST/Ad[2]/@order_item_id]的期望值是----3  实际值是---->
	at org.testng.Assert.fail(Assert.java:89)
	at org.testng.Assert.failNotEquals(Assert.java:489)
	at org.testng.Assert.assertEquals(Assert.java:118)
	at org.testng.Assert.assertEquals(Assert.java:171)
	at com.letv.ads.util.AutoTest.test(Unknown Source)
	at sun.reflect.NativeMethodAccessorImpl.invoke0(Native Method)
	at sun.reflect.NativeMethodAccessorImpl.invoke(Unknown Source)
	at sun.reflect.DelegatingMethodAccessorImpl.invoke(Unknown Source)
	at java.lang.reflect.Method.invoke(Unknown Source)
	at org.testng.internal.MethodInvocationHelper.invokeMethod(MethodInvocationHelper.java:80)
	at org.testng.internal.Invoker.invokeMethod(Invoker.java:702)
	at org.testng.internal.Invoker.invokeTestMethod(Invoker.java:894)
	at org.testng.internal.Invoker.invokeTestMethods(Invoker.java:1219)
	at org.testng.internal.TestMethodWorker.invokeTestMethods(TestMethodWorker.java:127)
	at org.testng.internal.TestMethodWorker.run(TestMethodWorker.java:111)
	at org.testng.TestRunner.privateRun(TestRunner.java:768)
	at org.testng.TestRunner.run(TestRunner.java:617)
	at org.testng.SuiteRunner.runTest(SuiteRunner.java:334)
	at org.testng.SuiteRunner.runSequentially(SuiteRunner.java:329)
	at org.testng.SuiteRunner.privateRun(SuiteRunner.java:291)
	at org.testng.SuiteRunner.run(SuiteRunner.java:240)
	at org.testng.SuiteRunnerWorker.runSuite(SuiteRunnerWorker.java:53)
	at org.testng.SuiteRunnerWorker.run(SuiteRunnerWorker.java:87)
	at org.testng.TestNG.runSuitesSequentially(TestNG.java:1188)
	at org.testng.TestNG.runSuitesLocally(TestNG.java:1113)
	at org.testng.TestNG.run(TestNG.java:1025)
	at org.testng.TestNG.privateMain(TestNG.java:1328)
	at org.testng.TestNG.main(TestNG.java:1297)
]]>
    </error>
  </testcase> <!-- test -->
  <testcase name="test" time="2.246" classname="com.letv.ads.util.AutoTest">
    <error type="java.lang.AssertionError" message="测试用例[[public-pbgg-020]屏保广告020]在memcached中set key=d053ae95fe3fecfd15ed1c2dbe521055.label,value=[1]时发生错误">
      <![CDATA[java.lang.AssertionError: 测试用例[[public-pbgg-020]屏保广告020]在memcached中set key=d053ae95fe3fecfd15ed1c2dbe521055.label,value=[1]时发生错误
	at org.testng.Assert.fail(Assert.java:89)
	at com.letv.ads.util.BaseCase.operateMemcached(Unknown Source)
	at com.letv.ads.util.AutoTest.test(Unknown Source)
	at sun.reflect.GeneratedMethodAccessor3.invoke(Unknown Source)
	at sun.reflect.DelegatingMethodAccessorImpl.invoke(Unknown Source)
	at java.lang.reflect.Method.invoke(Unknown Source)
	at org.testng.internal.MethodInvocationHelper.invokeMethod(MethodInvocationHelper.java:80)
	at org.testng.internal.Invoker.invokeMethod(Invoker.java:702)
	at org.testng.internal.Invoker.invokeTestMethod(Invoker.java:894)
	at org.testng.internal.Invoker.invokeTestMethods(Invoker.java:1219)
	at org.testng.internal.TestMethodWorker.invokeTestMethods(TestMethodWorker.java:127)
	at org.testng.internal.TestMethodWorker.run(TestMethodWorker.java:111)
	at org.testng.TestRunner.privateRun(TestRunner.java:768)
	at org.testng.TestRunner.run(TestRunner.java:617)
	at org.testng.SuiteRunner.runTest(SuiteRunner.java:334)
	at org.testng.SuiteRunner.runSequentially(SuiteRunner.java:329)
	at org.testng.SuiteRunner.privateRun(SuiteRunner.java:291)
	at org.testng.SuiteRunner.run(SuiteRunner.java:240)
	at org.testng.SuiteRunnerWorker.runSuite(SuiteRunnerWorker.java:53)
	at org.testng.SuiteRunnerWorker.run(SuiteRunnerWorker.java:87)
	at org.testng.TestNG.runSuitesSequentially(TestNG.java:1188)
	at org.testng.TestNG.runSuitesLocally(TestNG.java:1113)
	at org.testng.TestNG.run(TestNG.java:1025)
	at org.testng.TestNG.privateMain(TestNG.java:1328)
	at org.testng.TestNG.main(TestNG.java:1297)
]]>
    </error>
  </testcase> <!-- test -->
  <testcase name="test" time="1.045" classname="com.letv.ads.util.AutoTest">
    <error type="java.lang.AssertionError" message="[[public-pbgg-004]屏保广告004]测试未通过，部分字段未通过验证！ expected:&lt;ok&gt; but was:&lt;测试用例：[[public-pbgg-004]屏保广告004]字段校验失败！-----[/VAST/Ad[1]/@order_item_id]的期望值是----1  实际值是------[/VAST/Policy/CuePoint[1]/@id]的期望值是----1  实际值是----4368--[/VAST/Policy/CuePoint[2]/@id]的期望值是----2  实际值是----4369&gt;">
      <![CDATA[java.lang.AssertionError: [[public-pbgg-004]屏保广告004]测试未通过，部分字段未通过验证！ expected:<ok> but was:<测试用例：[[public-pbgg-004]屏保广告004]字段校验失败！-----[/VAST/Ad[1]/@order_item_id]的期望值是----1  实际值是------[/VAST/Policy/CuePoint[1]/@id]的期望值是----1  实际值是----4368--[/VAST/Policy/CuePoint[2]/@id]的期望值是----2  实际值是----4369>
	at org.testng.Assert.fail(Assert.java:89)
	at org.testng.Assert.failNotEquals(Assert.java:489)
	at org.testng.Assert.assertEquals(Assert.java:118)
	at org.testng.Assert.assertEquals(Assert.java:171)
	at com.letv.ads.util.AutoTest.test(Unknown Source)
	at sun.reflect.GeneratedMethodAccessor3.invoke(Unknown Source)
	at sun.reflect.DelegatingMethodAccessorImpl.invoke(Unknown Source)
	at java.lang.reflect.Method.invoke(Unknown Source)
	at org.testng.internal.MethodInvocationHelper.invokeMethod(MethodInvocationHelper.java:80)
	at org.testng.internal.Invoker.invokeMethod(Invoker.java:702)
	at org.testng.internal.Invoker.invokeTestMethod(Invoker.java:894)
	at org.testng.internal.Invoker.invokeTestMethods(Invoker.java:1219)
	at org.testng.internal.TestMethodWorker.invokeTestMethods(TestMethodWorker.java:127)
	at org.testng.internal.TestMethodWorker.run(TestMethodWorker.java:111)
	at org.testng.TestRunner.privateRun(TestRunner.java:768)
	at org.testng.TestRunner.run(TestRunner.java:617)
	at org.testng.SuiteRunner.runTest(SuiteRunner.java:334)
	at org.testng.SuiteRunner.runSequentially(SuiteRunner.java:329)
	at org.testng.SuiteRunner.privateRun(SuiteRunner.java:291)
	at org.testng.SuiteRunner.run(SuiteRunner.java:240)
	at org.testng.SuiteRunnerWorker.runSuite(SuiteRunnerWorker.java:53)
	at org.testng.SuiteRunnerWorker.run(SuiteRunnerWorker.java:87)
	at org.testng.TestNG.runSuitesSequentially(TestNG.java:1188)
	at org.testng.TestNG.runSuitesLocally(TestNG.java:1113)
	at org.testng.TestNG.run(TestNG.java:1025)
	at org.testng.TestNG.privateMain(TestNG.java:1328)
	at org.testng.TestNG.main(TestNG.java:1297)
]]>
    </error>
  </testcase> <!-- test -->
  <testcase name="test" time="1.045" classname="com.letv.ads.util.AutoTest">
    <error type="java.lang.AssertionError" message="[public-model-005]测试未通过，部分字段未通过验证！ expected:&lt;ok&gt; but was:&lt;测试用例：[public-model-005]字段校验失败！-----[/VAST/Ad[1]/@order_item_id]的期望值是----1  实际值是------[/VAST/Ad[2]/@order_item_id]的期望值是----2  实际值是----&gt;">
      <![CDATA[java.lang.AssertionError: [public-model-005]测试未通过，部分字段未通过验证！ expected:<ok> but was:<测试用例：[public-model-005]字段校验失败！-----[/VAST/Ad[1]/@order_item_id]的期望值是----1  实际值是------[/VAST/Ad[2]/@order_item_id]的期望值是----2  实际值是---->
	at org.testng.Assert.fail(Assert.java:89)
	at org.testng.Assert.failNotEquals(Assert.java:489)
	at org.testng.Assert.assertEquals(Assert.java:118)
	at org.testng.Assert.assertEquals(Assert.java:171)
	at com.letv.ads.util.AutoTest.test(Unknown Source)
	at sun.reflect.GeneratedMethodAccessor3.invoke(Unknown Source)
	at sun.reflect.DelegatingMethodAccessorImpl.invoke(Unknown Source)
	at java.lang.reflect.Method.invoke(Unknown Source)
	at org.testng.internal.MethodInvocationHelper.invokeMethod(MethodInvocationHelper.java:80)
	at org.testng.internal.Invoker.invokeMethod(Invoker.java:702)
	at org.testng.internal.Invoker.invokeTestMethod(Invoker.java:894)
	at org.testng.internal.Invoker.invokeTestMethods(Invoker.java:1219)
	at org.testng.internal.TestMethodWorker.invokeTestMethods(TestMethodWorker.java:127)
	at org.testng.internal.TestMethodWorker.run(TestMethodWorker.java:111)
	at org.testng.TestRunner.privateRun(TestRunner.java:768)
	at org.testng.TestRunner.run(TestRunner.java:617)
	at org.testng.SuiteRunner.runTest(SuiteRunner.java:334)
	at org.testng.SuiteRunner.runSequentially(SuiteRunner.java:329)
	at org.testng.SuiteRunner.privateRun(SuiteRunner.java:291)
	at org.testng.SuiteRunner.run(SuiteRunner.java:240)
	at org.testng.SuiteRunnerWorker.runSuite(SuiteRunnerWorker.java:53)
	at org.testng.SuiteRunnerWorker.run(SuiteRunnerWorker.java:87)
	at org.testng.TestNG.runSuitesSequentially(TestNG.java:1188)
	at org.testng.TestNG.runSuitesLocally(TestNG.java:1113)
	at org.testng.TestNG.run(TestNG.java:1025)
	at org.testng.TestNG.privateMain(TestNG.java:1328)
	at org.testng.TestNG.main(TestNG.java:1297)
]]>
    </error>
  </testcase> <!-- test -->
  <testcase name="test" time="1.047" classname="com.letv.ads.util.AutoTest"/>
  <testcase name="test" time="1.061" classname="com.letv.ads.util.AutoTest">
    <error type="java.lang.AssertionError" message="[[public-dtsc-084]短视频广告时长动态配置084]测试未通过，部分字段未通过验证！ expected:&lt;ok&gt; but was:&lt;测试用例：[[public-dtsc-084]短视频广告时长动态配置084]字段校验失败！-----[/VAST/Ad[1]/@order_item_id]的期望值是----1  实际值是------[/VAST/Policy/CuePoint[1]/@duration]的期望值是----15  实际值是----1&gt;">
      <![CDATA[java.lang.AssertionError: [[public-dtsc-084]短视频广告时长动态配置084]测试未通过，部分字段未通过验证！ expected:<ok> but was:<测试用例：[[public-dtsc-084]短视频广告时长动态配置084]字段校验失败！-----[/VAST/Ad[1]/@order_item_id]的期望值是----1  实际值是------[/VAST/Policy/CuePoint[1]/@duration]的期望值是----15  实际值是----1>
	at org.testng.Assert.fail(Assert.java:89)
	at org.testng.Assert.failNotEquals(Assert.java:489)
	at org.testng.Assert.assertEquals(Assert.java:118)
	at org.testng.Assert.assertEquals(Assert.java:171)
	at com.letv.ads.util.AutoTest.test(Unknown Source)
	at sun.reflect.GeneratedMethodAccessor3.invoke(Unknown Source)
	at sun.reflect.DelegatingMethodAccessorImpl.invoke(Unknown Source)
	at java.lang.reflect.Method.invoke(Unknown Source)
	at org.testng.internal.MethodInvocationHelper.invokeMethod(MethodInvocationHelper.java:80)
	at org.testng.internal.Invoker.invokeMethod(Invoker.java:702)
	at org.testng.internal.Invoker.invokeTestMethod(Invoker.java:894)
	at org.testng.internal.Invoker.invokeTestMethods(Invoker.java:1219)
	at org.testng.internal.TestMethodWorker.invokeTestMethods(TestMethodWorker.java:127)
	at org.testng.internal.TestMethodWorker.run(TestMethodWorker.java:111)
	at org.testng.TestRunner.privateRun(TestRunner.java:768)
	at org.testng.TestRunner.run(TestRunner.java:617)
	at org.testng.SuiteRunner.runTest(SuiteRunner.java:334)
	at org.testng.SuiteRunner.runSequentially(SuiteRunner.java:329)
	at org.testng.SuiteRunner.privateRun(SuiteRunner.java:291)
	at org.testng.SuiteRunner.run(SuiteRunner.java:240)
	at org.testng.SuiteRunnerWorker.runSuite(SuiteRunnerWorker.java:53)
	at org.testng.SuiteRunnerWorker.run(SuiteRunnerWorker.java:87)
	at org.testng.TestNG.runSuitesSequentially(TestNG.java:1188)
	at org.testng.TestNG.runSuitesLocally(TestNG.java:1113)
	at org.testng.TestNG.run(TestNG.java:1025)
	at org.testng.TestNG.privateMain(TestNG.java:1328)
	at org.testng.TestNG.main(TestNG.java:1297)
]]>
    </error>
  </testcase> <!-- test -->
  <testcase name="test" time="1.052" classname="com.letv.ads.util.AutoTest"/>
  <testcase name="test" time="1.077" classname="com.letv.ads.util.AutoTest"/>
  <testcase name="test" time="1.107" classname="com.letv.ads.util.AutoTest">
    <error type="java.lang.AssertionError" message="[[public-kjgg-002]开机广告002]测试未通过，部分字段未通过验证！ expected:&lt;ok&gt; but was:&lt;测试用例：[[public-kjgg-002]开机广告002]字段校验失败！-----[/VAST/Ad[1]/@order_item_id]的期望值是----1  实际值是------[/VAST/Ad[2]/@order_item_id]的期望值是----2  实际值是------[/VAST/Policy/CuePoint[1]/@id]的期望值是----1  实际值是----4368--[/VAST/Policy/CuePoint[2]/@id]的期望值是----2  实际值是----4369&gt;">
      <![CDATA[java.lang.AssertionError: [[public-kjgg-002]开机广告002]测试未通过，部分字段未通过验证！ expected:<ok> but was:<测试用例：[[public-kjgg-002]开机广告002]字段校验失败！-----[/VAST/Ad[1]/@order_item_id]的期望值是----1  实际值是------[/VAST/Ad[2]/@order_item_id]的期望值是----2  实际值是------[/VAST/Policy/CuePoint[1]/@id]的期望值是----1  实际值是----4368--[/VAST/Policy/CuePoint[2]/@id]的期望值是----2  实际值是----4369>
	at org.testng.Assert.fail(Assert.java:89)
	at org.testng.Assert.failNotEquals(Assert.java:489)
	at org.testng.Assert.assertEquals(Assert.java:118)
	at org.testng.Assert.assertEquals(Assert.java:171)
	at com.letv.ads.util.AutoTest.test(Unknown Source)
	at sun.reflect.GeneratedMethodAccessor3.invoke(Unknown Source)
	at sun.reflect.DelegatingMethodAccessorImpl.invoke(Unknown Source)
	at java.lang.reflect.Method.invoke(Unknown Source)
	at org.testng.internal.MethodInvocationHelper.invokeMethod(MethodInvocationHelper.java:80)
	at org.testng.internal.Invoker.invokeMethod(Invoker.java:702)
	at org.testng.internal.Invoker.invokeTestMethod(Invoker.java:894)
	at org.testng.internal.Invoker.invokeTestMethods(Invoker.java:1219)
	at org.testng.internal.TestMethodWorker.invokeTestMethods(TestMethodWorker.java:127)
	at org.testng.internal.TestMethodWorker.run(TestMethodWorker.java:111)
	at org.testng.TestRunner.privateRun(TestRunner.java:768)
	at org.testng.TestRunner.run(TestRunner.java:617)
	at org.testng.SuiteRunner.runTest(SuiteRunner.java:334)
	at org.testng.SuiteRunner.runSequentially(SuiteRunner.java:329)
	at org.testng.SuiteRunner.privateRun(SuiteRunner.java:291)
	at org.testng.SuiteRunner.run(SuiteRunner.java:240)
	at org.testng.SuiteRunnerWorker.runSuite(SuiteRunnerWorker.java:53)
	at org.testng.SuiteRunnerWorker.run(SuiteRunnerWorker.java:87)
	at org.testng.TestNG.runSuitesSequentially(TestNG.java:1188)
	at org.testng.TestNG.runSuitesLocally(TestNG.java:1113)
	at org.testng.TestNG.run(TestNG.java:1025)
	at org.testng.TestNG.privateMain(TestNG.java:1328)
	at org.testng.TestNG.main(TestNG.java:1297)
]]>
    </error>
  </testcase> <!-- test -->
  <testcase name="test" time="1.092" classname="com.letv.ads.util.AutoTest">
    <error type="java.lang.AssertionError" message="[[public-dtsc-009]短视频广告时长动态配置009]测试未通过，部分字段未通过验证！ expected:&lt;ok&gt; but was:&lt;测试用例：[[public-dtsc-009]短视频广告时长动态配置009]字段校验失败！-----[/VAST/Ad[1]/@order_item_id]的期望值是----1  实际值是------[/VAST/Policy/CuePoint[1]/@duration]的期望值是----25  实际值是----1&gt;">
      <![CDATA[java.lang.AssertionError: [[public-dtsc-009]短视频广告时长动态配置009]测试未通过，部分字段未通过验证！ expected:<ok> but was:<测试用例：[[public-dtsc-009]短视频广告时长动态配置009]字段校验失败！-----[/VAST/Ad[1]/@order_item_id]的期望值是----1  实际值是------[/VAST/Policy/CuePoint[1]/@duration]的期望值是----25  实际值是----1>
	at org.testng.Assert.fail(Assert.java:89)
	at org.testng.Assert.failNotEquals(Assert.java:489)
	at org.testng.Assert.assertEquals(Assert.java:118)
	at org.testng.Assert.assertEquals(Assert.java:171)
	at com.letv.ads.util.AutoTest.test(Unknown Source)
	at sun.reflect.GeneratedMethodAccessor3.invoke(Unknown Source)
	at sun.reflect.DelegatingMethodAccessorImpl.invoke(Unknown Source)
	at java.lang.reflect.Method.invoke(Unknown Source)
	at org.testng.internal.MethodInvocationHelper.invokeMethod(MethodInvocationHelper.java:80)
	at org.testng.internal.Invoker.invokeMethod(Invoker.java:702)
	at org.testng.internal.Invoker.invokeTestMethod(Invoker.java:894)
	at org.testng.internal.Invoker.invokeTestMethods(Invoker.java:1219)
	at org.testng.internal.TestMethodWorker.invokeTestMethods(TestMethodWorker.java:127)
	at org.testng.internal.TestMethodWorker.run(TestMethodWorker.java:111)
	at org.testng.TestRunner.privateRun(TestRunner.java:768)
	at org.testng.TestRunner.run(TestRunner.java:617)
	at org.testng.SuiteRunner.runTest(SuiteRunner.java:334)
	at org.testng.SuiteRunner.runSequentially(SuiteRunner.java:329)
	at org.testng.SuiteRunner.privateRun(SuiteRunner.java:291)
	at org.testng.SuiteRunner.run(SuiteRunner.java:240)
	at org.testng.SuiteRunnerWorker.runSuite(SuiteRunnerWorker.java:53)
	at org.testng.SuiteRunnerWorker.run(SuiteRunnerWorker.java:87)
	at org.testng.TestNG.runSuitesSequentially(TestNG.java:1188)
	at org.testng.TestNG.runSuitesLocally(TestNG.java:1113)
	at org.testng.TestNG.run(TestNG.java:1025)
	at org.testng.TestNG.privateMain(TestNG.java:1328)
	at org.testng.TestNG.main(TestNG.java:1297)
]]>
    </error>
  </testcase> <!-- test -->
  <testcase name="test" time="1.061" classname="com.letv.ads.util.AutoTest">
    <error type="java.lang.AssertionError" message="[public-sbdx-003]测试未通过，部分字段未通过验证！ expected:&lt;ok&gt; but was:&lt;测试用例：[public-sbdx-003]字段校验失败！-----[/VAST/Ad[@id=&#039;1&#039;]/@order_item_id]的期望值是----1  实际值是----&gt;">
      <![CDATA[java.lang.AssertionError: [public-sbdx-003]测试未通过，部分字段未通过验证！ expected:<ok> but was:<测试用例：[public-sbdx-003]字段校验失败！-----[/VAST/Ad[@id='1']/@order_item_id]的期望值是----1  实际值是---->
	at org.testng.Assert.fail(Assert.java:89)
	at org.testng.Assert.failNotEquals(Assert.java:489)
	at org.testng.Assert.assertEquals(Assert.java:118)
	at org.testng.Assert.assertEquals(Assert.java:171)
	at com.letv.ads.util.AutoTest.test(Unknown Source)
	at sun.reflect.GeneratedMethodAccessor3.invoke(Unknown Source)
	at sun.reflect.DelegatingMethodAccessorImpl.invoke(Unknown Source)
	at java.lang.reflect.Method.invoke(Unknown Source)
	at org.testng.internal.MethodInvocationHelper.invokeMethod(MethodInvocationHelper.java:80)
	at org.testng.internal.Invoker.invokeMethod(Invoker.java:702)
	at org.testng.internal.Invoker.invokeTestMethod(Invoker.java:894)
	at org.testng.internal.Invoker.invokeTestMethods(Invoker.java:1219)
	at org.testng.internal.TestMethodWorker.invokeTestMethods(TestMethodWorker.java:127)
	at org.testng.internal.TestMethodWorker.run(TestMethodWorker.java:111)
	at org.testng.TestRunner.privateRun(TestRunner.java:768)
	at org.testng.TestRunner.run(TestRunner.java:617)
	at org.testng.SuiteRunner.runTest(SuiteRunner.java:334)
	at org.testng.SuiteRunner.runSequentially(SuiteRunner.java:329)
	at org.testng.SuiteRunner.privateRun(SuiteRunner.java:291)
	at org.testng.SuiteRunner.run(SuiteRunner.java:240)
	at org.testng.SuiteRunnerWorker.runSuite(SuiteRunnerWorker.java:53)
	at org.testng.SuiteRunnerWorker.run(SuiteRunnerWorker.java:87)
	at org.testng.TestNG.runSuitesSequentially(TestNG.java:1188)
	at org.testng.TestNG.runSuitesLocally(TestNG.java:1113)
	at org.testng.TestNG.run(TestNG.java:1025)
	at org.testng.TestNG.privateMain(TestNG.java:1328)
	at org.testng.TestNG.main(TestNG.java:1297)
]]>
    </error>
  </testcase> <!-- test -->
  <testcase name="test" time="1.023" classname="com.letv.ads.util.AutoTest"/>
  <testcase name="test" time="1.061" classname="com.letv.ads.util.AutoTest">
    <error type="java.lang.AssertionError" message="[[public-kjgg-005]开机广告005]轮播测试中，广告order_item_id[]重复出现，测试失败！">
      <![CDATA[java.lang.AssertionError: [[public-kjgg-005]开机广告005]轮播测试中，广告order_item_id[]重复出现，测试失败！
	at org.testng.Assert.fail(Assert.java:89)
	at com.letv.ads.util.AutoTest.test(Unknown Source)
	at sun.reflect.GeneratedMethodAccessor3.invoke(Unknown Source)
	at sun.reflect.DelegatingMethodAccessorImpl.invoke(Unknown Source)
	at java.lang.reflect.Method.invoke(Unknown Source)
	at org.testng.internal.MethodInvocationHelper.invokeMethod(MethodInvocationHelper.java:80)
	at org.testng.internal.Invoker.invokeMethod(Invoker.java:702)
	at org.testng.internal.Invoker.invokeTestMethod(Invoker.java:894)
	at org.testng.internal.Invoker.invokeTestMethods(Invoker.java:1219)
	at org.testng.internal.TestMethodWorker.invokeTestMethods(TestMethodWorker.java:127)
	at org.testng.internal.TestMethodWorker.run(TestMethodWorker.java:111)
	at org.testng.TestRunner.privateRun(TestRunner.java:768)
	at org.testng.TestRunner.run(TestRunner.java:617)
	at org.testng.SuiteRunner.runTest(SuiteRunner.java:334)
	at org.testng.SuiteRunner.runSequentially(SuiteRunner.java:329)
	at org.testng.SuiteRunner.privateRun(SuiteRunner.java:291)
	at org.testng.SuiteRunner.run(SuiteRunner.java:240)
	at org.testng.SuiteRunnerWorker.runSuite(SuiteRunnerWorker.java:53)
	at org.testng.SuiteRunnerWorker.run(SuiteRunnerWorker.java:87)
	at org.testng.TestNG.runSuitesSequentially(TestNG.java:1188)
	at org.testng.TestNG.runSuitesLocally(TestNG.java:1113)
	at org.testng.TestNG.run(TestNG.java:1025)
	at org.testng.TestNG.privateMain(TestNG.java:1328)
	at org.testng.TestNG.main(TestNG.java:1297)
]]>
    </error>
  </testcase> <!-- test -->
  <testcase name="test" time="2.248" classname="com.letv.ads.util.AutoTest">
    <error type="java.lang.AssertionError" message="测试用例[[public-jzdx-006]精准定向006]在memcached中set key=5c3767f8b8ce4040bac9b23dff63c6e7.label,value=[1]时发生错误">
      <![CDATA[java.lang.AssertionError: 测试用例[[public-jzdx-006]精准定向006]在memcached中set key=5c3767f8b8ce4040bac9b23dff63c6e7.label,value=[1]时发生错误
	at org.testng.Assert.fail(Assert.java:89)
	at com.letv.ads.util.BaseCase.operateMemcached(Unknown Source)
	at com.letv.ads.util.AutoTest.test(Unknown Source)
	at sun.reflect.GeneratedMethodAccessor3.invoke(Unknown Source)
	at sun.reflect.DelegatingMethodAccessorImpl.invoke(Unknown Source)
	at java.lang.reflect.Method.invoke(Unknown Source)
	at org.testng.internal.MethodInvocationHelper.invokeMethod(MethodInvocationHelper.java:80)
	at org.testng.internal.Invoker.invokeMethod(Invoker.java:702)
	at org.testng.internal.Invoker.invokeTestMethod(Invoker.java:894)
	at org.testng.internal.Invoker.invokeTestMethods(Invoker.java:1219)
	at org.testng.internal.TestMethodWorker.invokeTestMethods(TestMethodWorker.java:127)
	at org.testng.internal.TestMethodWorker.run(TestMethodWorker.java:111)
	at org.testng.TestRunner.privateRun(TestRunner.java:768)
	at org.testng.TestRunner.run(TestRunner.java:617)
	at org.testng.SuiteRunner.runTest(SuiteRunner.java:334)
	at org.testng.SuiteRunner.runSequentially(SuiteRunner.java:329)
	at org.testng.SuiteRunner.privateRun(SuiteRunner.java:291)
	at org.testng.SuiteRunner.run(SuiteRunner.java:240)
	at org.testng.SuiteRunnerWorker.runSuite(SuiteRunnerWorker.java:53)
	at org.testng.SuiteRunnerWorker.run(SuiteRunnerWorker.java:87)
	at org.testng.TestNG.runSuitesSequentially(TestNG.java:1188)
	at org.testng.TestNG.runSuitesLocally(TestNG.java:1113)
	at org.testng.TestNG.run(TestNG.java:1025)
	at org.testng.TestNG.privateMain(TestNG.java:1328)
	at org.testng.TestNG.main(TestNG.java:1297)
]]>
    </error>
  </testcase> <!-- test -->
  <testcase name="test" time="1.122" classname="com.letv.ads.util.AutoTest">
    <error type="java.lang.AssertionError" message="[[public-dtsc-012]短视频广告时长动态配置012]测试未通过，部分字段未通过验证！ expected:&lt;ok&gt; but was:&lt;测试用例：[[public-dtsc-012]短视频广告时长动态配置012]字段校验失败！-----[/VAST/Ad[1]/@order_item_id]的期望值是----1  实际值是------[/VAST/Policy/CuePoint[1]/@duration]的期望值是----15  实际值是----1&gt;">
      <![CDATA[java.lang.AssertionError: [[public-dtsc-012]短视频广告时长动态配置012]测试未通过，部分字段未通过验证！ expected:<ok> but was:<测试用例：[[public-dtsc-012]短视频广告时长动态配置012]字段校验失败！-----[/VAST/Ad[1]/@order_item_id]的期望值是----1  实际值是------[/VAST/Policy/CuePoint[1]/@duration]的期望值是----15  实际值是----1>
	at org.testng.Assert.fail(Assert.java:89)
	at org.testng.Assert.failNotEquals(Assert.java:489)
	at org.testng.Assert.assertEquals(Assert.java:118)
	at org.testng.Assert.assertEquals(Assert.java:171)
	at com.letv.ads.util.AutoTest.test(Unknown Source)
	at sun.reflect.GeneratedMethodAccessor3.invoke(Unknown Source)
	at sun.reflect.DelegatingMethodAccessorImpl.invoke(Unknown Source)
	at java.lang.reflect.Method.invoke(Unknown Source)
	at org.testng.internal.MethodInvocationHelper.invokeMethod(MethodInvocationHelper.java:80)
	at org.testng.internal.Invoker.invokeMethod(Invoker.java:702)
	at org.testng.internal.Invoker.invokeTestMethod(Invoker.java:894)
	at org.testng.internal.Invoker.invokeTestMethods(Invoker.java:1219)
	at org.testng.internal.TestMethodWorker.invokeTestMethods(TestMethodWorker.java:127)
	at org.testng.internal.TestMethodWorker.run(TestMethodWorker.java:111)
	at org.testng.TestRunner.privateRun(TestRunner.java:768)
	at org.testng.TestRunner.run(TestRunner.java:617)
	at org.testng.SuiteRunner.runTest(SuiteRunner.java:334)
	at org.testng.SuiteRunner.runSequentially(SuiteRunner.java:329)
	at org.testng.SuiteRunner.privateRun(SuiteRunner.java:291)
	at org.testng.SuiteRunner.run(SuiteRunner.java:240)
	at org.testng.SuiteRunnerWorker.runSuite(SuiteRunnerWorker.java:53)
	at org.testng.SuiteRunnerWorker.run(SuiteRunnerWorker.java:87)
	at org.testng.TestNG.runSuitesSequentially(TestNG.java:1188)
	at org.testng.TestNG.runSuitesLocally(TestNG.java:1113)
	at org.testng.TestNG.run(TestNG.java:1025)
	at org.testng.TestNG.privateMain(TestNG.java:1328)
	at org.testng.TestNG.main(TestNG.java:1297)
]]>
    </error>
  </testcase> <!-- test -->
  <testcase name="test" time="1.062" classname="com.letv.ads.util.AutoTest">
    <error type="java.lang.AssertionError" message="[public-model-014]测试未通过，部分字段未通过验证！ expected:&lt;ok&gt; but was:&lt;测试用例：[public-model-014]字段校验失败！-----[/VAST/Ad[1]/@order_item_id]的期望值是----2  实际值是----&gt;">
      <![CDATA[java.lang.AssertionError: [public-model-014]测试未通过，部分字段未通过验证！ expected:<ok> but was:<测试用例：[public-model-014]字段校验失败！-----[/VAST/Ad[1]/@order_item_id]的期望值是----2  实际值是---->
	at org.testng.Assert.fail(Assert.java:89)
	at org.testng.Assert.failNotEquals(Assert.java:489)
	at org.testng.Assert.assertEquals(Assert.java:118)
	at org.testng.Assert.assertEquals(Assert.java:171)
	at com.letv.ads.util.AutoTest.test(Unknown Source)
	at sun.reflect.GeneratedMethodAccessor3.invoke(Unknown Source)
	at sun.reflect.DelegatingMethodAccessorImpl.invoke(Unknown Source)
	at java.lang.reflect.Method.invoke(Unknown Source)
	at org.testng.internal.MethodInvocationHelper.invokeMethod(MethodInvocationHelper.java:80)
	at org.testng.internal.Invoker.invokeMethod(Invoker.java:702)
	at org.testng.internal.Invoker.invokeTestMethod(Invoker.java:894)
	at org.testng.internal.Invoker.invokeTestMethods(Invoker.java:1219)
	at org.testng.internal.TestMethodWorker.invokeTestMethods(TestMethodWorker.java:127)
	at org.testng.internal.TestMethodWorker.run(TestMethodWorker.java:111)
	at org.testng.TestRunner.privateRun(TestRunner.java:768)
	at org.testng.TestRunner.run(TestRunner.java:617)
	at org.testng.SuiteRunner.runTest(SuiteRunner.java:334)
	at org.testng.SuiteRunner.runSequentially(SuiteRunner.java:329)
	at org.testng.SuiteRunner.privateRun(SuiteRunner.java:291)
	at org.testng.SuiteRunner.run(SuiteRunner.java:240)
	at org.testng.SuiteRunnerWorker.runSuite(SuiteRunnerWorker.java:53)
	at org.testng.SuiteRunnerWorker.run(SuiteRunnerWorker.java:87)
	at org.testng.TestNG.runSuitesSequentially(TestNG.java:1188)
	at org.testng.TestNG.runSuitesLocally(TestNG.java:1113)
	at org.testng.TestNG.run(TestNG.java:1025)
	at org.testng.TestNG.privateMain(TestNG.java:1328)
	at org.testng.TestNG.main(TestNG.java:1297)
]]>
    </error>
  </testcase> <!-- test -->
  <testcase name="test" time="1.075" classname="com.letv.ads.util.AutoTest">
    <error type="java.lang.AssertionError" message="[public-model-016]测试未通过，部分字段未通过验证！ expected:&lt;ok&gt; but was:&lt;测试用例：[public-model-016]字段校验失败！-----[/VAST/Ad[1]/@order_item_id]的期望值是----1  实际值是------[/VAST/Ad[2]/@order_item_id]的期望值是----2  实际值是----&gt;">
      <![CDATA[java.lang.AssertionError: [public-model-016]测试未通过，部分字段未通过验证！ expected:<ok> but was:<测试用例：[public-model-016]字段校验失败！-----[/VAST/Ad[1]/@order_item_id]的期望值是----1  实际值是------[/VAST/Ad[2]/@order_item_id]的期望值是----2  实际值是---->
	at org.testng.Assert.fail(Assert.java:89)
	at org.testng.Assert.failNotEquals(Assert.java:489)
	at org.testng.Assert.assertEquals(Assert.java:118)
	at org.testng.Assert.assertEquals(Assert.java:171)
	at com.letv.ads.util.AutoTest.test(Unknown Source)
	at sun.reflect.GeneratedMethodAccessor3.invoke(Unknown Source)
	at sun.reflect.DelegatingMethodAccessorImpl.invoke(Unknown Source)
	at java.lang.reflect.Method.invoke(Unknown Source)
	at org.testng.internal.MethodInvocationHelper.invokeMethod(MethodInvocationHelper.java:80)
	at org.testng.internal.Invoker.invokeMethod(Invoker.java:702)
	at org.testng.internal.Invoker.invokeTestMethod(Invoker.java:894)
	at org.testng.internal.Invoker.invokeTestMethods(Invoker.java:1219)
	at org.testng.internal.TestMethodWorker.invokeTestMethods(TestMethodWorker.java:127)
	at org.testng.internal.TestMethodWorker.run(TestMethodWorker.java:111)
	at org.testng.TestRunner.privateRun(TestRunner.java:768)
	at org.testng.TestRunner.run(TestRunner.java:617)
	at org.testng.SuiteRunner.runTest(SuiteRunner.java:334)
	at org.testng.SuiteRunner.runSequentially(SuiteRunner.java:329)
	at org.testng.SuiteRunner.privateRun(SuiteRunner.java:291)
	at org.testng.SuiteRunner.run(SuiteRunner.java:240)
	at org.testng.SuiteRunnerWorker.runSuite(SuiteRunnerWorker.java:53)
	at org.testng.SuiteRunnerWorker.run(SuiteRunnerWorker.java:87)
	at org.testng.TestNG.runSuitesSequentially(TestNG.java:1188)
	at org.testng.TestNG.runSuitesLocally(TestNG.java:1113)
	at org.testng.TestNG.run(TestNG.java:1025)
	at org.testng.TestNG.privateMain(TestNG.java:1328)
	at org.testng.TestNG.main(TestNG.java:1297)
]]>
    </error>
  </testcase> <!-- test -->
  <testcase name="test" time="1.061" classname="com.letv.ads.util.AutoTest">
    <error type="java.lang.AssertionError" message="[[public-kjgg-009]开机广告009]测试未通过，部分字段未通过验证！ expected:&lt;ok&gt; but was:&lt;测试用例：[[public-kjgg-009]开机广告009]字段校验失败！-----[/VAST/Policy/CuePoint/@id]的期望值是----1  实际值是----4368&gt;">
      <![CDATA[java.lang.AssertionError: [[public-kjgg-009]开机广告009]测试未通过，部分字段未通过验证！ expected:<ok> but was:<测试用例：[[public-kjgg-009]开机广告009]字段校验失败！-----[/VAST/Policy/CuePoint/@id]的期望值是----1  实际值是----4368>
	at org.testng.Assert.fail(Assert.java:89)
	at org.testng.Assert.failNotEquals(Assert.java:489)
	at org.testng.Assert.assertEquals(Assert.java:118)
	at org.testng.Assert.assertEquals(Assert.java:171)
	at com.letv.ads.util.AutoTest.test(Unknown Source)
	at sun.reflect.GeneratedMethodAccessor3.invoke(Unknown Source)
	at sun.reflect.DelegatingMethodAccessorImpl.invoke(Unknown Source)
	at java.lang.reflect.Method.invoke(Unknown Source)
	at org.testng.internal.MethodInvocationHelper.invokeMethod(MethodInvocationHelper.java:80)
	at org.testng.internal.Invoker.invokeMethod(Invoker.java:702)
	at org.testng.internal.Invoker.invokeTestMethod(Invoker.java:894)
	at org.testng.internal.Invoker.invokeTestMethods(Invoker.java:1219)
	at org.testng.internal.TestMethodWorker.invokeTestMethods(TestMethodWorker.java:127)
	at org.testng.internal.TestMethodWorker.run(TestMethodWorker.java:111)
	at org.testng.TestRunner.privateRun(TestRunner.java:768)
	at org.testng.TestRunner.run(TestRunner.java:617)
	at org.testng.SuiteRunner.runTest(SuiteRunner.java:334)
	at org.testng.SuiteRunner.runSequentially(SuiteRunner.java:329)
	at org.testng.SuiteRunner.privateRun(SuiteRunner.java:291)
	at org.testng.SuiteRunner.run(SuiteRunner.java:240)
	at org.testng.SuiteRunnerWorker.runSuite(SuiteRunnerWorker.java:53)
	at org.testng.SuiteRunnerWorker.run(SuiteRunnerWorker.java:87)
	at org.testng.TestNG.runSuitesSequentially(TestNG.java:1188)
	at org.testng.TestNG.runSuitesLocally(TestNG.java:1113)
	at org.testng.TestNG.run(TestNG.java:1025)
	at org.testng.TestNG.privateMain(TestNG.java:1328)
	at org.testng.TestNG.main(TestNG.java:1297)
]]>
    </error>
  </testcase> <!-- test -->
  <testcase name="test" time="1.037" classname="com.letv.ads.util.AutoTest">
    <error type="java.lang.AssertionError" message="[[public-dtsc-071]短视频广告时长动态配置071]测试未通过，部分字段未通过验证！ expected:&lt;ok&gt; but was:&lt;测试用例：[[public-dtsc-071]短视频广告时长动态配置071]字段校验失败！-----[/VAST/Ad[1]/@order_item_id]的期望值是----1  实际值是------[/VAST/Policy/CuePoint[1]/@duration]的期望值是----30  实际值是----1&gt;">
      <![CDATA[java.lang.AssertionError: [[public-dtsc-071]短视频广告时长动态配置071]测试未通过，部分字段未通过验证！ expected:<ok> but was:<测试用例：[[public-dtsc-071]短视频广告时长动态配置071]字段校验失败！-----[/VAST/Ad[1]/@order_item_id]的期望值是----1  实际值是------[/VAST/Policy/CuePoint[1]/@duration]的期望值是----30  实际值是----1>
	at org.testng.Assert.fail(Assert.java:89)
	at org.testng.Assert.failNotEquals(Assert.java:489)
	at org.testng.Assert.assertEquals(Assert.java:118)
	at org.testng.Assert.assertEquals(Assert.java:171)
	at com.letv.ads.util.AutoTest.test(Unknown Source)
	at sun.reflect.GeneratedMethodAccessor3.invoke(Unknown Source)
	at sun.reflect.DelegatingMethodAccessorImpl.invoke(Unknown Source)
	at java.lang.reflect.Method.invoke(Unknown Source)
	at org.testng.internal.MethodInvocationHelper.invokeMethod(MethodInvocationHelper.java:80)
	at org.testng.internal.Invoker.invokeMethod(Invoker.java:702)
	at org.testng.internal.Invoker.invokeTestMethod(Invoker.java:894)
	at org.testng.internal.Invoker.invokeTestMethods(Invoker.java:1219)
	at org.testng.internal.TestMethodWorker.invokeTestMethods(TestMethodWorker.java:127)
	at org.testng.internal.TestMethodWorker.run(TestMethodWorker.java:111)
	at org.testng.TestRunner.privateRun(TestRunner.java:768)
	at org.testng.TestRunner.run(TestRunner.java:617)
	at org.testng.SuiteRunner.runTest(SuiteRunner.java:334)
	at org.testng.SuiteRunner.runSequentially(SuiteRunner.java:329)
	at org.testng.SuiteRunner.privateRun(SuiteRunner.java:291)
	at org.testng.SuiteRunner.run(SuiteRunner.java:240)
	at org.testng.SuiteRunnerWorker.runSuite(SuiteRunnerWorker.java:53)
	at org.testng.SuiteRunnerWorker.run(SuiteRunnerWorker.java:87)
	at org.testng.TestNG.runSuitesSequentially(TestNG.java:1188)
	at org.testng.TestNG.runSuitesLocally(TestNG.java:1113)
	at org.testng.TestNG.run(TestNG.java:1025)
	at org.testng.TestNG.privateMain(TestNG.java:1328)
	at org.testng.TestNG.main(TestNG.java:1297)
]]>
    </error>
  </testcase> <!-- test -->
  <testcase name="test" time="1.045" classname="com.letv.ads.util.AutoTest">
    <error type="java.lang.AssertionError" message="[[public-pbgg-021]屏保广告021]测试未通过，部分字段未通过验证！ expected:&lt;ok&gt; but was:&lt;测试用例：[[public-pbgg-021]屏保广告021]字段校验失败！-----[/VAST/Ad[1]/@order_item_id]的期望值是----1  实际值是------[/VAST/Ad[2]/@order_item_id]的期望值是----2  实际值是------[/VAST/Ad[3]/@order_item_id]的期望值是----3  实际值是------[/VAST/Ad[4]/@order_item_id]的期望值是----5  实际值是------[/VAST/Ad[5]/@order_item_id]的期望值是----7  实际值是------[/VAST/Ad[6]/@order_item_id]的期望值是----9  实际值是------[/VAST/Ad[7]/@order_item_id]的期望值是----11  实际值是------[/VAST/Ad[8]/@order_item_id]的期望值是----13  实际值是------[/VAST/Ad[9]/@order_item_id]的期望值是----15  实际值是------[/VAST/Ad[10]/@order_item_id]的期望值是----17  实际值是----&gt;">
      <![CDATA[java.lang.AssertionError: [[public-pbgg-021]屏保广告021]测试未通过，部分字段未通过验证！ expected:<ok> but was:<测试用例：[[public-pbgg-021]屏保广告021]字段校验失败！-----[/VAST/Ad[1]/@order_item_id]的期望值是----1  实际值是------[/VAST/Ad[2]/@order_item_id]的期望值是----2  实际值是------[/VAST/Ad[3]/@order_item_id]的期望值是----3  实际值是------[/VAST/Ad[4]/@order_item_id]的期望值是----5  实际值是------[/VAST/Ad[5]/@order_item_id]的期望值是----7  实际值是------[/VAST/Ad[6]/@order_item_id]的期望值是----9  实际值是------[/VAST/Ad[7]/@order_item_id]的期望值是----11  实际值是------[/VAST/Ad[8]/@order_item_id]的期望值是----13  实际值是------[/VAST/Ad[9]/@order_item_id]的期望值是----15  实际值是------[/VAST/Ad[10]/@order_item_id]的期望值是----17  实际值是---->
	at org.testng.Assert.fail(Assert.java:89)
	at org.testng.Assert.failNotEquals(Assert.java:489)
	at org.testng.Assert.assertEquals(Assert.java:118)
	at org.testng.Assert.assertEquals(Assert.java:171)
	at com.letv.ads.util.AutoTest.test(Unknown Source)
	at sun.reflect.GeneratedMethodAccessor3.invoke(Unknown Source)
	at sun.reflect.DelegatingMethodAccessorImpl.invoke(Unknown Source)
	at java.lang.reflect.Method.invoke(Unknown Source)
	at org.testng.internal.MethodInvocationHelper.invokeMethod(MethodInvocationHelper.java:80)
	at org.testng.internal.Invoker.invokeMethod(Invoker.java:702)
	at org.testng.internal.Invoker.invokeTestMethod(Invoker.java:894)
	at org.testng.internal.Invoker.invokeTestMethods(Invoker.java:1219)
	at org.testng.internal.TestMethodWorker.invokeTestMethods(TestMethodWorker.java:127)
	at org.testng.internal.TestMethodWorker.run(TestMethodWorker.java:111)
	at org.testng.TestRunner.privateRun(TestRunner.java:768)
	at org.testng.TestRunner.run(TestRunner.java:617)
	at org.testng.SuiteRunner.runTest(SuiteRunner.java:334)
	at org.testng.SuiteRunner.runSequentially(SuiteRunner.java:329)
	at org.testng.SuiteRunner.privateRun(SuiteRunner.java:291)
	at org.testng.SuiteRunner.run(SuiteRunner.java:240)
	at org.testng.SuiteRunnerWorker.runSuite(SuiteRunnerWorker.java:53)
	at org.testng.SuiteRunnerWorker.run(SuiteRunnerWorker.java:87)
	at org.testng.TestNG.runSuitesSequentially(TestNG.java:1188)
	at org.testng.TestNG.runSuitesLocally(TestNG.java:1113)
	at org.testng.TestNG.run(TestNG.java:1025)
	at org.testng.TestNG.privateMain(TestNG.java:1328)
	at org.testng.TestNG.main(TestNG.java:1297)
]]>
    </error>
  </testcase> <!-- test -->
  <testcase name="test" time="2.090" classname="com.letv.ads.util.AutoTest">
    <error type="java.lang.AssertionError" message="测试用例[[public-kjgg-013]开机广告013]在memcached中set key=d053ae95fe3fecfd15ed1c2dbe521055.label,value=[1]时发生错误">
      <![CDATA[java.lang.AssertionError: 测试用例[[public-kjgg-013]开机广告013]在memcached中set key=d053ae95fe3fecfd15ed1c2dbe521055.label,value=[1]时发生错误
	at org.testng.Assert.fail(Assert.java:89)
	at com.letv.ads.util.BaseCase.operateMemcached(Unknown Source)
	at com.letv.ads.util.AutoTest.test(Unknown Source)
	at sun.reflect.GeneratedMethodAccessor3.invoke(Unknown Source)
	at sun.reflect.DelegatingMethodAccessorImpl.invoke(Unknown Source)
	at java.lang.reflect.Method.invoke(Unknown Source)
	at org.testng.internal.MethodInvocationHelper.invokeMethod(MethodInvocationHelper.java:80)
	at org.testng.internal.Invoker.invokeMethod(Invoker.java:702)
	at org.testng.internal.Invoker.invokeTestMethod(Invoker.java:894)
	at org.testng.internal.Invoker.invokeTestMethods(Invoker.java:1219)
	at org.testng.internal.TestMethodWorker.invokeTestMethods(TestMethodWorker.java:127)
	at org.testng.internal.TestMethodWorker.run(TestMethodWorker.java:111)
	at org.testng.TestRunner.privateRun(TestRunner.java:768)
	at org.testng.TestRunner.run(TestRunner.java:617)
	at org.testng.SuiteRunner.runTest(SuiteRunner.java:334)
	at org.testng.SuiteRunner.runSequentially(SuiteRunner.java:329)
	at org.testng.SuiteRunner.privateRun(SuiteRunner.java:291)
	at org.testng.SuiteRunner.run(SuiteRunner.java:240)
	at org.testng.SuiteRunnerWorker.runSuite(SuiteRunnerWorker.java:53)
	at org.testng.SuiteRunnerWorker.run(SuiteRunnerWorker.java:87)
	at org.testng.TestNG.runSuitesSequentially(TestNG.java:1188)
	at org.testng.TestNG.runSuitesLocally(TestNG.java:1113)
	at org.testng.TestNG.run(TestNG.java:1025)
	at org.testng.TestNG.privateMain(TestNG.java:1328)
	at org.testng.TestNG.main(TestNG.java:1297)
]]>
    </error>
  </testcase> <!-- test -->
  <testcase name="test" time="1.054" classname="com.letv.ads.util.AutoTest">
    <error type="java.lang.AssertionError" message="[public-qzzt-012]测试未通过，部分字段未通过验证！ expected:&lt;ok&gt; but was:&lt;测试用例：[public-qzzt-012]字段校验失败！-----[/VAST/Ad[1]/@id]的期望值是----1  实际值是------[/VAST/Ad[@id=&#039;1&#039;]/@order_item_id]的期望值是----1  实际值是------[VAST/Ad[1]/@ord]的期望值是----1  实际值是------[/VAST/Policy/CuePoint/@id]的期望值是----1  实际值是----4368--[/VAST/Ad[2]/@id]的期望值是----2  实际值是------[/VAST/Ad[@id=&#039;2&#039;]/@order_item_id]的期望值是----2  实际值是------[VAST/Ad[2]/@ord]的期望值是----3  实际值是----&gt;">
[...]
	at org.testng.TestNG.privateMain(TestNG.java:1328)
	at org.testng.TestNG.main(TestNG.java:1297)
]]>
    </error>
  </testcase> <!-- test -->
  <testcase name="test" time="1.081" classname="com.letv.ads.util.AutoTest">
    <error type="java.lang.AssertionError" message="[[public-dtsc-042]短视频广告时长动态配置042]测试未通过，部分字段未通过验证！ expected:&lt;ok&gt; but was:&lt;测试用例：[[public-dtsc-042]短视频广告时长动态配置042]字段校验失败！-----[/VAST/Ad[1]/@order_item_id]的期望值是----1  实际值是------[/VAST/Policy/CuePoint[1]/@duration]的期望值是----45  实际值是----1&gt;">
      <![CDATA[java.lang.AssertionError: [[public-dtsc-042]短视频广告时长动态配置042]测试未通过，部分字段未通过验证！ expected:<ok> but was:<测试用例：[[public-dtsc-042]短视频广告时长动态配置042]字段校验失败！-----[/VAST/Ad[1]/@order_item_id]的期望值是----1  实际值是------[/VAST/Policy/CuePoint[1]/@duration]的期望值是----45  实际值是----1>
	at org.testng.Assert.fail(Assert.java:89)
	at org.testng.Assert.failNotEquals(Assert.java:489)
	at org.testng.Assert.assertEquals(Assert.java:118)
	at org.testng.Assert.assertEquals(Assert.java:171)
	at com.letv.ads.util.AutoTest.test(Unknown Source)
	at sun.reflect.GeneratedMethodAccessor3.invoke(Unknown Source)
	at sun.reflect.DelegatingMethodAccessorImpl.invoke(Unknown Source)
	at java.lang.reflect.Method.invoke(Unknown Source)
	at org.testng.internal.MethodInvocationHelper.invokeMethod(MethodInvocationHelper.java:80)
	at org.testng.internal.Invoker.invokeMethod(Invoker.java:702)
	at org.testng.internal.Invoker.invokeTestMethod(Invoker.java:894)
	at org.testng.internal.Invoker.invokeTestMethods(Invoker.java:1219)
	at org.testng.internal.TestMethodWorker.invokeTestMethods(TestMethodWorker.java:127)
	at org.testng.internal.TestMethodWorker.run(TestMethodWorker.java:111)
	at org.testng.TestRunner.privateRun(TestRunner.java:768)
	at org.testng.TestRunner.run(TestRunner.java:617)
	at org.testng.SuiteRunner.runTest(SuiteRunner.java:334)
	at org.testng.SuiteRunner.runSequentially(SuiteRunner.java:329)
	at org.testng.SuiteRunner.privateRun(SuiteRunner.java:291)
	at org.testng.SuiteRunner.run(SuiteRunner.java:240)
	at org.testng.SuiteRunnerWorker.runSuite(SuiteRunnerWorker.java:53)
	at org.testng.SuiteRunnerWorker.run(SuiteRunnerWorker.java:87)
	at org.testng.TestNG.runSuitesSequentially(TestNG.java:1188)
	at org.testng.TestNG.runSuitesLocally(TestNG.java:1113)
	at org.testng.TestNG.run(TestNG.java:1025)
	at org.testng.TestNG.privateMain(TestNG.java:1328)
	at org.testng.TestNG.main(TestNG.java:1297)
]]>
    </error>
  </testcase> <!-- test -->
  <testcase name="test" time="1.030" classname="com.letv.ads.util.AutoTest">
    <error type="java.lang.AssertionError" message="[[public-dtsc-040]短视频广告时长动态配置040]测试未通过，部分字段未通过验证！ expected:&lt;ok&gt; but was:&lt;测试用例：[[public-dtsc-040]短视频广告时长动态配置040]字段校验失败！-----[/VAST/Ad[1]/@order_item_id]的期望值是----1  实际值是------[/VAST/Policy/CuePoint[1]/@duration]的期望值是----30  实际值是----1&gt;">
      <![CDATA[java.lang.AssertionError: [[public-dtsc-040]短视频广告时长动态配置040]测试未通过，部分字段未通过验证！ expected:<ok> but was:<测试用例：[[public-dtsc-040]短视频广告时长动态配置040]字段校验失败！-----[/VAST/Ad[1]/@order_item_id]的期望值是----1  实际值是------[/VAST/Policy/CuePoint[1]/@duration]的期望值是----30  实际值是----1>
	at org.testng.Assert.fail(Assert.java:89)
	at org.testng.Assert.failNotEquals(Assert.java:489)
	at org.testng.Assert.assertEquals(Assert.java:118)
	at org.testng.Assert.assertEquals(Assert.java:171)
	at com.letv.ads.util.AutoTest.test(Unknown Source)
	at sun.reflect.GeneratedMethodAccessor3.invoke(Unknown Source)
	at sun.reflect.DelegatingMethodAccessorImpl.invoke(Unknown Source)
	at java.lang.reflect.Method.invoke(Unknown Source)
	at org.testng.internal.MethodInvocationHelper.invokeMethod(MethodInvocationHelper.java:80)
	at org.testng.internal.Invoker.invokeMethod(Invoker.java:702)
	at org.testng.internal.Invoker.invokeTestMethod(Invoker.java:894)
	at org.testng.internal.Invoker.invokeTestMethods(Invoker.java:1219)
	at org.testng.internal.TestMethodWorker.invokeTestMethods(TestMethodWorker.java:127)
	at org.testng.internal.TestMethodWorker.run(TestMethodWorker.java:111)
	at org.testng.TestRunner.privateRun(TestRunner.java:768)
	at org.testng.TestRunner.run(TestRunner.java:617)
	at org.testng.SuiteRunner.runTest(SuiteRunner.java:334)
	at org.testng.SuiteRunner.runSequentially(SuiteRunner.java:329)
	at org.testng.SuiteRunner.privateRun(SuiteRunner.java:291)
	at org.testng.SuiteRunner.run(SuiteRunner.java:240)
	at org.testng.SuiteRunnerWorker.runSuite(SuiteRunnerWorker.java:53)
	at org.testng.SuiteRunnerWorker.run(SuiteRunnerWorker.java:87)
	at org.testng.TestNG.runSuitesSequentially(TestNG.java:1188)
	at org.testng.TestNG.runSuitesLocally(TestNG.java:1113)
	at org.testng.TestNG.run(TestNG.java:1025)
	at org.testng.TestNG.privateMain(TestNG.java:1328)
	at org.testng.TestNG.main(TestNG.java:1297)
]]>
    </error>
  </testcase> <!-- test -->
  <testcase name="test" time="2.184" classname="com.letv.ads.util.AutoTest">
    <error type="java.lang.AssertionError" message="测试用例[[public-ydddl-004]-移动端导流004]在memcached中set key=3a4ab747cf1e86f88e4b3759d8027893.v,value=1450160090时发生错误">
      <![CDATA[java.lang.AssertionError: 测试用例[[public-ydddl-004]-移动端导流004]在memcached中set key=3a4ab747cf1e86f88e4b3759d8027893.v,value=1450160090时发生错误
	at org.testng.Assert.fail(Assert.java:89)
	at com.letv.ads.util.BaseCase.operateMemcached(Unknown Source)
	at com.letv.ads.util.AutoTest.test(Unknown Source)
	at sun.reflect.GeneratedMethodAccessor3.invoke(Unknown Source)
	at sun.reflect.DelegatingMethodAccessorImpl.invoke(Unknown Source)
	at java.lang.reflect.Method.invoke(Unknown Source)
	at org.testng.internal.MethodInvocationHelper.invokeMethod(MethodInvocationHelper.java:80)
	at org.testng.internal.Invoker.invokeMethod(Invoker.java:702)
	at org.testng.internal.Invoker.invokeTestMethod(Invoker.java:894)
	at org.testng.internal.Invoker.invokeTestMethods(Invoker.java:1219)
	at org.testng.internal.TestMethodWorker.invokeTestMethods(TestMethodWorker.java:127)
	at org.testng.internal.TestMethodWorker.run(TestMethodWorker.java:111)
	at org.testng.TestRunner.privateRun(TestRunner.java:768)
	at org.testng.TestRunner.run(TestRunner.java:617)
	at org.testng.SuiteRunner.runTest(SuiteRunner.java:334)
	at org.testng.SuiteRunner.runSequentially(SuiteRunner.java:329)
	at org.testng.SuiteRunner.privateRun(SuiteRunner.java:291)
	at org.testng.SuiteRunner.run(SuiteRunner.java:240)
	at org.testng.SuiteRunnerWorker.runSuite(SuiteRunnerWorker.java:53)
	at org.testng.SuiteRunnerWorker.run(SuiteRunnerWorker.java:87)
	at org.testng.TestNG.runSuitesSequentially(TestNG.java:1188)
	at org.testng.TestNG.runSuitesLocally(TestNG.java:1113)
	at org.testng.TestNG.run(TestNG.java:1025)
	at org.testng.TestNG.privateMain(TestNG.java:1328)
	at org.testng.TestNG.main(TestNG.java:1297)
]]>
    </error>
  </testcase> <!-- test -->
  <testcase name="test" time="6.605" classname="com.letv.ads.util.AutoTest">
    <error type="java.lang.AssertionError" message="[public-model-012]测试未通过，部分字段未通过验证！ expected:&lt;ok&gt; but was:&lt;测试用例：[public-model-012]字段校验失败！-----[/VAST/Ad[1]/@order_item_id]的期望值是----1  实际值是------[/VAST/Ad[2]/@order_item_id]的期望值是----2  实际值是------[/VAST/Ad[3]/@order_item_id]的期望值是----3  实际值是----&gt;">
      <![CDATA[java.lang.AssertionError: [public-model-012]测试未通过，部分字段未通过验证！ expected:<ok> but was:<测试用例：[public-model-012]字段校验失败！-----[/VAST/Ad[1]/@order_item_id]的期望值是----1  实际值是------[/VAST/Ad[2]/@order_item_id]的期望值是----2  实际值是------[/VAST/Ad[3]/@order_item_id]的期望值是----3  实际值是---->
	at org.testng.Assert.fail(Assert.java:89)
	at org.testng.Assert.failNotEquals(Assert.java:489)
	at org.testng.Assert.assertEquals(Assert.java:118)
	at org.testng.Assert.assertEquals(Assert.java:171)
	at com.letv.ads.util.AutoTest.test(Unknown Source)
	at sun.reflect.GeneratedMethodAccessor3.invoke(Unknown Source)
	at sun.reflect.DelegatingMethodAccessorImpl.invoke(Unknown Source)
	at java.lang.reflect.Method.invoke(Unknown Source)
	at org.testng.internal.MethodInvocationHelper.invokeMethod(MethodInvocationHelper.java:80)
	at org.testng.internal.Invoker.invokeMethod(Invoker.java:702)
	at org.testng.internal.Invoker.invokeTestMethod(Invoker.java:894)
	at org.testng.internal.Invoker.invokeTestMethods(Invoker.java:1219)
	at org.testng.internal.TestMethodWorker.invokeTestMethods(TestMethodWorker.java:127)
	at org.testng.internal.TestMethodWorker.run(TestMethodWorker.java:111)
	at org.testng.TestRunner.privateRun(TestRunner.java:768)
	at org.testng.TestRunner.run(TestRunner.java:617)
	at org.testng.SuiteRunner.runTest(SuiteRunner.java:334)
	at org.testng.SuiteRunner.runSequentially(SuiteRunner.java:329)
	at org.testng.SuiteRunner.privateRun(SuiteRunner.java:291)
	at org.testng.SuiteRunner.run(SuiteRunner.java:240)
	at org.testng.SuiteRunnerWorker.runSuite(SuiteRunnerWorker.java:53)
	at org.testng.SuiteRunnerWorker.run(SuiteRunnerWorker.java:87)
	at org.testng.TestNG.runSuitesSequentially(TestNG.java:1188)
	at org.testng.TestNG.runSuitesLocally(TestNG.java:1113)
	at org.testng.TestNG.run(TestNG.java:1025)
	at org.testng.TestNG.privateMain(TestNG.java:1328)
	at org.testng.TestNG.main(TestNG.java:1297)
]]>
    </error>
  </testcase> <!-- test -->
  <testcase name="test" time="1.055" classname="com.letv.ads.util.AutoTest"/>
  <testcase name="test" time="1.107" classname="com.letv.ads.util.AutoTest"/>
  <testcase name="test" time="1.100" classname="com.letv.ads.util.AutoTest"/>
  <testcase name="test" time="0.016" classname="com.letv.ads.util.AutoTest">
    <error type="java.lang.AssertionError" message="[[public-tcl-025]TCL-欢网广告接入方舟025]测试未通过，tracking返回值[error 100004]与期望值[ok]不相等！ expected:&lt;ok&gt; but was:&lt;error 100004&gt;">
      <![CDATA[java.lang.AssertionError: [[public-tcl-025]TCL-欢网广告接入方舟025]测试未通过，tracking返回值[error 100004]与期望值[ok]不相等！ expected:<ok> but was:<error 100004>
	at org.testng.Assert.fail(Assert.java:89)
	at org.testng.Assert.failNotEquals(Assert.java:489)
	at org.testng.Assert.assertEquals(Assert.java:118)
	at org.testng.Assert.assertEquals(Assert.java:171)
	at com.letv.ads.util.AutoTest.test(Unknown Source)
	at sun.reflect.GeneratedMethodAccessor3.invoke(Unknown Source)
	at sun.reflect.DelegatingMethodAccessorImpl.invoke(Unknown Source)
	at java.lang.reflect.Method.invoke(Unknown Source)
	at org.testng.internal.MethodInvocationHelper.invokeMethod(MethodInvocationHelper.java:80)
	at org.testng.internal.Invoker.invokeMethod(Invoker.java:702)
	at org.testng.internal.Invoker.invokeTestMethod(Invoker.java:894)
	at org.testng.internal.Invoker.invokeTestMethods(Invoker.java:1219)
	at org.testng.internal.TestMethodWorker.invokeTestMethods(TestMethodWorker.java:127)
	at org.testng.internal.TestMethodWorker.run(TestMethodWorker.java:111)
	at org.testng.TestRunner.privateRun(TestRunner.java:768)
	at org.testng.TestRunner.run(TestRunner.java:617)
	at org.testng.SuiteRunner.runTest(SuiteRunner.java:334)
	at org.testng.SuiteRunner.runSequentially(SuiteRunner.java:329)
	at org.testng.SuiteRunner.privateRun(SuiteRunner.java:291)
	at org.testng.SuiteRunner.run(SuiteRunner.java:240)
	at org.testng.SuiteRunnerWorker.runSuite(SuiteRunnerWorker.java:53)
	at org.testng.SuiteRunnerWorker.run(SuiteRunnerWorker.java:87)
	at org.testng.TestNG.runSuitesSequentially(TestNG.java:1188)
	at org.testng.TestNG.runSuitesLocally(TestNG.java:1113)
	at org.testng.TestNG.run(TestNG.java:1025)
	at org.testng.TestNG.privateMain(TestNG.java:1328)
	at org.testng.TestNG.main(TestNG.java:1297)
]]>
    </error>
  </testcase> <!-- test -->
  <testcase name="test" time="1.171" classname="com.letv.ads.util.AutoTest">
    <error type="java.lang.AssertionError" message="[[public-tcl-009]TCL-欢网广告接入方舟009]测试未通过，部分字段未通过验证！ expected:&lt;ok&gt; but was:&lt;测试用例：[[public-tcl-009]TCL-欢网广告接入方舟009]字段校验失败！-----[/VAST/Ad[1]/@order_item_id]的期望值是----1  实际值是----&gt;">
      <![CDATA[java.lang.AssertionError: [[public-tcl-009]TCL-欢网广告接入方舟009]测试未通过，部分字段未通过验证！ expected:<ok> but was:<测试用例：[[public-tcl-009]TCL-欢网广告接入方舟009]字段校验失败！-----[/VAST/Ad[1]/@order_item_id]的期望值是----1  实际值是---->
	at org.testng.Assert.fail(Assert.java:89)
	at org.testng.Assert.failNotEquals(Assert.java:489)
	at org.testng.Assert.assertEquals(Assert.java:118)
	at org.testng.Assert.assertEquals(Assert.java:171)
	at com.letv.ads.util.AutoTest.test(Unknown Source)
	at sun.reflect.GeneratedMethodAccessor3.invoke(Unknown Source)
	at sun.reflect.DelegatingMethodAccessorImpl.invoke(Unknown Source)
	at java.lang.reflect.Method.invoke(Unknown Source)
	at org.testng.internal.MethodInvocationHelper.invokeMethod(MethodInvocationHelper.java:80)
	at org.testng.internal.Invoker.invokeMethod(Invoker.java:702)
	at org.testng.internal.Invoker.invokeTestMethod(Invoker.java:894)
	at org.testng.internal.Invoker.invokeTestMethods(Invoker.java:1219)
	at org.testng.internal.TestMethodWorker.invokeTestMethods(TestMethodWorker.java:127)
	at org.testng.internal.TestMethodWorker.run(TestMethodWorker.java:111)
	at org.testng.TestRunner.privateRun(TestRunner.java:768)
	at org.testng.TestRunner.run(TestRunner.java:617)
	at org.testng.SuiteRunner.runTest(SuiteRunner.java:334)
	at org.testng.SuiteRunner.runSequentially(SuiteRunner.java:329)
	at org.testng.SuiteRunner.privateRun(SuiteRunner.java:291)
	at org.testng.SuiteRunner.run(SuiteRunner.java:240)
	at org.testng.SuiteRunnerWorker.runSuite(SuiteRunnerWorker.java:53)
	at org.testng.SuiteRunnerWorker.run(SuiteRunnerWorker.java:87)
	at org.testng.TestNG.runSuitesSequentially(TestNG.java:1188)
	at org.testng.TestNG.runSuitesLocally(TestNG.java:1113)
	at org.testng.TestNG.run(TestNG.java:1025)
	at org.testng.TestNG.privateMain(TestNG.java:1328)
	at org.testng.TestNG.main(TestNG.java:1297)
]]>
    </error>
  </testcase> <!-- test -->
  <testcase name="test" time="1.068" classname="com.letv.ads.util.AutoTest">
    <error type="java.lang.AssertionError" message="[[public-tcl-003]TCL-欢网广告接入方舟003]测试未通过，部分字段未通过验证！ expected:&lt;ok&gt; but was:&lt;测试用例：[[public-tcl-003]TCL-欢网广告接入方舟003]字段校验失败！-----[/VAST/Ad[1]/@order_item_id]的期望值是----1  实际值是----&gt;">
      <![CDATA[java.lang.AssertionError: [[public-tcl-003]TCL-欢网广告接入方舟003]测试未通过，部分字段未通过验证！ expected:<ok> but was:<测试用例：[[public-tcl-003]TCL-欢网广告接入方舟003]字段校验失败！-----[/VAST/Ad[1]/@order_item_id]的期望值是----1  实际值是---->
	at org.testng.Assert.fail(Assert.java:89)
	at org.testng.Assert.failNotEquals(Assert.java:489)
	at org.testng.Assert.assertEquals(Assert.java:118)
	at org.testng.Assert.assertEquals(Assert.java:171)
	at com.letv.ads.util.AutoTest.test(Unknown Source)
	at sun.reflect.GeneratedMethodAccessor3.invoke(Unknown Source)
	at sun.reflect.DelegatingMethodAccessorImpl.invoke(Unknown Source)
	at java.lang.reflect.Method.invoke(Unknown Source)
	at org.testng.internal.MethodInvocationHelper.invokeMethod(MethodInvocationHelper.java:80)
	at org.testng.internal.Invoker.invokeMethod(Invoker.java:702)
	at org.testng.internal.Invoker.invokeTestMethod(Invoker.java:894)
	at org.testng.internal.Invoker.invokeTestMethods(Invoker.java:1219)
	at org.testng.internal.TestMethodWorker.invokeTestMethods(TestMethodWorker.java:127)
	at org.testng.internal.TestMethodWorker.run(TestMethodWorker.java:111)
	at org.testng.TestRunner.privateRun(TestRunner.java:768)
	at org.testng.TestRunner.run(TestRunner.java:617)
	at org.testng.SuiteRunner.runTest(SuiteRunner.java:334)
	at org.testng.SuiteRunner.runSequentially(SuiteRunner.java:329)
	at org.testng.SuiteRunner.privateRun(SuiteRunner.java:291)
	at org.testng.SuiteRunner.run(SuiteRunner.java:240)
	at org.testng.SuiteRunnerWorker.runSuite(SuiteRunnerWorker.java:53)
	at org.testng.SuiteRunnerWorker.run(SuiteRunnerWorker.java:87)
	at org.testng.TestNG.runSuitesSequentially(TestNG.java:1188)
	at org.testng.TestNG.runSuitesLocally(TestNG.java:1113)
	at org.testng.TestNG.run(TestNG.java:1025)
	at org.testng.TestNG.privateMain(TestNG.java:1328)
	at org.testng.TestNG.main(TestNG.java:1297)
]]>
    </error>
  </testcase> <!-- test -->
  <testcase name="test" time="1.061" classname="com.letv.ads.util.AutoTest">
    <error type="java.lang.AssertionError" message="[[public-kjgg-010]开机广告010]轮播测试中，广告order_item_id[]重复出现，测试失败！">
      <![CDATA[java.lang.AssertionError: [[public-kjgg-010]开机广告010]轮播测试中，广告order_item_id[]重复出现，测试失败！
	at org.testng.Assert.fail(Assert.java:89)
	at com.letv.ads.util.AutoTest.test(Unknown Source)
	at sun.reflect.GeneratedMethodAccessor3.invoke(Unknown Source)
	at sun.reflect.DelegatingMethodAccessorImpl.invoke(Unknown Source)
	at java.lang.reflect.Method.invoke(Unknown Source)
	at org.testng.internal.MethodInvocationHelper.invokeMethod(MethodInvocationHelper.java:80)
	at org.testng.internal.Invoker.invokeMethod(Invoker.java:702)
	at org.testng.internal.Invoker.invokeTestMethod(Invoker.java:894)
	at org.testng.internal.Invoker.invokeTestMethods(Invoker.java:1219)
	at org.testng.internal.TestMethodWorker.invokeTestMethods(TestMethodWorker.java:127)
	at org.testng.internal.TestMethodWorker.run(TestMethodWorker.java:111)
	at org.testng.TestRunner.privateRun(TestRunner.java:768)
	at org.testng.TestRunner.run(TestRunner.java:617)
	at org.testng.SuiteRunner.runTest(SuiteRunner.java:334)
	at org.testng.SuiteRunner.runSequentially(SuiteRunner.java:329)
	at org.testng.SuiteRunner.privateRun(SuiteRunner.java:291)
	at org.testng.SuiteRunner.run(SuiteRunner.java:240)
	at org.testng.SuiteRunnerWorker.runSuite(SuiteRunnerWorker.java:53)
	at org.testng.SuiteRunnerWorker.run(SuiteRunnerWorker.java:87)
	at org.testng.TestNG.runSuitesSequentially(TestNG.java:1188)
	at org.testng.TestNG.runSuitesLocally(TestNG.java:1113)
	at org.testng.TestNG.run(TestNG.java:1025)
	at org.testng.TestNG.privateMain(TestNG.java:1328)
	at org.testng.TestNG.main(TestNG.java:1297)
]]>
    </error>
  </testcase> <!-- test -->
  <testcase name="test" time="0.062" classname="com.letv.ads.util.AutoTest"/>
  <testcase name="test" time="2.051" classname="com.letv.ads.util.AutoTest">
    <error type="java.lang.AssertionError" message="测试用例[[public-kjgg-012]开机广告012]在memcached中set key=d053ae95fe3fecfd15ed1c2dbe521055.label,value=[1]时发生错误">
      <![CDATA[java.lang.AssertionError: 测试用例[[public-kjgg-012]开机广告012]在memcached中set key=d053ae95fe3fecfd15ed1c2dbe521055.label,value=[1]时发生错误
	at org.testng.Assert.fail(Assert.java:89)
	at com.letv.ads.util.BaseCase.operateMemcached(Unknown Source)
	at com.letv.ads.util.AutoTest.test(Unknown Source)
	at sun.reflect.GeneratedMethodAccessor3.invoke(Unknown Source)
	at sun.reflect.DelegatingMethodAccessorImpl.invoke(Unknown Source)
	at java.lang.reflect.Method.invoke(Unknown Source)
	at org.testng.internal.MethodInvocationHelper.invokeMethod(MethodInvocationHelper.java:80)
	at org.testng.internal.Invoker.invokeMethod(Invoker.java:702)
	at org.testng.internal.Invoker.invokeTestMethod(Invoker.java:894)
	at org.testng.internal.Invoker.invokeTestMethods(Invoker.java:1219)
	at org.testng.internal.TestMethodWorker.invokeTestMethods(TestMethodWorker.java:127)
	at org.testng.internal.TestMethodWorker.run(TestMethodWorker.java:111)
	at org.testng.TestRunner.privateRun(TestRunner.java:768)
	at org.testng.TestRunner.run(TestRunner.java:617)
	at org.testng.SuiteRunner.runTest(SuiteRunner.java:334)
	at org.testng.SuiteRunner.runSequentially(SuiteRunner.java:329)
	at org.testng.SuiteRunner.privateRun(SuiteRunner.java:291)
	at org.testng.SuiteRunner.run(SuiteRunner.java:240)
	at org.testng.SuiteRunnerWorker.runSuite(SuiteRunnerWorker.java:53)
	at org.testng.SuiteRunnerWorker.run(SuiteRunnerWorker.java:87)
	at org.testng.TestNG.runSuitesSequentially(TestNG.java:1188)
	at org.testng.TestNG.runSuitesLocally(TestNG.java:1113)
	at org.testng.TestNG.run(TestNG.java:1025)
	at org.testng.TestNG.privateMain(TestNG.java:1328)
	at org.testng.TestNG.main(TestNG.java:1297)
]]>
    </error>
  </testcase> <!-- test -->
</testsuite> <!-- com.letv.ads.util.AutoTest -->
